%Cpu:  4.3 us,  2.8 sy,  0.0 ni, 91.0 id,  1.9 wa,  0.0 hi,  0.0 si,  0.0 st 
  72350 eunji     20   0  250688  53140  24516 D  63.6   0.2   0:00.12 python
%Cpu:  2.4 us,  1.3 sy,  0.0 ni, 94.7 id,  1.6 wa,  0.0 hi,  0.0 si,  0.0 st 
  72350 eunji     20   0 8321368 322136 183556 R  68.3   1.0   0:00.81 python
%Cpu:  4.3 us,  7.0 sy,  0.0 ni, 87.7 id,  0.9 wa,  0.0 hi,  0.0 si,  0.0 st 
  72350 eunji     20   0   10.0g 423508 235940 R 217.8   1.3   0:03.01 python
%Cpu:  1.8 us,  3.1 sy,  0.0 ni, 94.1 id,  0.9 wa,  0.0 hi,  0.0 si,  0.0 st 
  72350 eunji     20   0   11.2g   1.6g 236748 R  80.2   5.1   0:03.82 python
%Cpu:  4.5 us,  0.8 sy,  0.0 ni, 94.4 id,  0.3 wa,  0.0 hi,  0.0 si,  0.0 st 
  72350 eunji     20   0   11.8g   2.2g 236748 R 100.0   7.1   0:04.83 python
%Cpu:  4.6 us,  0.8 sy,  0.0 ni, 94.6 id,  0.0 wa,  0.0 hi,  0.0 si,  0.0 st 
  72350 eunji     20   0   12.4g   2.8g 236748 R  99.0   9.0   0:05.83 python
%Cpu:  4.4 us,  1.1 sy,  0.0 ni, 94.5 id,  0.0 wa,  0.0 hi,  0.0 si,  0.0 st 
  72350 eunji     20   0   11.7g   2.1g 236748 R  98.0   6.8   0:06.81 python
%Cpu:  3.6 us,  1.6 sy,  0.0 ni, 93.8 id,  0.9 wa,  0.0 hi,  0.0 si,  0.0 st 
  72350 eunji     20   0   13.0g   2.8g 477928 R  80.2   8.9   0:07.62 python
%Cpu:  3.0 us,  1.6 sy,  0.0 ni, 94.7 id,  0.7 wa,  0.0 hi,  0.0 si,  0.0 st 
  72350 eunji     20   0   15.0g   4.0g 665144 R  85.1  12.7   0:08.48 python
%Cpu:  2.1 us,  2.8 sy,  0.0 ni, 94.6 id,  0.5 wa,  0.0 hi,  0.0 si,  0.0 st 
  72350 eunji     20   0   17.5g   5.8g 811628 R  91.1  18.5   0:09.40 python
%Cpu:  4.4 us,  1.0 sy,  0.0 ni, 94.5 id,  0.1 wa,  0.0 hi,  0.0 si,  0.0 st 
  72350 eunji     20   0   18.1g   6.4g 811628 R 100.0  20.4   0:10.40 python
%Cpu:  4.6 us,  0.9 sy,  0.0 ni, 94.4 id,  0.1 wa,  0.0 hi,  0.0 si,  0.0 st 
  72350 eunji     20   0   18.7g   7.0g 811628 R 100.0  22.4   0:11.41 python
%Cpu:  4.6 us,  0.8 sy,  0.0 ni, 94.5 id,  0.1 wa,  0.0 hi,  0.0 si,  0.0 st 
  72350 eunji     20   0   18.1g   6.4g 811628 R 100.0  20.5   0:12.42 python
%Cpu:  1.8 us,  0.3 sy,  0.0 ni, 97.8 id,  0.1 wa,  0.0 hi,  0.0 si,  0.0 st 
  72350 eunji     20   0   18.1g   6.4g 811920 S  27.7  20.5   0:12.70 python
%Cpu:  0.3 us,  0.3 sy,  0.0 ni, 99.4 id,  0.0 wa,  0.0 hi,  0.0 si,  0.0 st 
  72350 eunji     20   0   18.1g   6.4g 811920 S   0.0  20.5   0:12.70 python
%Cpu:  0.4 us,  0.5 sy,  0.0 ni, 99.0 id,  0.1 wa,  0.0 hi,  0.0 si,  0.0 st 
  72350 eunji     20   0   18.1g   6.4g 811920 S   1.0  20.5   0:12.71 python
%Cpu:  2.0 us,  2.0 sy,  0.0 ni, 95.9 id,  0.0 wa,  0.0 hi,  0.0 si,  0.0 st 
  72350 eunji     20   0   19.2g   7.5g 811920 R  72.3  24.1   0:13.44 python
%Cpu:  5.1 us,  0.1 sy,  0.0 ni, 94.8 id,  0.0 wa,  0.0 hi,  0.0 si,  0.0 st 
  72350 eunji     20   0   19.2g   7.5g 811920 R 101.0  24.1   0:14.45 python
%Cpu:  5.1 us,  0.3 sy,  0.0 ni, 94.5 id,  0.0 wa,  0.0 hi,  0.0 si,  0.0 st 
  72350 eunji     20   0   19.4g   7.7g 811920 R 101.0  24.7   0:15.47 python
%Cpu:  1.3 us,  0.4 sy,  0.0 ni, 98.3 id,  0.0 wa,  0.0 hi,  0.0 si,  0.0 st 
  72350 eunji     20   0   18.4g   6.7g 811920 S  27.7  21.4   0:15.75 python
%Cpu:  0.3 us,  0.4 sy,  0.0 ni, 99.2 id,  0.1 wa,  0.0 hi,  0.0 si,  0.0 st 
  72350 eunji     20   0   18.4g   6.7g 811920 S   0.0  21.4   0:15.75 python
%Cpu:  1.7 us,  3.1 sy,  0.0 ni, 95.2 id,  0.0 wa,  0.0 hi,  0.0 si,  0.0 st 
  72350 eunji     20   0   18.6g   6.9g 811976 S  51.5  22.2   0:16.27 python
  72735 eunji     20   0 3658332 113632  70320 R  23.8   0.3   0:00.24 python
  72734 eunji     20   0   14064  11232   5704 S   9.9   0.0   0:00.10 python
%Cpu:  4.9 us,  7.2 sy,  0.0 ni, 87.8 id,  0.0 wa,  0.0 hi,  0.0 si,  0.0 st 
  72735 eunji     20   0   10.0g 557836 235304 R 233.7   1.7   0:02.60 python
  72350 eunji     20   0   18.6g   6.9g 811976 S   2.0  22.2   0:16.29 python
  72734 eunji     20   0   14064  11232   5704 S   0.0   0.0   0:00.10 python
%Cpu:  3.3 us,  2.6 sy,  0.0 ni, 94.0 id,  0.1 wa,  0.0 hi,  0.0 si,  0.0 st 
  72797 eunji     20   0 8301716 304628 185740 R  52.5   0.9   0:00.53 python
  72350 eunji     20   0   18.6g   6.9g 811976 S  44.6  22.2   0:16.74 python
  72735 eunji     20   0   10.1g 687332 235456 S  11.9   2.1   0:02.72 python
  72734 eunji     20   0   14064  11232   5704 S   0.0   0.0   0:00.10 python
%Cpu:  4.8 us,  8.0 sy,  0.0 ni, 87.2 id,  0.0 wa,  0.0 hi,  0.0 si,  0.0 st 
  72797 eunji     20   0   10.1g 687408 235536 S 224.8   2.1   0:02.80 python
  72350 eunji     20   0   18.7g   6.9g 811976 R  23.8  22.0   0:16.98 python
  72734 eunji     20   0   14064  11232   5704 S   0.0   0.0   0:00.10 python
  72735 eunji     20   0   10.1g 687332 235456 S   0.0   2.1   0:02.72 python
%Cpu:  3.5 us,  2.1 sy,  0.0 ni, 94.3 id,  0.1 wa,  0.0 hi,  0.0 si,  0.0 st 
  72898 eunji     20   0 8331016 330028 188640 R  79.0   1.0   0:00.79 python
  72350 eunji     20   0   18.6g   6.9g 811976 S  23.0  22.2   0:17.21 python
  72734 eunji     20   0   14064  11232   5704 S   0.0   0.0   0:00.10 python
  72735 eunji     20   0   10.1g 687332 235456 S   0.0   2.1   0:02.72 python
  72797 eunji     20   0   10.1g 687408 235536 S   0.0   2.1   0:02.80 python
%Cpu:  3.9 us,  8.7 sy,  0.0 ni, 87.4 id,  0.0 wa,  0.0 hi,  0.0 si,  0.0 st 
  72898 eunji     20   0   10.1g 687448 235568 S 198.0   2.1   0:02.79 python
  72350 eunji     20   0   18.6g   6.9g 811976 S  45.5  22.2   0:17.67 python
  72972 eunji     20   0       8      8      0 R   5.9   0.0   0:00.06 python
  72734 eunji     20   0   14064  11232   5704 S   0.0   0.0   0:00.10 python
  72735 eunji     20   0   10.1g 687332 235456 S   0.0   2.1   0:02.72 python
  72797 eunji     20   0   10.1g 687408 235536 S   0.0   2.1   0:02.80 python
%Cpu:  5.0 us,  7.2 sy,  0.0 ni, 87.7 id,  0.0 wa,  0.0 hi,  0.0 si,  0.0 st 
  72972 eunji     20   0 9374972 381260 211632 R 239.6   1.2   0:02.48 python
  72350 eunji     20   0   18.6g   6.9g 811976 S   0.0  22.2   0:17.67 python
  72734 eunji     20   0   14064  11232   5704 S   0.0   0.0   0:00.10 python
  72735 eunji     20   0   10.1g 687332 235456 S   0.0   2.1   0:02.72 python
  72797 eunji     20   0   10.1g 687408 235536 S   0.0   2.1   0:02.80 python
  72898 eunji     20   0   10.1g 687448 235568 S   0.0   2.1   0:02.79 python
%Cpu:  3.6 us,  1.8 sy,  0.0 ni, 93.6 id,  1.0 wa,  0.0 hi,  0.0 si,  0.0 st 
  72350 eunji     20   0   19.0g   6.9g 972400 R  57.4  22.0   0:18.25 python
  72972 eunji     20   0   10.2g 690136 236296 S  33.7   2.1   0:02.82 python
  72735 eunji     20   0   10.2g 689956 236108 S   2.0   2.1   0:02.74 python
  72797 eunji     20   0   10.2g 690092 236248 S   2.0   2.1   0:02.82 python
  72898 eunji     20   0   10.2g 690068 236224 S   1.0   2.1   0:02.80 python
  72734 eunji     20   0   14064  11232   5704 S   0.0   0.0   0:00.10 python
%Cpu:  6.8 us,  0.3 sy,  0.0 ni, 92.8 id,  0.1 wa,  0.0 hi,  0.0 si,  0.0 st 
  72350 eunji     20   0   19.8g   6.9g 983972 R 101.0  22.1   0:19.26 python
  72797 eunji     20   0   10.2g 690240 236312 S   3.0   2.1   0:02.85 python
  72898 eunji     20   0   10.2g 690112 236224 S   3.0   2.1   0:02.83 python
  72972 eunji     20   0   10.2g 690284 236360 S   3.0   2.1   0:02.85 python
  72735 eunji     20   0   10.2g 690008 236108 S   2.0   2.1   0:02.76 python
  72734 eunji     20   0   14064  11232   5704 S   0.0   0.0   0:00.10 python
%Cpu:  8.3 us,  0.9 sy,  0.0 ni, 90.7 id,  0.1 wa,  0.0 hi,  0.0 si,  0.0 st 
  72350 eunji     20   0   19.8g   6.9g 983972 R 101.0  22.1   0:20.28 python
  72735 eunji     20   0   10.2g 690024 236108 S   4.0   2.1   0:02.80 python
  72797 eunji     20   0   10.2g 690260 236312 S   3.0   2.1   0:02.88 python
  72898 eunji     20   0   10.2g 690124 236224 S   3.0   2.1   0:02.86 python
  72972 eunji     20   0   10.2g 690304 236360 S   3.0   2.1   0:02.88 python
  72734 eunji     20   0   14064  11232   5704 S   0.0   0.0   0:00.10 python
%Cpu:  6.8 us,  0.3 sy,  0.0 ni, 92.9 id,  0.0 wa,  0.0 hi,  0.0 si,  0.0 st 
  72350 eunji     20   0   19.8g   6.9g 983972 R 101.0  22.1   0:21.30 python
  72735 eunji     20   0   10.2g 690024 236108 S   4.0   2.1   0:02.84 python
  72797 eunji     20   0   10.2g 690288 236312 S   4.0   2.1   0:02.92 python
  72898 eunji     20   0   10.2g 690248 236288 S   3.0   2.1   0:02.89 python
  72972 eunji     20   0   10.2g 690312 236360 S   3.0   2.1   0:02.91 python
  72734 eunji     20   0   14064  11232   5704 S   0.0   0.0   0:00.10 python
%Cpu:  7.2 us,  0.2 sy,  0.0 ni, 92.6 id,  0.0 wa,  0.0 hi,  0.0 si,  0.0 st 
  72350 eunji     20   0   19.8g   6.9g 983972 R 102.0  22.1   0:22.33 python
  72797 eunji     20   0   10.2g 690288 236312 S   5.9   2.1   0:02.98 python
  72972 eunji     20   0   10.2g 690312 236360 S   5.9   2.1   0:02.97 python
  72898 eunji     20   0   10.2g 690248 236288 S   5.0   2.1   0:02.94 python
  72735 eunji     20   0   10.2g 690024 236108 S   3.0   2.1   0:02.87 python
  72734 eunji     20   0   14064  11232   5704 S   0.0   0.0   0:00.10 python
%Cpu:  7.2 us,  0.4 sy,  0.0 ni, 92.3 id,  0.0 wa,  0.0 hi,  0.0 si,  0.0 st 
  72350 eunji     20   0   19.8g   6.9g 983972 R 102.0  22.1   0:23.35 python
  72797 eunji     20   0   10.2g 690292 236312 S   6.0   2.1   0:03.04 python
  72898 eunji     20   0   10.2g 690248 236288 S   5.0   2.1   0:02.99 python
  72972 eunji     20   0   10.2g 690316 236360 S   5.0   2.1   0:03.02 python
  72735 eunji     20   0   10.2g 690028 236108 S   3.0   2.1   0:02.90 python
  72734 eunji     20   0   14064  11232   5704 S   0.0   0.0   0:00.10 python
%Cpu:  6.9 us,  0.2 sy,  0.0 ni, 92.9 id,  0.0 wa,  0.0 hi,  0.0 si,  0.0 st 
  72350 eunji     20   0   19.8g   6.9g 983972 R 102.0  22.1   0:24.38 python
  72797 eunji     20   0   10.2g 690292 236312 S   4.0   2.1   0:03.08 python
  72898 eunji     20   0   10.2g 690256 236288 S   4.0   2.1   0:03.03 python
  72972 eunji     20   0   10.2g 690320 236360 S   4.0   2.1   0:03.06 python
  72735 eunji     20   0   10.2g 690032 236108 S   2.0   2.1   0:02.92 python
  72734 eunji     20   0   14064  11232   5704 S   0.0   0.0   0:00.10 python
%Cpu:  9.2 us,  0.6 sy,  0.0 ni, 90.1 id,  0.1 wa,  0.0 hi,  0.0 si,  0.0 st 
  72350 eunji     20   0   19.8g   6.9g 983972 R 100.0  22.1   0:25.39 python
  72735 eunji     20   0   10.2g 690048 236108 S   4.0   2.1   0:02.96 python
  72797 eunji     20   0   10.2g 690308 236312 S   4.0   2.1   0:03.12 python
  72898 eunji     20   0   10.2g 690264 236288 S   4.0   2.1   0:03.07 python
  72972 eunji     20   0   10.2g 690328 236360 S   2.0   2.1   0:03.08 python
  72734 eunji     20   0   14064  11232   5704 S   0.0   0.0   0:00.10 python
%Cpu: 10.3 us,  0.4 sy,  0.0 ni, 89.3 id,  0.0 wa,  0.0 hi,  0.0 si,  0.0 st 
  72350 eunji     20   0   19.8g   6.9g 983972 R 103.0  22.1   0:26.42 python
  72797 eunji     20   0   10.2g 690308 236312 S   6.0   2.1   0:03.18 python
  72898 eunji     20   0   10.2g 690272 236288 R   4.0   2.1   0:03.11 python
  72972 eunji     20   0   10.2g 690336 236360 S   4.0   2.1   0:03.12 python
  72735 eunji     20   0   10.2g 690048 236108 S   3.0   2.1   0:02.99 python
  72734 eunji     20   0   14064  11232   5704 S   0.0   0.0   0:00.10 python
%Cpu:  8.2 us,  0.7 sy,  0.0 ni, 90.6 id,  0.5 wa,  0.0 hi,  0.0 si,  0.0 st 
  72350 eunji     20   0   19.8g   6.9g 983972 R 101.0  22.1   0:27.44 python
  72797 eunji     20   0   10.2g 690308 236312 S   5.9   2.1   0:03.24 python
  72735 eunji     20   0   10.2g 690048 236108 S   4.0   2.1   0:03.03 python
  72898 eunji     20   0   10.2g 690272 236288 S   3.0   2.1   0:03.14 python
  72972 eunji     20   0   10.2g 690336 236360 S   3.0   2.1   0:03.15 python
  72734 eunji     20   0   14064  11232   5704 S   0.0   0.0   0:00.10 python
%Cpu:  7.1 us,  0.3 sy,  0.0 ni, 92.5 id,  0.0 wa,  0.0 hi,  0.0 si,  0.0 st 
  72350 eunji     20   0   19.8g   6.9g 983972 R 101.0  22.1   0:28.46 python
  72797 eunji     20   0   10.2g 690308 236312 S   4.0   2.1   0:03.28 python
  72898 eunji     20   0   10.2g 690272 236288 S   4.0   2.1   0:03.18 python
  72972 eunji     20   0   10.2g 690336 236360 S   3.0   2.1   0:03.18 python
  72735 eunji     20   0   10.2g 690048 236108 S   2.0   2.1   0:03.05 python
  72734 eunji     20   0   14064  11232   5704 S   0.0   0.0   0:00.10 python
%Cpu:  8.2 us,  0.3 sy,  0.0 ni, 91.4 id,  0.0 wa,  0.0 hi,  0.0 si,  0.0 st 
  72350 eunji     20   0   19.8g   6.9g 983972 R 102.0  22.1   0:29.49 python
  72797 eunji     20   0   10.2g 690308 236312 S   5.9   2.1   0:03.34 python
  72898 eunji     20   0   10.2g 690276 236288 S   4.0   2.1   0:03.22 python
  72735 eunji     20   0   10.2g 690048 236108 S   3.0   2.1   0:03.08 python
  72972 eunji     20   0   10.2g 690336 236360 S   3.0   2.1   0:03.21 python
  72734 eunji     20   0   14064  11232   5704 S   0.0   0.0   0:00.10 python
%Cpu:  8.9 us,  0.6 sy,  0.0 ni, 90.5 id,  0.0 wa,  0.0 hi,  0.0 si,  0.0 st 
  72350 eunji     20   0   19.8g   6.9g 983972 R 102.0  22.1   0:30.51 python
  72797 eunji     20   0   10.2g 690312 236312 S   4.0   2.1   0:03.38 python
  72898 eunji     20   0   10.2g 690276 236288 S   4.0   2.1   0:03.26 python
  72735 eunji     20   0   10.2g 690048 236108 S   3.0   2.1   0:03.11 python
  72972 eunji     20   0   10.2g 690336 236360 S   3.0   2.1   0:03.24 python
  72734 eunji     20   0   14064  11232   5704 S   0.0   0.0   0:00.10 python
%Cpu: 14.9 us,  4.3 sy,  0.0 ni, 80.9 id,  0.0 wa,  0.0 hi,  0.0 si,  0.0 st 
  72350 eunji     20   0   19.8g   6.9g 983972 R  66.7  22.1   0:30.53 python
  72734 eunji     20   0   14064  11232   5704 S   0.0   0.0   0:00.10 python
  72735 eunji     20   0   10.2g 690048 236108 R   0.0   2.1   0:03.11 python
  72797 eunji     20   0   10.2g 690312 236312 S   0.0   2.1   0:03.38 python
  72898 eunji     20   0   10.2g 690276 236288 S   0.0   2.1   0:03.26 python
  72972 eunji     20   0   10.2g 690336 236360 S   0.0   2.1   0:03.24 python
%Cpu: 14.0 us,  2.0 sy,  0.0 ni, 84.0 id,  0.0 wa,  0.0 hi,  0.0 si,  0.0 st 
  72350 eunji     20   0   19.8g   6.9g 983972 R 100.0  22.1   0:30.58 python
  72797 eunji     20   0   10.2g 690312 236312 S  20.0   2.1   0:03.39 python
  72734 eunji     20   0   14064  11232   5704 S   0.0   0.0   0:00.10 python
  72735 eunji     20   0   10.2g 690048 236108 S   0.0   2.1   0:03.11 python
  72898 eunji     20   0   10.2g 690276 236288 S   0.0   2.1   0:03.26 python
  72972 eunji     20   0   10.2g 690336 236360 S   0.0   2.1   0:03.24 python
%Cpu: 20.4 us,  1.3 sy,  0.0 ni, 78.3 id,  0.0 wa,  0.0 hi,  0.0 si,  0.0 st 
  72350 eunji     20   0   19.8g   6.9g 983972 R 114.3  22.1   0:30.66 python
  72898 eunji     20   0   10.2g 690276 236288 S  14.3   2.1   0:03.27 python
  72734 eunji     20   0   14064  11232   5704 S   0.0   0.0   0:00.10 python
  72735 eunji     20   0   10.2g 690048 236108 S   0.0   2.1   0:03.11 python
  72797 eunji     20   0   10.2g 690312 236312 S   0.0   2.1   0:03.39 python
  72972 eunji     20   0   10.2g 690336 236360 S   0.0   2.1   0:03.24 python
%Cpu: 20.9 us,  1.1 sy,  0.0 ni, 78.0 id,  0.0 wa,  0.0 hi,  0.0 si,  0.0 st 
  72350 eunji     20   0   19.8g   6.9g 983972 R 100.0  22.1   0:30.71 python
  72735 eunji     20   0   10.2g 690048 236108 S  40.0   2.1   0:03.13 python
  72734 eunji     20   0   14064  11232   5704 S   0.0   0.0   0:00.10 python
  72797 eunji     20   0   10.2g 690312 236312 S   0.0   2.1   0:03.39 python
  72898 eunji     20   0   10.2g 690276 236288 S   0.0   2.1   0:03.27 python
  72972 eunji     20   0   10.2g 690336 236360 S   0.0   2.1   0:03.24 python
%Cpu: 13.6 us,  1.1 sy,  0.0 ni, 85.2 id,  0.0 wa,  0.0 hi,  0.0 si,  0.0 st 
  72350 eunji     20   0   19.8g   6.9g 983972 R 100.0  22.1   0:30.75 python
  72734 eunji     20   0   14064  11232   5704 S   0.0   0.0   0:00.10 python
  72735 eunji     20   0   10.2g 690048 236108 S   0.0   2.1   0:03.13 python
  72797 eunji     20   0   10.2g 690312 236312 R   0.0   2.1   0:03.39 python
  72898 eunji     20   0   10.2g 690276 236288 S   0.0   2.1   0:03.27 python
  72972 eunji     20   0   10.2g 690336 236360 S   0.0   2.1   0:03.24 python
%Cpu: 12.4 us,  2.1 sy,  0.0 ni, 85.6 id,  0.0 wa,  0.0 hi,  0.0 si,  0.0 st 
  72350 eunji     20   0   19.8g   6.9g 983972 R 100.0  22.1   0:30.80 python
  72734 eunji     20   0   14064  11232   5704 S   0.0   0.0   0:00.10 python
  72735 eunji     20   0   10.2g 690048 236108 S   0.0   2.1   0:03.13 python
  72797 eunji     20   0   10.2g 690312 236312 S   0.0   2.1   0:03.39 python
  72898 eunji     20   0   10.2g 690276 236288 S   0.0   2.1   0:03.27 python
  72972 eunji     20   0   10.2g 690336 236360 S   0.0   2.1   0:03.24 python
%Cpu: 14.0 us,  1.0 sy,  0.0 ni, 85.0 id,  0.0 wa,  0.0 hi,  0.0 si,  0.0 st 
  72350 eunji     20   0   19.8g   6.9g 983972 R 100.0  22.1   0:30.85 python
  72972 eunji     20   0   10.2g 690336 236360 S  20.0   2.1   0:03.25 python
  72734 eunji     20   0   14064  11232   5704 S   0.0   0.0   0:00.10 python
  72735 eunji     20   0   10.2g 690048 236108 S   0.0   2.1   0:03.13 python
  72797 eunji     20   0   10.2g 690312 236312 S   0.0   2.1   0:03.39 python
  72898 eunji     20   0   10.2g 690276 236288 S   0.0   2.1   0:03.27 python
%Cpu: 11.2 us,  0.3 sy,  0.0 ni, 88.5 id,  0.0 wa,  0.0 hi,  0.0 si,  0.0 st 
  72350 eunji     20   0   19.8g   6.9g 983972 R 102.0  22.1   0:31.88 python
  72898 eunji     20   0   10.2g 690276 236288 S   5.0   2.1   0:03.32 python
  72797 eunji     20   0   10.2g 690312 236312 S   4.0   2.1   0:03.43 python
  72972 eunji     20   0   10.2g 690336 236360 S   4.0   2.1   0:03.29 python
  72735 eunji     20   0   10.2g 690048 236108 S   3.0   2.1   0:03.16 python
  72734 eunji     20   0   14064  11232   5704 S   0.0   0.0   0:00.10 python
%Cpu:  9.8 us,  0.3 sy,  0.0 ni, 89.7 id,  0.1 wa,  0.0 hi,  0.0 si,  0.0 st 
  72350 eunji     20   0   19.8g   6.9g 983972 R 101.0  22.1   0:32.90 python
  72797 eunji     20   0   10.2g 690312 236312 S   5.0   2.1   0:03.48 python
  72972 eunji     20   0   10.2g 690336 236360 S   4.0   2.1   0:03.33 python
  72735 eunji     20   0   10.2g 690048 236108 S   3.0   2.1   0:03.19 python
  72898 eunji     20   0   10.2g 690276 236288 S   3.0   2.1   0:03.35 python
  72734 eunji     20   0   14064  11232   5704 S   0.0   0.0   0:00.10 python
%Cpu:  7.3 us,  0.2 sy,  0.0 ni, 92.5 id,  0.0 wa,  0.0 hi,  0.0 si,  0.0 st 
  72350 eunji     20   0   19.8g   6.9g 983972 R 102.0  22.1   0:33.92 python
  72972 eunji     20   0   10.2g 690336 236360 S   6.0   2.1   0:03.39 python
  72735 eunji     20   0   10.2g 690076 236108 S   4.0   2.1   0:03.23 python
  72898 eunji     20   0   10.2g 690276 236288 S   3.0   2.1   0:03.38 python
  72797 eunji     20   0   10.2g 690316 236312 S   2.0   2.1   0:03.50 python
  72734 eunji     20   0   14064  11232   5704 S   0.0   0.0   0:00.10 python
%Cpu: 11.1 us,  0.6 sy,  0.0 ni, 88.2 id,  0.1 wa,  0.0 hi,  0.0 si,  0.0 st 
  72350 eunji     20   0   19.8g   6.9g 983972 R 101.0  22.1   0:34.94 python
  72972 eunji     20   0   10.2g 690336 236360 S   4.0   2.1   0:03.43 python
  72735 eunji     20   0   10.2g 690076 236108 S   3.0   2.1   0:03.26 python
  72797 eunji     20   0   10.2g 690316 236312 S   3.0   2.1   0:03.53 python
  72898 eunji     20   0   10.2g 690276 236288 S   2.0   2.1   0:03.40 python
  72734 eunji     20   0   14064  11232   5704 S   0.0   0.0   0:00.10 python
%Cpu:  8.9 us,  0.4 sy,  0.0 ni, 90.6 id,  0.0 wa,  0.0 hi,  0.0 si,  0.0 st 
  72350 eunji     20   0   19.8g   6.9g 983972 R 102.0  22.1   0:35.97 python
  72797 eunji     20   0   10.2g 690316 236312 S   5.0   2.1   0:03.58 python
  72735 eunji     20   0   10.2g 690076 236108 S   3.0   2.1   0:03.29 python
  72898 eunji     20   0   10.2g 690276 236288 S   3.0   2.1   0:03.43 python
  72972 eunji     20   0   10.2g 690336 236360 S   3.0   2.1   0:03.46 python
  72734 eunji     20   0   14064  11232   5704 S   0.0   0.0   0:00.10 python
%Cpu:  8.8 us,  0.3 sy,  0.0 ni, 90.9 id,  0.0 wa,  0.0 hi,  0.0 si,  0.0 st 
  72350 eunji     20   0   19.8g   6.9g 983972 R 102.0  22.1   0:36.99 python
  72735 eunji     20   0   10.2g 690076 236108 S   4.0   2.1   0:03.33 python
  72797 eunji     20   0   10.2g 690316 236312 S   3.0   2.1   0:03.61 python
  72898 eunji     20   0   10.2g 690276 236288 S   3.0   2.1   0:03.46 python
  72972 eunji     20   0   10.2g 690336 236360 S   3.0   2.1   0:03.49 python
  72734 eunji     20   0   14064  11232   5704 S   0.0   0.0   0:00.10 python
%Cpu: 11.1 us,  1.2 sy,  0.0 ni, 87.7 id,  0.0 wa,  0.0 hi,  0.0 si,  0.0 st 
  72350 eunji     20   0   19.8g   6.9g 983972 R 100.0  22.1   0:37.03 python
  72898 eunji     20   0   10.2g 690276 236288 S  25.0   2.1   0:03.47 python
  72734 eunji     20   0   14064  11232   5704 S   0.0   0.0   0:00.10 python
  72735 eunji     20   0   10.2g 690076 236108 S   0.0   2.1   0:03.33 python
  72797 eunji     20   0   10.2g 690316 236312 S   0.0   2.1   0:03.61 python
  72972 eunji     20   0   10.2g 690336 236360 S   0.0   2.1   0:03.49 python
%Cpu: 11.9 us,  1.5 sy,  0.0 ni, 86.6 id,  0.0 wa,  0.0 hi,  0.0 si,  0.0 st 
  72350 eunji     20   0   19.8g   6.9g 983972 R 114.3  22.1   0:37.11 python
  72735 eunji     20   0   10.2g 690076 236108 S  14.3   2.1   0:03.34 python
  72734 eunji     20   0   14064  11232   5704 S   0.0   0.0   0:00.10 python
  72797 eunji     20   0   10.2g 690316 236312 S   0.0   2.1   0:03.61 python
  72898 eunji     20   0   10.2g 690276 236288 S   0.0   2.1   0:03.47 python
  72972 eunji     20   0   10.2g 690336 236360 S   0.0   2.1   0:03.49 python
%Cpu: 11.4 us,  1.5 sy,  0.0 ni, 87.1 id,  0.0 wa,  0.0 hi,  0.0 si,  0.0 st 
  72350 eunji     20   0   19.8g   6.9g 983972 R  85.7  22.1   0:37.17 python
  72734 eunji     20   0   14064  11232   5704 S   0.0   0.0   0:00.10 python
  72735 eunji     20   0   10.2g 690076 236108 S   0.0   2.1   0:03.34 python
  72797 eunji     20   0   10.2g 690316 236312 S   0.0   2.1   0:03.61 python
  72898 eunji     20   0   10.2g 690276 236288 R   0.0   2.1   0:03.47 python
  72972 eunji     20   0   10.2g 690336 236360 S   0.0   2.1   0:03.49 python
%Cpu: 14.5 us,  1.3 sy,  0.0 ni, 84.2 id,  0.0 wa,  0.0 hi,  0.0 si,  0.0 st 
  72350 eunji     20   0   19.8g   6.9g 983972 R 100.0  22.1   0:37.21 python
  72734 eunji     20   0   14064  11232   5704 S   0.0   0.0   0:00.10 python
  72735 eunji     20   0   10.2g 690076 236108 S   0.0   2.1   0:03.34 python
  72797 eunji     20   0   10.2g 690316 236312 S   0.0   2.1   0:03.61 python
  72898 eunji     20   0   10.2g 690276 236288 S   0.0   2.1   0:03.47 python
  72972 eunji     20   0   10.2g 690336 236360 S   0.0   2.1   0:03.49 python
%Cpu: 12.0 us,  0.9 sy,  0.0 ni, 87.0 id,  0.0 wa,  0.0 hi,  0.0 si,  0.0 st 
  72350 eunji     20   0   19.8g   6.9g 983972 R 120.0  22.1   0:37.27 python
  72972 eunji     20   0   10.2g 690336 236360 S  20.0   2.1   0:03.50 python
  72734 eunji     20   0   14064  11232   5704 S   0.0   0.0   0:00.10 python
  72735 eunji     20   0   10.2g 690664 236696 S   0.0   2.1   0:03.34 python
  72797 eunji     20   0   10.2g 690316 236312 S   0.0   2.1   0:03.61 python
  72898 eunji     20   0   10.2g 690276 236288 S   0.0   2.1   0:03.47 python
%Cpu: 13.0 us,  1.1 sy,  0.0 ni, 85.9 id,  0.0 wa,  0.0 hi,  0.0 si,  0.0 st 
  72350 eunji     20   0   19.8g   6.9g 983972 R  80.0  22.1   0:37.31 python
  72797 eunji     20   0   10.2g 690316 236312 S  20.0   2.1   0:03.62 python
  72734 eunji     20   0   14064  11232   5704 S   0.0   0.0   0:00.10 python
  72735 eunji     20   0   10.2g 690076 236108 S   0.0   2.1   0:03.34 python
  72898 eunji     20   0   10.2g 690276 236288 S   0.0   2.1   0:03.47 python
  72972 eunji     20   0   10.2g 690336 236360 S   0.0   2.1   0:03.50 python
%Cpu: 12.6 us,  2.1 sy,  0.0 ni, 85.3 id,  0.0 wa,  0.0 hi,  0.0 si,  0.0 st 
  72350 eunji     20   0   19.8g   6.9g 983972 R 125.0  22.1   0:37.36 python
  72898 eunji     20   0   10.2g 690276 236288 S  25.0   2.1   0:03.48 python
  72734 eunji     20   0   14064  11232   5704 S   0.0   0.0   0:00.10 python
  72735 eunji     20   0   10.2g 690076 236108 S   0.0   2.1   0:03.34 python
  72797 eunji     20   0   10.2g 690316 236312 S   0.0   2.1   0:03.62 python
  72972 eunji     20   0   10.2g 690336 236360 S   0.0   2.1   0:03.50 python
%Cpu: 14.1 us,  1.1 sy,  0.0 ni, 84.8 id,  0.0 wa,  0.0 hi,  0.0 si,  0.0 st 
  72350 eunji     20   0   19.8g   6.9g 983972 R 100.0  22.1   0:37.41 python
  72734 eunji     20   0   14064  11232   5704 S   0.0   0.0   0:00.10 python
  72735 eunji     20   0   10.2g 690076 236108 S   0.0   2.1   0:03.34 python
  72797 eunji     20   0   10.2g 690316 236312 S   0.0   2.1   0:03.62 python
  72898 eunji     20   0   10.2g 690276 236288 S   0.0   2.1   0:03.48 python
  72972 eunji     20   0   10.2g 690336 236360 S   0.0   2.1   0:03.50 python
%Cpu: 12.5 us,  1.2 sy,  0.0 ni, 86.3 id,  0.0 wa,  0.0 hi,  0.0 si,  0.0 st 
  72350 eunji     20   0   19.8g   6.9g 983972 R 100.0  22.1   0:37.49 python
  72735 eunji     20   0   10.2g 690076 236108 S  12.5   2.1   0:03.35 python
  72734 eunji     20   0   14064  11232   5704 S   0.0   0.0   0:00.10 python
  72797 eunji     20   0   10.2g 690316 236312 S   0.0   2.1   0:03.62 python
  72898 eunji     20   0   10.2g 690276 236288 S   0.0   2.1   0:03.48 python
  72972 eunji     20   0   10.2g 690336 236360 S   0.0   2.1   0:03.50 python
%Cpu: 11.2 us,  0.4 sy,  0.0 ni, 88.3 id,  0.1 wa,  0.0 hi,  0.0 si,  0.0 st 
  72350 eunji     20   0   19.8g   6.9g 983972 R 101.0  22.1   0:38.51 python
  72972 eunji     20   0   10.2g 690336 236360 S   4.0   2.1   0:03.54 python
  72797 eunji     20   0   10.2g 690316 236312 S   3.0   2.1   0:03.65 python
  72735 eunji     20   0   10.2g 690076 236108 S   2.0   2.1   0:03.37 python
  72898 eunji     20   0   10.2g 690276 236288 S   2.0   2.1   0:03.50 python
  72734 eunji     20   0   14064  11232   5704 S   0.0   0.0   0:00.10 python
%Cpu:  7.9 us,  0.4 sy,  0.0 ni, 91.6 id,  0.0 wa,  0.0 hi,  0.0 si,  0.0 st 
  72350 eunji     20   0   19.8g   6.9g 983972 R 102.0  22.1   0:39.54 python
  72735 eunji     20   0   10.2g 690164 236172 S   3.0   2.1   0:03.40 python
  72797 eunji     20   0   10.2g 690316 236312 S   2.0   2.1   0:03.67 python
  72898 eunji     20   0   10.2g 690276 236288 R   2.0   2.1   0:03.52 python
  72972 eunji     20   0   10.2g 690340 236360 S   2.0   2.1   0:03.56 python
  72734 eunji     20   0   14064  11232   5704 S   0.0   0.0   0:00.10 python
%Cpu:  9.4 us,  0.7 sy,  0.0 ni, 89.8 id,  0.0 wa,  0.0 hi,  0.0 si,  0.0 st 
  72350 eunji     20   0   19.8g   6.9g 983972 R 101.0  22.1   0:40.56 python
  72898 eunji     20   0   10.2g 690276 236288 S   4.0   2.1   0:03.56 python
  72735 eunji     20   0   10.2g 690164 236172 S   3.0   2.1   0:03.43 python
  72797 eunji     20   0   10.2g 690316 236312 S   2.0   2.1   0:03.69 python
  72972 eunji     20   0   10.2g 690340 236360 S   2.0   2.1   0:03.58 python
  72734 eunji     20   0   14064  11232   5704 S   0.0   0.0   0:00.10 python
%Cpu:  9.4 us,  0.4 sy,  0.0 ni, 90.2 id,  0.0 wa,  0.0 hi,  0.0 si,  0.0 st 
  72350 eunji     20   0   19.8g   6.9g 983972 R 102.0  22.1   0:41.58 python
  72735 eunji     20   0   10.2g 690172 236172 S   4.0   2.1   0:03.47 python
  72797 eunji     20   0   10.2g 690316 236312 S   3.0   2.1   0:03.72 python
  72972 eunji     20   0   10.2g 690340 236360 S   3.0   2.1   0:03.61 python
  72898 eunji     20   0   10.2g 690276 236288 S   2.0   2.1   0:03.58 python
  72734 eunji     20   0   14064  11232   5704 S   0.0   0.0   0:00.10 python
%Cpu:  7.1 us,  0.2 sy,  0.0 ni, 92.7 id,  0.0 wa,  0.0 hi,  0.0 si,  0.0 st 
  72350 eunji     20   0   19.8g   6.9g 983972 R 101.0  22.1   0:42.60 python
  72972 eunji     20   0   10.2g 690340 236360 S   3.0   2.1   0:03.64 python
  72735 eunji     20   0   10.2g 690172 236172 S   2.0   2.1   0:03.49 python
  72797 eunji     20   0   10.2g 690316 236312 S   2.0   2.1   0:03.74 python
  72898 eunji     20   0   10.2g 690276 236288 S   2.0   2.1   0:03.60 python
  72734 eunji     20   0   14064  11232   5704 S   0.0   0.0   0:00.10 python
%Cpu: 11.0 us,  0.5 sy,  0.0 ni, 88.3 id,  0.1 wa,  0.0 hi,  0.0 si,  0.0 st 
  72350 eunji     20   0   19.8g   6.9g 983972 R 101.0  22.1   0:43.62 python
  72797 eunji     20   0   10.2g 690316 236312 S   4.0   2.1   0:03.78 python
  72735 eunji     20   0   10.2g 690172 236172 S   3.0   2.1   0:03.52 python
  72898 eunji     20   0   10.2g 690276 236288 S   3.0   2.1   0:03.63 python
  72972 eunji     20   0   10.2g 690340 236360 S   3.0   2.1   0:03.67 python
  72734 eunji     20   0   14064  11232   5704 S   0.0   0.0   0:00.10 python
%Cpu: 14.9 us,  0.5 sy,  0.0 ni, 84.5 id,  0.1 wa,  0.0 hi,  0.0 si,  0.0 st 
  72350 eunji     20   0   19.8g   6.9g 983972 R 102.0  22.1   0:44.64 python
  72898 eunji     20   0   10.2g 690276 236288 S   4.0   2.1   0:03.67 python
  72972 eunji     20   0   10.2g 690340 236360 S   3.0   2.1   0:03.70 python
  72735 eunji     20   0   10.2g 690172 236172 S   2.0   2.1   0:03.54 python
  72797 eunji     20   0   10.2g 690316 236312 S   2.0   2.1   0:03.80 python
  72734 eunji     20   0   14064  11232   5704 S   0.0   0.0   0:00.10 python
%Cpu: 14.7 us,  0.8 sy,  0.0 ni, 84.5 id,  0.0 wa,  0.0 hi,  0.0 si,  0.0 st 
  72350 eunji     20   0   19.8g   6.9g 983972 R 101.0  22.1   0:45.67 python
  72898 eunji     20   0   10.2g 690276 236288 S   3.9   2.1   0:03.71 python
  72735 eunji     20   0   10.2g 690172 236172 S   2.9   2.1   0:03.57 python
  72797 eunji     20   0   10.2g 690316 236312 S   2.9   2.1   0:03.83 python
  72972 eunji     20   0   10.2g 690340 236360 S   2.0   2.1   0:03.72 python
  72734 eunji     20   0   14064  11232   5704 S   0.0   0.0   0:00.10 python
%Cpu: 12.5 us,  0.5 sy,  0.0 ni, 86.9 id,  0.0 wa,  0.0 hi,  0.0 si,  0.0 st 
  72350 eunji     20   0   19.8g   6.9g 983972 R 103.0  22.1   0:46.71 python
  72898 eunji     20   0   10.2g 690276 236288 S   4.0   2.1   0:03.75 python
  72735 eunji     20   0   10.2g 690172 236172 S   3.0   2.1   0:03.60 python
  72797 eunji     20   0   10.2g 690316 236312 S   3.0   2.1   0:03.86 python
  72972 eunji     20   0   10.2g 690340 236360 S   3.0   2.1   0:03.75 python
  72734 eunji     20   0   14064  11232   5704 S   0.0   0.0   0:00.10 python
%Cpu:  8.5 us,  0.3 sy,  0.0 ni, 91.1 id,  0.0 wa,  0.0 hi,  0.0 si,  0.0 st 
  72350 eunji     20   0   19.8g   6.9g 983972 R 101.0  22.1   0:47.73 python
  72898 eunji     20   0   10.2g 690276 236288 S   5.0   2.1   0:03.80 python
  72735 eunji     20   0   10.2g 690172 236172 S   3.0   2.1   0:03.63 python
  72797 eunji     20   0   10.2g 690316 236312 R   2.0   2.1   0:03.88 python
  72972 eunji     20   0   10.2g 690340 236360 S   2.0   2.1   0:03.77 python
  72734 eunji     20   0   14064  11232   5704 S   0.0   0.0   0:00.10 python
%Cpu:  7.4 us,  0.3 sy,  0.0 ni, 92.2 id,  0.0 wa,  0.0 hi,  0.0 si,  0.0 st 
  72350 eunji     20   0   19.8g   6.9g 983972 R 101.0  22.1   0:48.75 python
  72898 eunji     20   0   10.2g 690276 236288 S   5.0   2.1   0:03.85 python
  72735 eunji     20   0   10.2g 690176 236172 S   3.0   2.1   0:03.66 python
  72797 eunji     20   0   10.2g 690316 236312 S   3.0   2.1   0:03.91 python
  72972 eunji     20   0   10.2g 690340 236360 S   3.0   2.1   0:03.80 python
  72734 eunji     20   0   14064  11232   5704 S   0.0   0.0   0:00.10 python
%Cpu:  8.6 us,  0.4 sy,  0.0 ni, 90.8 id,  0.1 wa,  0.0 hi,  0.0 si,  0.0 st 
  72350 eunji     20   0   19.8g   6.9g 983972 R 101.0  22.1   0:49.77 python
  72898 eunji     20   0   10.2g 690276 236288 S   4.0   2.1   0:03.89 python
  72735 eunji     20   0   10.2g 690176 236172 S   3.0   2.1   0:03.69 python
  72972 eunji     20   0   10.2g 690340 236360 S   3.0   2.1   0:03.83 python
  72797 eunji     20   0   10.2g 690316 236312 S   2.0   2.1   0:03.93 python
  72734 eunji     20   0   14064  11232   5704 S   0.0   0.0   0:00.10 python
%Cpu:  9.1 us,  0.7 sy,  0.0 ni, 90.1 id,  0.0 wa,  0.0 hi,  0.0 si,  0.0 st 
  72350 eunji     20   0   19.8g   6.9g 983972 R 102.0  22.1   0:50.80 python
  72797 eunji     20   0   10.2g 690316 236312 S   5.0   2.1   0:03.98 python
  72972 eunji     20   0   10.2g 690340 236360 S   5.0   2.1   0:03.88 python
  72735 eunji     20   0   10.2g 690176 236172 S   3.0   2.1   0:03.72 python
  72898 eunji     20   0   10.2g 690276 236288 S   3.0   2.1   0:03.92 python
  72734 eunji     20   0   14064  11232   5704 S   0.0   0.0   0:00.10 python
%Cpu:  7.7 us,  0.3 sy,  0.0 ni, 91.9 id,  0.0 wa,  0.0 hi,  0.0 si,  0.0 st 
  72350 eunji     20   0   19.8g   6.9g 983972 R 101.0  22.1   0:51.78 python
  72898 eunji     20   0   10.2g 690276 236288 S   4.1   2.1   0:03.96 python
  72972 eunji     20   0   10.2g 690340 236360 S   4.1   2.1   0:03.92 python
  72735 eunji     20   0   10.2g 690176 236172 S   3.1   2.1   0:03.75 python
  72797 eunji     20   0   10.2g 690320 236312 S   2.1   2.1   0:04.00 python
  72734 eunji     20   0   14064  11232   5704 S   0.0   0.0   0:00.10 python
%Cpu: 12.3 us,  0.8 sy,  0.0 ni, 86.9 id,  0.0 wa,  0.0 hi,  0.0 si,  0.0 st 
  72350 eunji     20   0   19.8g   6.9g 983972 R 100.0  22.1   0:51.84 python
  72734 eunji     20   0   14064  11232   5704 S   0.0   0.0   0:00.10 python
  72735 eunji     20   0   10.2g 690176 236172 S   0.0   2.1   0:03.75 python
  72797 eunji     20   0   10.2g 690320 236312 S   0.0   2.1   0:04.00 python
  72898 eunji     20   0   10.2g 690276 236288 S   0.0   2.1   0:03.96 python
  72972 eunji     20   0   10.2g 690340 236360 S   0.0   2.1   0:03.92 python
%Cpu: 11.7 us,  0.7 sy,  0.0 ni, 86.9 id,  0.0 wa,  0.0 hi,  0.7 si,  0.0 st 
  72350 eunji     20   0   19.8g   6.9g 983972 R 100.0  22.1   0:51.91 python
  72735 eunji     20   0   10.2g 690176 236172 S  14.3   2.1   0:03.76 python
  72797 eunji     20   0   10.2g 690320 236312 S  14.3   2.1   0:04.01 python
  72734 eunji     20   0   14064  11232   5704 S   0.0   0.0   0:00.10 python
  72898 eunji     20   0   10.2g 690276 236288 S   0.0   2.1   0:03.96 python
  72972 eunji     20   0   10.2g 690340 236360 S   0.0   2.1   0:03.92 python
%Cpu: 12.0 us,  1.4 sy,  0.0 ni, 86.6 id,  0.0 wa,  0.0 hi,  0.0 si,  0.0 st 
  72350 eunji     20   0   19.8g   6.9g 983972 R 100.0  22.1   0:51.98 python
  72972 eunji     20   0   10.2g 690340 236360 R  14.3   2.1   0:03.93 python
  72734 eunji     20   0   14064  11232   5704 S   0.0   0.0   0:00.10 python
  72735 eunji     20   0   10.2g 690176 236172 S   0.0   2.1   0:03.76 python
  72797 eunji     20   0   10.2g 690320 236312 S   0.0   2.1   0:04.01 python
  72898 eunji     20   0   10.2g 690276 236288 S   0.0   2.1   0:03.96 python
%Cpu: 12.4 us,  1.0 sy,  0.0 ni, 86.6 id,  0.0 wa,  0.0 hi,  0.0 si,  0.0 st 
  72350 eunji     20   0   19.8g   6.9g 983972 R 120.0  22.1   0:52.04 python
  72734 eunji     20   0   14064  11232   5704 S   0.0   0.0   0:00.10 python
  72735 eunji     20   0   10.2g 690176 236172 S   0.0   2.1   0:03.76 python
  72797 eunji     20   0   10.2g 690320 236312 S   0.0   2.1   0:04.01 python
  72898 eunji     20   0   10.2g 690276 236288 S   0.0   2.1   0:03.96 python
  72972 eunji     20   0   10.2g 690340 236360 S   0.0   2.1   0:03.93 python
%Cpu:  9.2 us,  0.4 sy,  0.0 ni, 90.3 id,  0.0 wa,  0.0 hi,  0.0 si,  0.0 st 
  72350 eunji     20   0   19.8g   6.9g 983972 R 102.0  22.1   0:53.06 python
  72735 eunji     20   0   10.2g 690176 236172 S   3.0   2.1   0:03.79 python
  72898 eunji     20   0   10.2g 690276 236288 S   3.0   2.1   0:03.99 python
  72972 eunji     20   0   10.2g 690340 236360 S   3.0   2.1   0:03.96 python
  72797 eunji     20   0   10.2g 690320 236312 S   2.0   2.1   0:04.03 python
  72734 eunji     20   0   14064  11232   5704 S   0.0   0.0   0:00.10 python
%Cpu:  7.5 us,  0.2 sy,  0.0 ni, 92.3 id,  0.0 wa,  0.0 hi,  0.0 si,  0.0 st 
  72350 eunji     20   0   19.8g   6.9g 983972 R 101.0  22.1   0:54.08 python
  72735 eunji     20   0   10.2g 690176 236172 S   3.0   2.1   0:03.82 python
  72797 eunji     20   0   10.2g 690320 236312 S   3.0   2.1   0:04.06 python
  72898 eunji     20   0   10.2g 690276 236288 S   3.0   2.1   0:04.02 python
  72972 eunji     20   0   10.2g 690340 236360 S   2.0   2.1   0:03.98 python
  72734 eunji     20   0   14064  11232   5704 S   0.0   0.0   0:00.10 python
%Cpu:  7.5 us,  0.6 sy,  0.0 ni, 91.9 id,  0.0 wa,  0.0 hi,  0.0 si,  0.0 st 
  72350 eunji     20   0   19.8g   6.9g 983972 R 101.0  22.1   0:55.10 python
  72735 eunji     20   0   10.2g 690176 236172 S   3.0   2.1   0:03.85 python
  72972 eunji     20   0   10.2g 690340 236360 S   3.0   2.1   0:04.01 python
  72797 eunji     20   0   10.2g 690320 236312 S   2.0   2.1   0:04.08 python
  72898 eunji     20   0   10.2g 690276 236288 S   2.0   2.1   0:04.04 python
  72734 eunji     20   0   14064  11232   5704 S   0.0   0.0   0:00.10 python
%Cpu:  7.4 us,  0.4 sy,  0.0 ni, 92.1 id,  0.0 wa,  0.0 hi,  0.0 si,  0.0 st 
  72350 eunji     20   0   19.8g   6.9g 983972 R 101.0  22.1   0:56.12 python
  72797 eunji     20   0   10.2g 690320 236312 S   4.0   2.1   0:04.12 python
  72735 eunji     20   0   10.2g 690176 236172 S   3.0   2.1   0:03.88 python
  72898 eunji     20   0   10.2g 690276 236288 S   3.0   2.1   0:04.07 python
  72972 eunji     20   0   10.2g 690340 236360 S   2.0   2.1   0:04.03 python
  72734 eunji     20   0   14064  11232   5704 S   0.0   0.0   0:00.10 python
%Cpu:  7.8 us,  0.2 sy,  0.0 ni, 92.0 id,  0.0 wa,  0.0 hi,  0.0 si,  0.0 st 
  72350 eunji     20   0   19.8g   6.9g 983972 R 102.0  22.1   0:57.14 python
  72972 eunji     20   0   10.2g 690368 236360 S   3.0   2.1   0:04.06 python
  72735 eunji     20   0   10.2g 690176 236172 S   2.0   2.1   0:03.90 python
  72797 eunji     20   0   10.2g 690320 236312 S   2.0   2.1   0:04.14 python
  72898 eunji     20   0   10.2g 690276 236288 S   2.0   2.1   0:04.09 python
  72734 eunji     20   0   14064  11232   5704 S   0.0   0.0   0:00.10 python
%Cpu:  7.3 us,  0.2 sy,  0.0 ni, 92.4 id,  0.0 wa,  0.0 hi,  0.0 si,  0.0 st 
  72350 eunji     20   0   19.8g   6.9g 983972 R 102.0  22.1   0:58.17 python
  72898 eunji     20   0   10.2g 690276 236288 R   3.0   2.1   0:04.12 python
  72972 eunji     20   0   10.2g 690368 236360 S   3.0   2.1   0:04.09 python
  72735 eunji     20   0   10.2g 690176 236172 S   2.0   2.1   0:03.92 python
  72797 eunji     20   0   10.2g 690320 236312 S   2.0   2.1   0:04.16 python
  72734 eunji     20   0   14064  11232   5704 S   0.0   0.0   0:00.10 python
%Cpu:  7.7 us,  0.3 sy,  0.0 ni, 92.0 id,  0.0 wa,  0.0 hi,  0.0 si,  0.0 st 
  72350 eunji     20   0   19.8g   6.9g 983972 R 102.0  22.1   0:59.20 python
  72735 eunji     20   0   10.2g 690176 236172 S   4.0   2.1   0:03.96 python
  72797 eunji     20   0   10.2g 690320 236312 S   4.0   2.1   0:04.20 python
  72972 eunji     20   0   10.2g 690368 236360 S   3.0   2.1   0:04.12 python
  72898 eunji     20   0   10.2g 690276 236288 S   2.0   2.1   0:04.14 python
  72734 eunji     20   0   14064  11232   5704 S   0.0   0.0   0:00.10 python
%Cpu:  7.3 us,  0.6 sy,  0.0 ni, 92.0 id,  0.1 wa,  0.0 hi,  0.0 si,  0.0 st 
  72350 eunji     20   0   19.8g   6.9g 983972 R 102.0  22.1   1:00.22 python
  72898 eunji     20   0   10.2g 690276 236288 S   3.0   2.1   0:04.17 python
  72735 eunji     20   0   10.2g 690176 236172 S   2.0   2.1   0:03.98 python
  72797 eunji     20   0   10.2g 690320 236312 S   2.0   2.1   0:04.22 python
  72972 eunji     20   0   10.2g 690368 236360 S   2.0   2.1   0:04.14 python
  72734 eunji     20   0   14064  11232   5704 S   0.0   0.0   0:00.10 python
%Cpu:  9.8 us,  0.6 sy,  0.0 ni, 89.5 id,  0.1 wa,  0.0 hi,  0.0 si,  0.0 st 
  72350 eunji     20   0   19.8g   6.9g 983972 R 101.0  22.1   1:01.24 python
  72898 eunji     20   0   10.2g 690276 236288 S   4.0   2.1   0:04.21 python
  72735 eunji     20   0   10.2g 690176 236172 S   3.0   2.1   0:04.01 python
  72797 eunji     20   0   10.2g 690320 236312 S   3.0   2.1   0:04.25 python
  72972 eunji     20   0   10.2g 690368 236360 S   3.0   2.1   0:04.17 python
  72734 eunji     20   0   14064  11232   5704 S   0.0   0.0   0:00.10 python
%Cpu:  8.7 us,  0.3 sy,  0.0 ni, 91.0 id,  0.0 wa,  0.0 hi,  0.0 si,  0.0 st 
  72350 eunji     20   0   19.8g   6.9g 983972 R 101.0  22.1   1:02.26 python
  72735 eunji     20   0   10.2g 690176 236172 S   3.0   2.1   0:04.04 python
  72797 eunji     20   0   10.2g 690320 236312 S   3.0   2.1   0:04.28 python
  72972 eunji     20   0   10.2g 690368 236360 S   3.0   2.1   0:04.20 python
  72898 eunji     20   0   10.2g 690276 236288 S   2.0   2.1   0:04.23 python
  72734 eunji     20   0   14064  11232   5704 S   0.0   0.0   0:00.10 python
%Cpu: 10.2 us,  0.5 sy,  0.0 ni, 89.2 id,  0.1 wa,  0.0 hi,  0.0 si,  0.0 st 
  72350 eunji     20   0   19.8g   6.9g 983972 R 103.0  22.1   1:03.29 python
  72797 eunji     20   0   10.2g 690320 236312 S   3.0   2.1   0:04.31 python
  72735 eunji     20   0   10.2g 690176 236172 S   2.0   2.1   0:04.06 python
  72898 eunji     20   0   10.2g 690276 236288 S   2.0   2.1   0:04.25 python
  72972 eunji     20   0   10.2g 690368 236360 R   2.0   2.1   0:04.22 python
  72734 eunji     20   0   14064  11232   5704 S   0.0   0.0   0:00.10 python
%Cpu:  9.1 us,  0.2 sy,  0.0 ni, 90.7 id,  0.0 wa,  0.0 hi,  0.0 si,  0.0 st 
  72350 eunji     20   0   19.8g   6.9g 983972 R 101.0  22.1   1:04.31 python
  72735 eunji     20   0   10.2g 690176 236172 S   3.0   2.1   0:04.09 python
  72972 eunji     20   0   10.2g 690380 236360 S   3.0   2.1   0:04.25 python
  72797 eunji     20   0   10.2g 690320 236312 S   2.0   2.1   0:04.33 python
  72898 eunji     20   0   10.2g 690276 236288 S   2.0   2.1   0:04.27 python
  72734 eunji     20   0   14064  11232   5704 S   0.0   0.0   0:00.10 python
%Cpu:  7.7 us,  0.5 sy,  0.0 ni, 91.6 id,  0.1 wa,  0.0 hi,  0.0 si,  0.0 st 
  72350 eunji     20   0   19.8g   6.9g 983972 R 101.0  22.1   1:05.33 python
  72898 eunji     20   0   10.2g 690276 236288 S   4.0   2.1   0:04.31 python
  72972 eunji     20   0   10.2g 690380 236360 S   4.0   2.1   0:04.29 python
  72797 eunji     20   0   10.2g 690320 236312 S   3.0   2.1   0:04.36 python
  72735 eunji     20   0   10.2g 690176 236172 S   2.0   2.1   0:04.11 python
  72734 eunji     20   0   14064  11232   5704 S   0.0   0.0   0:00.10 python
%Cpu:  6.9 us,  0.4 sy,  0.0 ni, 92.7 id,  0.0 wa,  0.0 hi,  0.0 si,  0.0 st 
  72350 eunji     20   0   19.8g   6.9g 983972 R 102.0  22.1   1:06.36 python
  72735 eunji     20   0   10.2g 690176 236172 S   4.0   2.1   0:04.15 python
  72797 eunji     20   0   10.2g 690320 236312 S   3.0   2.1   0:04.39 python
  72972 eunji     20   0   10.2g 690380 236360 S   3.0   2.1   0:04.32 python
  72898 eunji     20   0   10.2g 690276 236288 S   2.0   2.1   0:04.33 python
  72734 eunji     20   0   14064  11232   5704 S   0.0   0.0   0:00.10 python
%Cpu:  9.4 us,  0.3 sy,  0.0 ni, 90.3 id,  0.0 wa,  0.0 hi,  0.0 si,  0.0 st 
  72350 eunji     20   0   19.8g   6.9g 983972 R 101.5  22.1   1:07.04 python
  72735 eunji     20   0   10.2g 690176 236172 S   3.0   2.1   0:04.17 python
  72797 eunji     20   0   10.2g 690320 236312 S   3.0   2.1   0:04.41 python
  72898 eunji     20   0   10.2g 690276 236288 S   3.0   2.1   0:04.35 python
  72972 eunji     20   0   10.2g 690380 236360 S   3.0   2.1   0:04.34 python
  72734 eunji     20   0   14064  11232   5704 S   0.0   0.0   0:00.10 python
%Cpu: 11.5 us,  0.6 sy,  0.0 ni, 87.9 id,  0.0 wa,  0.0 hi,  0.0 si,  0.0 st 
  72350 eunji     20   0   19.8g   6.9g 983972 R 100.0  22.1   1:07.13 python
  72797 eunji     20   0   10.2g 690320 236312 S  11.1   2.1   0:04.42 python
  72734 eunji     20   0   14064  11232   5704 S   0.0   0.0   0:00.10 python
  72735 eunji     20   0   10.2g 690176 236172 S   0.0   2.1   0:04.17 python
  72898 eunji     20   0   10.2g 690276 236288 S   0.0   2.1   0:04.35 python
  72972 eunji     20   0   10.2g 690380 236360 S   0.0   2.1   0:04.34 python
%Cpu: 12.7 us,  2.7 sy,  0.0 ni, 84.5 id,  0.0 wa,  0.0 hi,  0.0 si,  0.0 st 
  72350 eunji     20   0   19.8g   6.9g 983972 R 100.0  22.1   1:07.18 python
  72734 eunji     20   0   14064  11232   5704 S   0.0   0.0   0:00.10 python
  72735 eunji     20   0   10.2g 690176 236172 S   0.0   2.1   0:04.17 python
  72797 eunji     20   0   10.2g 690320 236312 S   0.0   2.1   0:04.42 python
  72898 eunji     20   0   10.2g 690276 236288 S   0.0   2.1   0:04.35 python
  72972 eunji     20   0   10.2g 690380 236360 S   0.0   2.1   0:04.34 python
%Cpu: 11.9 us,  0.9 sy,  0.0 ni, 87.2 id,  0.0 wa,  0.0 hi,  0.0 si,  0.0 st 
  72350 eunji     20   0   19.8g   6.9g 983972 R 100.0  22.1   1:07.24 python
  72735 eunji     20   0   10.2g 690176 236172 S  16.7   2.1   0:04.18 python
  72972 eunji     20   0   10.2g 690380 236360 S  16.7   2.1   0:04.35 python
  72734 eunji     20   0   14064  11232   5704 S   0.0   0.0   0:00.10 python
  72797 eunji     20   0   10.2g 690320 236312 S   0.0   2.1   0:04.42 python
  72898 eunji     20   0   10.2g 690276 236288 S   0.0   2.1   0:04.35 python
%Cpu: 12.6 us,  1.1 sy,  0.0 ni, 86.2 id,  0.0 wa,  0.0 hi,  0.0 si,  0.0 st 
  72350 eunji     20   0   19.8g   6.9g 983972 R 100.0  22.1   1:07.28 python
  72734 eunji     20   0   14064  11232   5704 S   0.0   0.0   0:00.10 python
  72735 eunji     20   0   10.2g 690176 236172 S   0.0   2.1   0:04.18 python
  72797 eunji     20   0   10.2g 690320 236312 S   0.0   2.1   0:04.42 python
  72898 eunji     20   0   10.2g 690276 236288 S   0.0   2.1   0:04.35 python
  72972 eunji     20   0   10.2g 690380 236360 S   0.0   2.1   0:04.35 python
%Cpu: 22.4 us,  1.3 sy,  0.0 ni, 76.2 id,  0.0 wa,  0.0 hi,  0.0 si,  0.0 st 
  72350 eunji     20   0   19.8g   6.9g 983972 R 100.0  22.1   1:07.39 python
  72898 eunji     20   0   10.2g 690276 236288 S   9.1   2.1   0:04.36 python
  72734 eunji     20   0   14064  11232   5704 S   0.0   0.0   0:00.10 python
  72735 eunji     20   0   10.2g 690176 236172 S   0.0   2.1   0:04.18 python
  72797 eunji     20   0   10.2g 690320 236312 S   0.0   2.1   0:04.42 python
  72972 eunji     20   0   10.2g 690380 236360 S   0.0   2.1   0:04.35 python
%Cpu:  9.1 us,  0.3 sy,  0.0 ni, 90.6 id,  0.0 wa,  0.0 hi,  0.0 si,  0.0 st 
  72350 eunji     20   0   19.8g   6.9g 983972 R 102.0  22.1   1:08.42 python
  72797 eunji     20   0   10.2g 690320 236312 S   3.0   2.1   0:04.45 python
  72972 eunji     20   0   10.2g 690380 236360 S   3.0   2.1   0:04.38 python
  72735 eunji     20   0   10.2g 690176 236172 R   2.0   2.1   0:04.20 python
  72898 eunji     20   0   10.2g 690276 236288 S   2.0   2.1   0:04.38 python
  72734 eunji     20   0   14064  11232   5704 S   0.0   0.0   0:00.10 python
%Cpu:  8.8 us,  0.4 sy,  0.0 ni, 90.8 id,  0.0 wa,  0.0 hi,  0.0 si,  0.0 st 
  72350 eunji     20   0   19.8g   6.9g 983972 R 102.0  22.1   1:09.45 python
  72735 eunji     20   0   10.2g 690176 236172 S   3.0   2.1   0:04.23 python
  72797 eunji     20   0   10.2g 690320 236312 S   2.0   2.1   0:04.47 python
  72898 eunji     20   0   10.2g 690276 236288 S   2.0   2.1   0:04.40 python
  72972 eunji     20   0   10.2g 690380 236360 S   2.0   2.1   0:04.40 python
  72734 eunji     20   0   14064  11232   5704 S   0.0   0.0   0:00.10 python
%Cpu:  8.1 us,  0.6 sy,  0.0 ni, 91.3 id,  0.0 wa,  0.0 hi,  0.0 si,  0.0 st 
  72350 eunji     20   0   19.8g   6.9g 983972 R 102.0  22.1   1:10.47 python
  72898 eunji     20   0   10.2g 690276 236288 S   4.0   2.1   0:04.44 python
  72735 eunji     20   0   10.2g 690176 236172 S   3.0   2.1   0:04.26 python
  72972 eunji     20   0   10.2g 690380 236360 S   3.0   2.1   0:04.43 python
  72797 eunji     20   0   10.2g 690320 236312 S   2.0   2.1   0:04.49 python
  72734 eunji     20   0   14064  11232   5704 S   0.0   0.0   0:00.10 python
%Cpu:  7.0 us,  0.5 sy,  0.0 ni, 92.4 id,  0.0 wa,  0.0 hi,  0.0 si,  0.0 st 
  72350 eunji     20   0   19.8g   6.9g 983972 R 101.0  22.1   1:11.49 python
  72797 eunji     20   0   10.2g 690320 236312 S   4.0   2.1   0:04.53 python
  72735 eunji     20   0   10.2g 690176 236172 S   3.0   2.1   0:04.29 python
  72898 eunji     20   0   10.2g 690276 236288 S   2.0   2.1   0:04.46 python
  72972 eunji     20   0   10.2g 690380 236360 S   2.0   2.1   0:04.45 python
  72734 eunji     20   0   14064  11232   5704 S   0.0   0.0   0:00.10 python
%Cpu:  7.4 us,  0.3 sy,  0.0 ni, 92.3 id,  0.0 wa,  0.0 hi,  0.0 si,  0.0 st 
  72350 eunji     20   0   19.8g   6.9g 983972 R 101.0  22.1   1:12.51 python
  72898 eunji     20   0   10.2g 690276 236288 S   3.0   2.1   0:04.49 python
  72972 eunji     20   0   10.2g 690380 236360 S   3.0   2.1   0:04.48 python
  72797 eunji     20   0   10.2g 690320 236312 S   2.0   2.1   0:04.55 python
  72735 eunji     20   0   10.2g 690180 236172 S   1.0   2.1   0:04.30 python
  72734 eunji     20   0   14064  11232   5704 S   0.0   0.0   0:00.10 python
%Cpu:  8.7 us,  0.4 sy,  0.0 ni, 90.8 id,  0.1 wa,  0.0 hi,  0.0 si,  0.0 st 
  72350 eunji     20   0   19.8g   6.9g 983972 R 101.0  22.1   1:13.53 python
  72735 eunji     20   0   10.2g 690180 236172 S   4.0   2.1   0:04.34 python
  72797 eunji     20   0   10.2g 690320 236312 R   3.0   2.1   0:04.58 python
  72972 eunji     20   0   10.2g 690380 236360 S   3.0   2.1   0:04.51 python
  72898 eunji     20   0   10.2g 690276 236288 S   2.0   2.1   0:04.51 python
  72734 eunji     20   0   14064  11232   5704 S   0.0   0.0   0:00.10 python
%Cpu:  7.3 us,  0.2 sy,  0.0 ni, 92.4 id,  0.0 wa,  0.0 hi,  0.0 si,  0.0 st 
  72350 eunji     20   0   19.8g   6.9g 984244 R 103.0  22.1   1:14.56 python
  72797 eunji     20   0   10.2g 690320 236312 S   4.0   2.1   0:04.62 python
  72735 eunji     20   0   10.2g 690180 236172 S   3.0   2.1   0:04.37 python
  72898 eunji     20   0   10.2g 690276 236288 S   3.0   2.1   0:04.54 python
  72972 eunji     20   0   10.2g 690380 236360 S   3.0   2.1   0:04.54 python
  72734 eunji     20   0   14064  11232   5704 S   0.0   0.0   0:00.10 python
%Cpu:  7.0 us,  0.4 sy,  0.0 ni, 92.6 id,  0.0 wa,  0.0 hi,  0.0 si,  0.0 st 
  72350 eunji     20   0   19.8g   6.9g 983972 R 101.0  22.1   1:15.58 python
  72898 eunji     20   0   10.2g 690276 236288 S   3.0   2.1   0:04.57 python
  72972 eunji     20   0   10.2g 690380 236360 S   3.0   2.1   0:04.57 python
  72735 eunji     20   0   10.2g 690180 236172 S   2.0   2.1   0:04.39 python
  72797 eunji     20   0   10.2g 690320 236312 S   2.0   2.1   0:04.64 python
  72734 eunji     20   0   14064  11232   5704 S   0.0   0.0   0:00.10 python
%Cpu:  8.8 us,  0.4 sy,  0.0 ni, 90.7 id,  0.0 wa,  0.0 hi,  0.0 si,  0.0 st 
  72350 eunji     20   0   19.8g   6.9g 983972 R 101.0  22.1   1:16.60 python
  72735 eunji     20   0   10.2g 690180 236172 S   3.0   2.1   0:04.42 python
  72797 eunji     20   0   10.2g 690320 236312 S   3.0   2.1   0:04.67 python
  72898 eunji     20   0   10.2g 690276 236288 S   3.0   2.1   0:04.60 python
  72972 eunji     20   0   10.2g 690396 236360 S   3.0   2.1   0:04.60 python
  72734 eunji     20   0   14064  11232   5704 S   0.0   0.0   0:00.10 python
%Cpu:  6.9 us,  0.2 sy,  0.0 ni, 92.9 id,  0.0 wa,  0.0 hi,  0.0 si,  0.0 st 
  72350 eunji     20   0   19.8g   6.9g 983972 R 101.0  22.1   1:17.61 python
  72735 eunji     20   0   10.2g 690180 236172 S   3.0   2.1   0:04.45 python
  72797 eunji     20   0   10.2g 690320 236312 S   3.0   2.1   0:04.70 python
  72898 eunji     20   0   10.2g 690276 236288 S   3.0   2.1   0:04.63 python
  72972 eunji     20   0   10.2g 690396 236360 S   2.0   2.1   0:04.62 python
  72734 eunji     20   0   14064  11232   5704 S   0.0   0.0   0:00.10 python
%Cpu:  6.7 us,  0.2 sy,  0.0 ni, 93.0 id,  0.0 wa,  0.0 hi,  0.0 si,  0.0 st 
  72350 eunji     20   0   19.8g   6.9g 983972 R 102.0  22.1   1:18.64 python
  72797 eunji     20   0   10.2g 690320 236312 S   4.0   2.1   0:04.74 python
  72972 eunji     20   0   10.2g 690396 236360 S   4.0   2.1   0:04.66 python
  72735 eunji     20   0   10.2g 690180 236172 S   3.0   2.1   0:04.48 python
  72898 eunji     20   0   10.2g 690276 236288 S   3.0   2.1   0:04.66 python
  72734 eunji     20   0   14064  11232   5704 S   0.0   0.0   0:00.10 python
%Cpu:  7.2 us,  0.2 sy,  0.0 ni, 92.5 id,  0.0 wa,  0.0 hi,  0.0 si,  0.0 st 
  72350 eunji     20   0   19.8g   6.9g 983972 R 102.0  22.1   1:19.67 python
  72735 eunji     20   0   10.2g 690180 236172 S   2.0   2.1   0:04.50 python
  72797 eunji     20   0   10.2g 690320 236312 S   2.0   2.1   0:04.76 python
  72898 eunji     20   0   10.2g 690276 236288 S   2.0   2.1   0:04.68 python
  72972 eunji     20   0   10.2g 690396 236360 S   2.0   2.1   0:04.68 python
  72734 eunji     20   0   14064  11232   5704 S   0.0   0.0   0:00.10 python
%Cpu:  8.3 us,  0.8 sy,  0.0 ni, 90.8 id,  0.1 wa,  0.0 hi,  0.0 si,  0.0 st 
  72350 eunji     20   0   19.8g   6.9g 983972 R 102.0  22.1   1:20.69 python
  72735 eunji     20   0   10.2g 690180 236172 S   3.0   2.1   0:04.53 python
  72797 eunji     20   0   10.2g 690320 236312 S   3.0   2.1   0:04.79 python
  72898 eunji     20   0   10.2g 690276 236288 S   3.0   2.1   0:04.71 python
  72972 eunji     20   0   10.2g 690396 236360 S   3.0   2.1   0:04.71 python
  72734 eunji     20   0   14064  11232   5704 S   0.0   0.0   0:00.10 python
%Cpu:  8.7 us,  0.5 sy,  0.0 ni, 90.8 id,  0.0 wa,  0.0 hi,  0.0 si,  0.0 st 
  72350 eunji     20   0   19.8g   6.9g 983972 R 101.0  22.1   1:21.71 python
  72735 eunji     20   0   10.2g 690180 236172 S   3.0   2.1   0:04.56 python
  72797 eunji     20   0   10.2g 690320 236312 S   3.0   2.1   0:04.82 python
  72972 eunji     20   0   10.2g 690396 236360 S   3.0   2.1   0:04.74 python
  72898 eunji     20   0   10.2g 690276 236288 S   2.0   2.1   0:04.73 python
  72734 eunji     20   0   14064  11232   5704 S   0.0   0.0   0:00.10 python
%Cpu:  6.6 us,  0.2 sy,  0.0 ni, 93.1 id,  0.0 wa,  0.0 hi,  0.0 si,  0.0 st 
  72350 eunji     20   0   19.8g   6.9g 983972 R 101.0  22.1   1:22.73 python
  72797 eunji     20   0   10.2g 690320 236312 S   3.0   2.1   0:04.85 python
  72898 eunji     20   0   10.2g 690276 236288 S   3.0   2.1   0:04.76 python
  72735 eunji     20   0   10.2g 690180 236172 S   2.0   2.1   0:04.58 python
  72972 eunji     20   0   10.2g 690396 236360 S   2.0   2.1   0:04.76 python
  72734 eunji     20   0   14064  11232   5704 S   0.0   0.0   0:00.10 python
%Cpu:  6.7 us,  0.3 sy,  0.0 ni, 93.0 id,  0.0 wa,  0.0 hi,  0.0 si,  0.0 st 
  72350 eunji     20   0   19.8g   6.9g 983972 R 102.0  22.1   1:23.76 python
  72972 eunji     20   0   10.2g 690396 236360 R   4.0   2.1   0:04.80 python
  72735 eunji     20   0   10.2g 690180 236172 S   3.0   2.1   0:04.61 python
  72797 eunji     20   0   10.2g 690320 236312 S   3.0   2.1   0:04.88 python
  72898 eunji     20   0   10.2g 690276 236288 S   2.0   2.1   0:04.78 python
  72734 eunji     20   0   14064  11232   5704 S   0.0   0.0   0:00.10 python
%Cpu:  6.6 us,  0.2 sy,  0.0 ni, 93.1 id,  0.0 wa,  0.0 hi,  0.0 si,  0.0 st 
  72350 eunji     20   0   19.8g   6.9g 983972 R 102.0  22.1   1:24.78 python
  72735 eunji     20   0   10.2g 690180 236172 S   3.0   2.1   0:04.64 python
  72898 eunji     20   0   10.2g 690276 236288 S   3.0   2.1   0:04.81 python
  72972 eunji     20   0   10.2g 690396 236360 S   3.0   2.1   0:04.83 python
  72797 eunji     20   0   10.2g 690320 236312 S   2.0   2.1   0:04.90 python
  72734 eunji     20   0   14064  11232   5704 S   0.0   0.0   0:00.10 python
%Cpu:  6.6 us,  0.5 sy,  0.0 ni, 92.9 id,  0.0 wa,  0.0 hi,  0.0 si,  0.0 st 
  72350 eunji     20   0   19.8g   6.9g 983972 R 101.0  22.1   1:25.80 python
  72898 eunji     20   0   10.2g 690276 236288 S   3.0   2.1   0:04.84 python
  72735 eunji     20   0   10.2g 690180 236172 S   2.0   2.1   0:04.66 python
  72797 eunji     20   0   10.2g 690320 236312 S   2.0   2.1   0:04.92 python
  72972 eunji     20   0   10.2g 690396 236360 S   2.0   2.1   0:04.85 python
  72734 eunji     20   0   14064  11232   5704 S   0.0   0.0   0:00.10 python
%Cpu:  7.6 us,  0.4 sy,  0.0 ni, 92.0 id,  0.0 wa,  0.0 hi,  0.0 si,  0.0 st 
  72350 eunji     20   0   19.8g   6.9g 983972 R 101.0  22.1   1:26.82 python
  72797 eunji     20   0   10.2g 690320 236312 S   4.0   2.1   0:04.96 python
  72735 eunji     20   0   10.2g 690180 236172 S   3.0   2.1   0:04.69 python
  72972 eunji     20   0   10.2g 690396 236360 S   3.0   2.1   0:04.88 python
  72898 eunji     20   0   10.2g 690276 236288 S   2.0   2.1   0:04.86 python
  72734 eunji     20   0   14064  11232   5704 S   0.0   0.0   0:00.10 python
%Cpu:  7.9 us,  0.3 sy,  0.0 ni, 91.7 id,  0.0 wa,  0.0 hi,  0.0 si,  0.0 st 
  72350 eunji     20   0   19.8g   6.9g 983972 R 102.0  22.1   1:27.84 python
  72735 eunji     20   0   10.2g 690180 236172 S   3.0   2.1   0:04.72 python
  72797 eunji     20   0   10.2g 690320 236312 S   3.0   2.1   0:04.99 python
  72898 eunji     20   0   10.2g 690276 236288 S   3.0   2.1   0:04.89 python
  72972 eunji     20   0   10.2g 690396 236360 S   3.0   2.1   0:04.91 python
  72734 eunji     20   0   14064  11232   5704 S   0.0   0.0   0:00.10 python
%Cpu:  6.9 us,  0.2 sy,  0.0 ni, 92.7 id,  0.1 wa,  0.0 hi,  0.0 si,  0.0 st 
  72350 eunji     20   0   19.8g   6.9g 983972 R 101.0  22.1   1:28.86 python
  72735 eunji     20   0   10.2g 690180 236172 S   3.0   2.1   0:04.75 python
  72898 eunji     20   0   10.2g 690276 236288 S   3.0   2.1   0:04.92 python
  72972 eunji     20   0   10.2g 690396 236360 S   3.0   2.1   0:04.94 python
  72797 eunji     20   0   10.2g 690320 236312 S   2.0   2.1   0:05.01 python
  72734 eunji     20   0   14064  11232   5704 S   0.0   0.0   0:00.10 python
%Cpu:  6.6 us,  0.2 sy,  0.0 ni, 93.2 id,  0.0 wa,  0.0 hi,  0.0 si,  0.0 st 
  72350 eunji     20   0   19.8g   6.9g 983972 R 102.0  22.1   1:29.89 python
  72972 eunji     20   0   10.2g 690396 236360 S   4.0   2.1   0:04.98 python
  72735 eunji     20   0   10.2g 690180 236172 S   3.0   2.1   0:04.78 python
  72797 eunji     20   0   10.2g 690320 236312 S   3.0   2.1   0:05.04 python
  72898 eunji     20   0   10.2g 690276 236288 S   2.0   2.1   0:04.94 python
  72734 eunji     20   0   14064  11232   5704 S   0.0   0.0   0:00.10 python
%Cpu:  9.0 us,  0.7 sy,  0.0 ni, 90.2 id,  0.0 wa,  0.0 hi,  0.0 si,  0.0 st 
  72350 eunji     20   0   19.8g   6.9g 983972 R 102.0  22.1   1:30.92 python
  72898 eunji     20   0   10.2g 690276 236288 S   3.0   2.1   0:04.97 python
  72735 eunji     20   0   10.2g 690180 236172 S   2.0   2.1   0:04.80 python
  72797 eunji     20   0   10.2g 690320 236312 S   2.0   2.1   0:05.06 python
  72972 eunji     20   0   10.2g 690396 236360 S   2.0   2.1   0:05.00 python
  72734 eunji     20   0   14064  11232   5704 S   0.0   0.0   0:00.10 python
%Cpu:  8.9 us,  0.5 sy,  0.0 ni, 90.6 id,  0.0 wa,  0.0 hi,  0.0 si,  0.0 st 
  72350 eunji     20   0   19.8g   6.9g 983972 R 101.0  22.1   1:31.93 python
  72735 eunji     20   0   10.2g 690180 236172 S   3.0   2.1   0:04.83 python
  72797 eunji     20   0   10.2g 690320 236312 S   3.0   2.1   0:05.09 python
  72972 eunji     20   0   10.2g 690396 236360 S   3.0   2.1   0:05.03 python
  72898 eunji     20   0   10.2g 690276 236288 S   2.0   2.1   0:04.99 python
  72734 eunji     20   0   14064  11232   5704 S   0.0   0.0   0:00.10 python
%Cpu:  9.4 us,  0.2 sy,  0.0 ni, 90.4 id,  0.0 wa,  0.0 hi,  0.0 si,  0.0 st 
  72350 eunji     20   0   19.8g   6.9g 983972 R 102.0  22.1   1:32.96 python
  72797 eunji     20   0   10.2g 690320 236312 S   4.0   2.1   0:05.13 python
  72898 eunji     20   0   10.2g 690276 236288 S   3.0   2.1   0:05.02 python
  72735 eunji     20   0   10.2g 690180 236172 S   2.0   2.1   0:04.85 python
  72972 eunji     20   0   10.2g 690396 236360 S   2.0   2.1   0:05.05 python
  72734 eunji     20   0   14064  11232   5704 S   0.0   0.0   0:00.10 python
%Cpu:  8.7 us,  0.4 sy,  0.0 ni, 90.8 id,  0.0 wa,  0.0 hi,  0.0 si,  0.0 st 
  72350 eunji     20   0   19.8g   6.9g 983972 R 101.0  22.1   1:33.98 python
  72735 eunji     20   0   10.2g 690180 236172 S   3.0   2.1   0:04.88 python
  72797 eunji     20   0   10.2g 690320 236312 S   3.0   2.1   0:05.16 python
  72898 eunji     20   0   10.2g 690276 236288 S   3.0   2.1   0:05.05 python
  72972 eunji     20   0   10.2g 690396 236360 S   3.0   2.1   0:05.08 python
  72734 eunji     20   0   14064  11232   5704 S   0.0   0.0   0:00.10 python
%Cpu:  8.8 us,  0.3 sy,  0.0 ni, 90.8 id,  0.1 wa,  0.0 hi,  0.0 si,  0.0 st 
  72350 eunji     20   0   19.8g   6.9g 983972 R 102.0  22.1   1:35.01 python
  72735 eunji     20   0   10.2g 690180 236172 S   3.0   2.1   0:04.91 python
  72972 eunji     20   0   10.2g 690396 236360 S   3.0   2.1   0:05.11 python
  72797 eunji     20   0   10.2g 690320 236312 S   2.0   2.1   0:05.18 python
  72898 eunji     20   0   10.2g 690276 236288 S   2.0   2.1   0:05.07 python
  72734 eunji     20   0   14064  11232   5704 S   0.0   0.0   0:00.10 python
%Cpu:  7.2 us,  0.4 sy,  0.0 ni, 92.4 id,  0.0 wa,  0.0 hi,  0.0 si,  0.0 st 
  72350 eunji     20   0   19.8g   6.9g 983972 R 102.0  22.1   1:36.03 python
  72797 eunji     20   0   10.2g 690320 236312 S   3.0   2.1   0:05.21 python
  72972 eunji     20   0   10.2g 690396 236360 S   3.0   2.1   0:05.14 python
  72735 eunji     20   0   10.2g 690180 236172 S   2.0   2.1   0:04.93 python
  72898 eunji     20   0   10.2g 690276 236288 S   2.0   2.1   0:05.09 python
  72734 eunji     20   0   14064  11232   5704 S   0.0   0.0   0:00.10 python
%Cpu:  7.8 us,  0.4 sy,  0.0 ni, 91.8 id,  0.0 wa,  0.0 hi,  0.0 si,  0.0 st 
  72350 eunji     20   0   19.8g   6.9g 983972 R 102.0  22.1   1:37.06 python
  72898 eunji     20   0   10.2g 690276 236288 R   4.0   2.1   0:05.13 python
  72735 eunji     20   0   10.2g 690180 236172 S   3.0   2.1   0:04.96 python
  72797 eunji     20   0   10.2g 690320 236312 S   3.0   2.1   0:05.24 python
  72972 eunji     20   0   10.2g 690396 236360 S   2.0   2.1   0:05.16 python
  72734 eunji     20   0   14064  11232   5704 S   0.0   0.0   0:00.10 python
%Cpu:  9.6 us,  0.3 sy,  0.0 ni, 90.1 id,  0.0 wa,  0.0 hi,  0.0 si,  0.0 st 
  72350 eunji     20   0   19.8g   6.9g 983972 R 100.0  22.1   1:38.07 python
  72797 eunji     20   0   10.2g 690320 236312 S   2.0   2.1   0:05.26 python
  72898 eunji     20   0   10.2g 690276 236288 R   2.0   2.1   0:05.15 python
  72972 eunji     20   0   10.2g 690396 236360 S   2.0   2.1   0:05.18 python
  72735 eunji     20   0   10.2g 690180 236172 S   1.0   2.1   0:04.97 python
  72734 eunji     20   0   14064  11232   5704 S   0.0   0.0   0:00.10 python
%Cpu:  8.6 us,  0.4 sy,  0.0 ni, 90.9 id,  0.1 wa,  0.0 hi,  0.0 si,  0.0 st 
  72350 eunji     20   0   19.8g   6.9g 983972 R 103.0  22.1   1:39.10 python
  72735 eunji     20   0   10.2g 690180 236172 S   4.0   2.1   0:05.01 python
  72797 eunji     20   0   10.2g 690320 236312 S   3.0   2.1   0:05.29 python
  72972 eunji     20   0   10.2g 690396 236360 S   3.0   2.1   0:05.21 python
  72898 eunji     20   0   10.2g 690276 236288 S   2.0   2.1   0:05.17 python
  72734 eunji     20   0   14064  11232   5704 S   0.0   0.0   0:00.10 python
%Cpu:  6.9 us,  0.2 sy,  0.0 ni, 92.9 id,  0.0 wa,  0.0 hi,  0.0 si,  0.0 st 
  72350 eunji     20   0   19.8g   6.9g 983972 R 101.0  22.1   1:40.12 python
  72735 eunji     20   0   10.2g 690180 236172 S   3.0   2.1   0:05.04 python
  72797 eunji     20   0   10.2g 690320 236312 S   3.0   2.1   0:05.32 python
  72898 eunji     20   0   10.2g 690276 236288 S   3.0   2.1   0:05.20 python
  72972 eunji     20   0   10.2g 690396 236360 S   3.0   2.1   0:05.24 python
  72734 eunji     20   0   14064  11232   5704 S   0.0   0.0   0:00.10 python
%Cpu:  7.2 us,  0.5 sy,  0.0 ni, 92.2 id,  0.1 wa,  0.0 hi,  0.0 si,  0.0 st 
  72350 eunji     20   0   19.8g   6.9g 983972 R 102.0  22.1   1:41.15 python
  72797 eunji     20   0   10.2g 690320 236312 S   4.0   2.1   0:05.36 python
  72898 eunji     20   0   10.2g 690276 236288 S   4.0   2.1   0:05.24 python
  72972 eunji     20   0   10.2g 690396 236360 S   3.0   2.1   0:05.27 python
  72735 eunji     20   0   10.2g 690180 236172 S   2.0   2.1   0:05.06 python
  72734 eunji     20   0   14064  11232   5704 S   0.0   0.0   0:00.10 python
%Cpu:  7.5 us,  0.6 sy,  0.0 ni, 91.9 id,  0.0 wa,  0.0 hi,  0.0 si,  0.0 st 
  72350 eunji     20   0   19.8g   6.9g 983972 R 101.0  22.1   1:42.17 python
  72735 eunji     20   0   10.2g 690180 236172 S   3.0   2.1   0:05.09 python
  72797 eunji     20   0   10.2g 690320 236312 S   3.0   2.1   0:05.39 python
  72898 eunji     20   0   10.2g 690276 236288 S   3.0   2.1   0:05.27 python
  72972 eunji     20   0   10.2g 690396 236360 S   3.0   2.1   0:05.30 python
  72734 eunji     20   0   14064  11232   5704 S   0.0   0.0   0:00.10 python
%Cpu:  6.7 us,  0.2 sy,  0.0 ni, 93.0 id,  0.0 wa,  0.0 hi,  0.0 si,  0.0 st 
  72350 eunji     20   0   19.8g   6.9g 983972 R 103.0  22.1   1:43.20 python
  72735 eunji     20   0   10.2g 690180 236172 S   3.0   2.1   0:05.12 python
  72797 eunji     20   0   10.2g 690320 236312 S   2.0   2.1   0:05.41 python
  72898 eunji     20   0   10.2g 690276 236288 S   2.0   2.1   0:05.29 python
  72972 eunji     20   0   10.2g 690396 236360 R   2.0   2.1   0:05.32 python
  72734 eunji     20   0   14064  11232   5704 S   0.0   0.0   0:00.10 python
%Cpu:  7.2 us,  0.4 sy,  0.0 ni, 92.3 id,  0.1 wa,  0.0 hi,  0.0 si,  0.0 st 
  72350 eunji     20   0   19.8g   6.9g 984180 R 101.0  22.1   1:44.22 python
  72797 eunji     20   0   10.2g 690320 236312 S   3.0   2.1   0:05.44 python
  72898 eunji     20   0   10.2g 690276 236288 S   3.0   2.1   0:05.32 python
  72972 eunji     20   0   10.2g 690400 236360 S   3.0   2.1   0:05.35 python
  72735 eunji     20   0   10.2g 690180 236172 S   2.0   2.1   0:05.14 python
  72734 eunji     20   0   14064  11232   5704 S   0.0   0.0   0:00.10 python
%Cpu:  8.0 us,  0.3 sy,  0.0 ni, 91.6 id,  0.0 wa,  0.0 hi,  0.0 si,  0.0 st 
  72350 eunji     20   0   19.8g   6.9g 983972 R 102.0  22.1   1:45.25 python
  72797 eunji     20   0   10.2g 690320 236312 S   3.0   2.1   0:05.47 python
  72972 eunji     20   0   10.2g 690400 236360 S   3.0   2.1   0:05.38 python
  72735 eunji     20   0   10.2g 690180 236172 S   2.0   2.1   0:05.16 python
  72898 eunji     20   0   10.2g 690276 236288 S   2.0   2.1   0:05.34 python
  72734 eunji     20   0   14064  11232   5704 S   0.0   0.0   0:00.10 python
%Cpu:  7.9 us,  0.5 sy,  0.0 ni, 91.6 id,  0.0 wa,  0.0 hi,  0.0 si,  0.0 st 
  72350 eunji     20   0   19.8g   6.9g 983972 R 102.0  22.1   1:46.27 python
  72735 eunji     20   0   10.2g 690180 236172 S   4.0   2.1   0:05.20 python
  72898 eunji     20   0   10.2g 690276 236288 S   4.0   2.1   0:05.38 python
  72972 eunji     20   0   10.2g 690400 236360 S   4.0   2.1   0:05.42 python
  72797 eunji     20   0   10.2g 690320 236312 S   2.0   2.1   0:05.49 python
  72734 eunji     20   0   14064  11232   5704 S   0.0   0.0   0:00.10 python
%Cpu:  9.4 us,  0.4 sy,  0.0 ni, 90.2 id,  0.0 wa,  0.0 hi,  0.0 si,  0.0 st 
  72350 eunji     20   0   19.8g   6.9g 983972 R 102.0  22.1   1:47.30 python
  72735 eunji     20   0   10.2g 690180 236172 S   3.0   2.1   0:05.23 python
  72797 eunji     20   0   10.2g 690320 236312 S   3.0   2.1   0:05.52 python
  72898 eunji     20   0   10.2g 690276 236288 S   2.0   2.1   0:05.40 python
  72972 eunji     20   0   10.2g 690400 236360 S   2.0   2.1   0:05.44 python
  72734 eunji     20   0   14064  11232   5704 S   0.0   0.0   0:00.10 python
%Cpu:  8.1 us,  0.2 sy,  0.0 ni, 91.7 id,  0.0 wa,  0.0 hi,  0.0 si,  0.0 st 
  72350 eunji     20   0   19.8g   6.9g 983972 R 102.0  22.1   1:48.33 python
  72797 eunji     20   0   10.2g 690320 236312 S   4.0   2.1   0:05.56 python
  72898 eunji     20   0   10.2g 690276 236288 S   3.0   2.1   0:05.43 python
  72735 eunji     20   0   10.2g 690180 236172 S   2.0   2.1   0:05.25 python
  72972 eunji     20   0   10.2g 690400 236360 S   2.0   2.1   0:05.46 python
  72734 eunji     20   0   14064  11232   5704 S   0.0   0.0   0:00.10 python
%Cpu: 14.1 us,  2.4 sy,  0.0 ni, 83.5 id,  0.0 wa,  0.0 hi,  0.0 si,  0.0 st 
  72350 eunji     20   0   19.8g   6.9g 983972 R  80.0  22.1   1:48.37 python
  72734 eunji     20   0   14064  11232   5704 S   0.0   0.0   0:00.10 python
  72735 eunji     20   0   10.2g 690180 236172 S   0.0   2.1   0:05.25 python
  72797 eunji     20   0   10.2g 690320 236312 S   0.0   2.1   0:05.56 python
  72898 eunji     20   0   10.2g 690276 236288 S   0.0   2.1   0:05.43 python
  72972 eunji     20   0   10.2g 690400 236360 S   0.0   2.1   0:05.46 python
%Cpu: 12.3 us,  0.8 sy,  0.0 ni, 86.9 id,  0.0 wa,  0.0 hi,  0.0 si,  0.0 st 
  72350 eunji     20   0   19.8g   6.9g 983972 R 116.7  22.1   1:48.44 python
  72734 eunji     20   0   14064  11232   5704 S   0.0   0.0   0:00.10 python
  72735 eunji     20   0   10.2g 690180 236172 S   0.0   2.1   0:05.25 python
  72797 eunji     20   0   10.2g 690320 236312 S   0.0   2.1   0:05.56 python
  72898 eunji     20   0   10.2g 690276 236288 S   0.0   2.1   0:05.43 python
  72972 eunji     20   0   10.2g 690400 236360 S   0.0   2.1   0:05.46 python
%Cpu: 11.4 us,  0.8 sy,  0.0 ni, 87.9 id,  0.0 wa,  0.0 hi,  0.0 si,  0.0 st 
  72350 eunji     20   0   19.8g   6.9g 983972 R  85.7  22.1   1:48.50 python
  72972 eunji     20   0   10.2g 690400 236360 S  14.3   2.1   0:05.47 python
  72734 eunji     20   0   14064  11232   5704 S   0.0   0.0   0:00.10 python
  72735 eunji     20   0   10.2g 690180 236172 S   0.0   2.1   0:05.25 python
  72797 eunji     20   0   10.2g 690320 236312 S   0.0   2.1   0:05.56 python
  72898 eunji     20   0   10.2g 690276 236288 S   0.0   2.1   0:05.43 python
%Cpu: 11.2 us,  0.7 sy,  0.0 ni, 88.1 id,  0.0 wa,  0.0 hi,  0.0 si,  0.0 st 
  72350 eunji     20   0   19.8g   6.9g 983972 R 100.0  22.1   1:48.57 python
  72735 eunji     20   0   10.2g 690180 236172 S  14.3   2.1   0:05.26 python
  72797 eunji     20   0   10.2g 690320 236312 S  14.3   2.1   0:05.57 python
  72734 eunji     20   0   14064  11232   5704 S   0.0   0.0   0:00.10 python
  72898 eunji     20   0   10.2g 690276 236288 S   0.0   2.1   0:05.43 python
  72972 eunji     20   0   10.2g 690400 236360 S   0.0   2.1   0:05.47 python
%Cpu: 12.6 us,  1.8 sy,  0.0 ni, 85.6 id,  0.0 wa,  0.0 hi,  0.0 si,  0.0 st 
  72350 eunji     20   0   19.8g   6.9g 983972 R 100.0  22.1   1:48.63 python
  72898 eunji     20   0   10.2g 690276 236288 S  16.7   2.1   0:05.44 python
  72734 eunji     20   0   14064  11232   5704 S   0.0   0.0   0:00.10 python
  72735 eunji     20   0   10.2g 690180 236172 S   0.0   2.1   0:05.26 python
  72797 eunji     20   0   10.2g 690320 236312 S   0.0   2.1   0:05.57 python
  72972 eunji     20   0   10.2g 690400 236360 S   0.0   2.1   0:05.47 python
%Cpu:  9.2 us,  0.3 sy,  0.0 ni, 90.5 id,  0.0 wa,  0.0 hi,  0.0 si,  0.0 st 
  72350 eunji     20   0   19.8g   6.9g 983972 R 101.0  22.1   1:49.65 python
  72735 eunji     20   0   10.2g 690180 236172 S   3.0   2.1   0:05.29 python
  72972 eunji     20   0   10.2g 690400 236360 S   3.0   2.1   0:05.50 python
  72797 eunji     20   0   10.2g 690320 236312 S   2.0   2.1   0:05.59 python
  72898 eunji     20   0   10.2g 690276 236288 S   2.0   2.1   0:05.46 python
  72734 eunji     20   0   14064  11232   5704 S   0.0   0.0   0:00.10 python
%Cpu:  8.7 us,  0.5 sy,  0.0 ni, 90.7 id,  0.0 wa,  0.0 hi,  0.0 si,  0.0 st 
  72350 eunji     20   0   19.8g   6.9g 983972 R 102.0  22.1   1:50.67 python
  72735 eunji     20   0   10.2g 690180 236172 S   3.0   2.1   0:05.32 python
  72797 eunji     20   0   10.2g 690320 236312 S   2.0   2.1   0:05.61 python
  72898 eunji     20   0   10.2g 690276 236288 S   2.0   2.1   0:05.48 python
  72972 eunji     20   0   10.2g 690400 236360 S   2.0   2.1   0:05.52 python
  72734 eunji     20   0   14064  11232   5704 S   0.0   0.0   0:00.10 python
%Cpu: 11.1 us,  2.6 sy,  0.0 ni, 86.1 id,  0.3 wa,  0.0 hi,  0.0 si,  0.0 st 
  72350 eunji     20   0   19.8g   6.9g 983972 R 100.0  22.1   1:50.85 python
  72797 eunji     20   0   10.2g 690320 236312 S   5.6   2.1   0:05.62 python
  72734 eunji     20   0   14064  11232   5704 S   0.0   0.0   0:00.10 python
  72735 eunji     20   0   10.2g 690180 236172 S   0.0   2.1   0:05.32 python
  72898 eunji     20   0   10.2g 690276 236288 S   0.0   2.1   0:05.48 python
  72972 eunji     20   0   10.2g 690400 236360 S   0.0   2.1   0:05.52 python
%Cpu:  8.2 us,  0.6 sy,  0.0 ni, 91.0 id,  0.1 wa,  0.0 hi,  0.0 si,  0.0 st 
  72350 eunji     20   0   19.8g   6.9g 983972 R 102.0  22.1   1:51.88 python
  72898 eunji     20   0   10.2g 690276 236288 S   4.0   2.1   0:05.52 python
  72972 eunji     20   0   10.2g 690400 236360 S   4.0   2.1   0:05.56 python
  72735 eunji     20   0   10.2g 690180 236172 S   3.0   2.1   0:05.35 python
  72797 eunji     20   0   10.2g 690320 236312 S   2.0   2.1   0:05.64 python
  72734 eunji     20   0   14064  11232   5704 S   0.0   0.0   0:00.10 python
