%Cpu:  4.7 us,  2.4 sy,  0.0 ni, 92.4 id,  0.5 wa,  0.0 hi,  0.0 si,  0.0 st 
 167067 eunji     20   0 3685900 163492  97772 R 100.0   0.5   0:00.20 python
%Cpu:  5.2 us,  6.7 sy,  0.0 ni, 88.1 id,  0.0 wa,  0.0 hi,  0.0 si,  0.0 st 
 167067 eunji     20   0 9642836 394320 215364 R 233.7   1.2   0:02.56 python
%Cpu:  2.9 us,  2.2 sy,  0.0 ni, 94.8 id,  0.0 wa,  0.0 hi,  0.0 si,  0.0 st 
 167067 eunji     20   0   10.4g   1.6g 218560 R 100.0   5.3   0:03.57 python
%Cpu:  4.4 us,  0.8 sy,  0.0 ni, 94.8 id,  0.0 wa,  0.0 hi,  0.0 si,  0.0 st 
 167067 eunji     20   0   11.1g   2.3g 218560 R  99.0   7.3   0:04.56 python
%Cpu:  4.4 us,  0.9 sy,  0.0 ni, 94.6 id,  0.0 wa,  0.0 hi,  0.0 si,  0.0 st 
 167067 eunji     20   0   11.7g   2.9g 218560 R 100.0   9.3   0:05.57 python
%Cpu:  3.9 us,  1.3 sy,  0.0 ni, 94.8 id,  0.0 wa,  0.0 hi,  0.0 si,  0.0 st 
 167067 eunji     20   0   11.0g   2.1g 278604 R  97.0   6.9   0:06.55 python
%Cpu:  4.6 us,  2.1 sy,  0.0 ni, 93.2 id,  0.0 wa,  0.0 hi,  0.0 si,  0.0 st 
 167067 eunji     20   0   13.0g   3.3g 531020 R 100.0  10.5   0:07.55 python
 167149 eunji     20   0 3706856 240616 153152 R  25.0   0.7   0:00.25 python
%Cpu:  9.4 us,  8.3 sy,  0.0 ni, 82.2 id,  0.1 wa,  0.0 hi,  0.0 si,  0.0 st 
 167067 eunji     20   0   15.3g   4.7g 756544 R 100.0  14.9   0:08.56 python
%Cpu:  4.8 us,  2.6 sy,  0.0 ni, 92.5 id,  0.1 wa,  0.0 hi,  0.0 si,  0.0 st 
 167067 eunji     20   0   17.0g   6.1g 794784 R 103.0  19.6   0:09.59 python
%Cpu:  4.9 us,  1.0 sy,  0.0 ni, 94.0 id,  0.0 wa,  0.0 hi,  0.0 si,  0.0 st 
 167067 eunji     20   0   17.6g   6.7g 794784 R  99.0  21.5   0:10.59 python
%Cpu:  5.0 us,  0.9 sy,  0.0 ni, 94.1 id,  0.0 wa,  0.0 hi,  0.0 si,  0.0 st 
 167067 eunji     20   0   18.2g   7.3g 794784 R 100.0  23.5   0:11.60 python
%Cpu:  3.5 us,  0.7 sy,  0.0 ni, 95.7 id,  0.1 wa,  0.0 hi,  0.0 si,  0.0 st 
 167067 eunji     20   0   17.3g   6.4g 795080 S  72.0  20.4   0:12.32 python
%Cpu:  0.1 us,  0.1 sy,  0.0 ni, 99.7 id,  0.0 wa,  0.0 hi,  0.0 si,  0.0 st 
 167067 eunji     20   0   17.3g   6.4g 795080 S   0.0  20.4   0:12.32 python
%Cpu:  0.1 us,  0.2 sy,  0.0 ni, 99.6 id,  0.0 wa,  0.0 hi,  0.0 si,  0.0 st 
 167067 eunji     20   0   17.3g   6.4g 795080 S   1.0  20.4   0:12.33 python
%Cpu:  1.9 us,  2.3 sy,  0.0 ni, 95.7 id,  0.0 wa,  0.0 hi,  0.0 si,  0.0 st 
 167257 eunji     20   0 3723548 259016 154588 R  33.7   0.8   0:00.34 python
 167067 eunji     20   0   18.4g   7.2g 795080 R  28.7  23.0   0:12.62 python
%Cpu:  9.7 us,  7.3 sy,  0.0 ni, 83.0 id,  0.0 wa,  0.0 hi,  0.0 si,  0.0 st 
 167067 eunji     20   0   18.4g   7.5g 795080 R 100.0  24.0   0:13.63 python
%Cpu:  5.3 us,  0.2 sy,  0.0 ni, 94.5 id,  0.0 wa,  0.0 hi,  0.0 si,  0.0 st 
 167067 eunji     20   0   18.4g   7.5g 795080 R 101.0  24.0   0:14.64 python
%Cpu:  4.6 us,  0.8 sy,  0.0 ni, 94.5 id,  0.0 wa,  0.0 hi,  0.0 si,  0.0 st 
 167067 eunji     20   0   17.5g   6.6g 795080 S  82.2  21.2   0:15.47 python
%Cpu:  1.2 us,  0.5 sy,  0.0 ni, 98.3 id,  0.0 wa,  0.0 hi,  0.0 si,  0.0 st 
 167067 eunji     20   0   17.5g   6.6g 795080 S   0.0  21.2   0:15.47 python
%Cpu:  1.8 us,  1.9 sy,  0.0 ni, 96.2 id,  0.0 wa,  0.0 hi,  0.0 si,  0.0 st 
 167067 eunji     20   0   17.7g   6.7g 795140 R  22.8  21.6   0:15.70 python
 167326 eunji     20   0   19332  11252   5772 S  10.9   0.0   0:00.11 python
%Cpu:  3.3 us,  2.0 sy,  0.0 ni, 94.7 id,  0.0 wa,  0.0 hi,  0.0 si,  0.0 st 
 167350 eunji     20   0 8328120 326036 187388 R  68.3   1.0   0:00.69 python
 167067 eunji     20   0   17.8g   6.9g 795140 S  33.7  22.1   0:16.04 python
 167326 eunji     20   0   19332  11252   5772 S   0.0   0.0   0:00.11 python
%Cpu:  4.0 us,  8.8 sy,  0.0 ni, 87.2 id,  0.0 wa,  0.0 hi,  0.0 si,  0.0 st 
 167350 eunji     20   0 9722064 661352 214772 S 202.0   2.0   0:02.71 python
 167067 eunji     20   0   17.8g   6.9g 795140 S  48.0  22.1   0:16.52 python
 167407 eunji     20   0       8      8      0 R   2.0   0.0   0:00.02 python
 167326 eunji     20   0   19332  11252   5772 S   0.0   0.0   0:00.11 python
