%Cpu: 16.0 us, 10.5 sy,  0.0 ni, 68.5 id,  5.0 wa,  0.0 hi,  0.0 si,  0.0 st 
 303233 eunji     20   0   19.7g   6.5g 604032 R 100.0  20.9   0:19.87 python
 303853 eunji     20   0   19.1g   7.2g 508124 R  90.9  23.1   0:13.84 python
 305150 eunji     20   0 3658064 113768  70524 R  72.7   0.3   0:00.16 python
 304890 eunji     20   0   10.2g 688172 234280 S   9.1   2.1   0:02.91 python
 304472 eunji     20   0   14064  10892   5364 S   0.0   0.0   0:00.11 python
 304493 eunji     20   0   10.2g 688044 234068 S   0.0   2.1   0:02.83 python
 304626 eunji     20   0   10.2g 688300 234360 S   0.0   2.1   0:02.75 python
 304736 eunji     20   0   10.2g 688160 234208 S   0.0   2.1   0:02.92 python
%Cpu: 16.0 us,  9.2 sy,  0.0 ni, 73.1 id,  1.7 wa,  0.0 hi,  0.0 si,  0.0 st 
 305150 eunji     20   0 9302180 368632 205856 R 198.0   1.1   0:02.16 python
 303233 eunji     20   0   19.7g   6.3g 389712 R 102.0  20.3   0:20.90 python
 303853 eunji     20   0   19.1g   7.1g 362764 R 101.0  22.7   0:14.86 python
 304890 eunji     20   0   10.2g 687632 233692 S   5.0   2.1   0:02.96 python
 304493 eunji     20   0   10.2g 687556 233564 S   3.0   2.1   0:02.86 python
 304626 eunji     20   0   10.2g 687780 233820 S   3.0   2.1   0:02.78 python
 304736 eunji     20   0   10.2g 687716 233740 S   2.0   2.1   0:02.94 python
 304472 eunji     20   0   14064  10876   5348 S   0.0   0.0   0:00.11 python
%Cpu: 15.2 us,  6.6 sy,  0.0 ni, 77.4 id,  0.8 wa,  0.0 hi,  0.0 si,  0.0 st 
 303233 eunji     20   0   19.7g   6.2g 290540 R 101.0  20.0   0:21.94 python
 303853 eunji     20   0   19.2g   7.0g 273092 R  99.0  22.5   0:15.88 python
 305150 eunji     20   0   11.1g 979.2m 185608 R  98.1   3.1   0:03.17 python
 304626 eunji     20   0   10.2g 637064 183100 S   4.9   1.9   0:02.83 python
 304890 eunji     20   0   10.2g 636832 182892 R   3.9   1.9   0:03.00 python
 304736 eunji     20   0   10.2g 636964 182988 S   2.9   1.9   0:02.97 python
 304493 eunji     20   0   10.2g 636960 182964 S   1.9   1.9   0:02.88 python
 304472 eunji     20   0   14064  10604   5076 S   0.0   0.0   0:00.11 python
%Cpu: 13.0 us,  6.2 sy,  0.0 ni, 79.6 id,  1.2 wa,  0.0 hi,  0.0 si,  0.0 st 
 303233 eunji     20   0   19.7g   6.1g 124716 R 100.0  19.5   0:22.95 python
 305150 eunji     20   0   11.5g   1.7g  28204 R 100.0   5.5   0:04.18 python
 303853 eunji     20   0   18.3g   6.0g 113876 S  69.3  19.2   0:16.58 python
 304493 eunji     20   0   10.2g 479328  25332 S   3.0   1.5   0:02.91 python
 304626 eunji     20   0   10.2g 479556  25564 S   3.0   1.5   0:02.86 python
 304736 eunji     20   0   10.2g 479552  25508 S   3.0   1.5   0:03.00 python
 304890 eunji     20   0   10.2g 479460  25512 S   3.0   1.5   0:03.03 python
 304472 eunji     20   0   14064   9196   3668 S   0.0   0.0   0:00.11 python
%Cpu: 13.7 us,  2.1 sy,  0.0 ni, 83.8 id,  0.4 wa,  0.0 hi,  0.0 si,  0.0 st 
 303233 eunji     20   0   19.7g   6.1g 124716 R 102.0  19.5   0:23.98 python
 305150 eunji     20   0   12.1g   2.3g  28204 R 100.0   7.4   0:05.19 python
 304493 eunji     20   0   10.2g 479328  25332 S   4.0   1.5   0:02.95 python
 304890 eunji     20   0   10.2g 479468  25520 S   4.0   1.5   0:03.07 python
 304626 eunji     20   0   10.2g 479564  25572 S   2.0   1.5   0:02.88 python
 304736 eunji     20   0   10.2g 479560  25516 S   2.0   1.5   0:03.02 python
 303853 eunji     20   0   18.3g   6.0g 113876 S   0.0  19.2   0:16.58 python
 304472 eunji     20   0   14064   9196   3668 S   0.0   0.0   0:00.11 python
%Cpu: 12.1 us,  8.3 sy,  0.0 ni, 77.2 id,  2.3 wa,  0.0 hi,  0.0 si,  0.0 st 
 303233 eunji     20   0   19.7g   6.1g 109300 R 101.0  19.4   0:25.00 python
 305150 eunji     20   0   12.7g   2.9g  10376 R 100.0   9.2   0:06.20 python
 303853 eunji     20   0   18.5g   6.1g  97892 R  32.7  19.7   0:16.91 python
 305474 eunji     20   0   14064   9344   3816 S  11.9   0.0   0:00.12 python
 304493 eunji     20   0   10.2g 464084  10088 S   4.0   1.4   0:02.99 python
 304736 eunji     20   0   10.2g 464176  10132 S   4.0   1.4   0:03.06 python
 304890 eunji     20   0   10.2g 464032  10084 S   4.0   1.4   0:03.11 python
 304626 eunji     20   0   10.2g 464152  10156 S   3.0   1.4   0:02.91 python
 304472 eunji     20   0   14064   9068   3540 S   0.0   0.0   0:00.11 python
%Cpu:  1.9 us, 87.1 sy,  0.0 ni,  4.7 id,  6.2 wa,  0.0 hi,  0.1 si,  0.0 st 
 305150 eunji     20   0   12.7g   2.9g   3208 R  93.1   9.3   0:07.15 python
 303853 eunji     20   0   18.6g   6.2g  90636 R  75.5  19.9   0:17.68 python
 303233 eunji     20   0   19.7g   6.1g 100056 R  53.9  19.4   0:25.55 python
 304890 eunji     20   0   10.2g 457112   3164 S  10.8   1.4   0:03.22 python
 304472 eunji     20   0   14064   7976   2448 S   0.0   0.0   0:00.11 python
 304493 eunji     20   0   10.2g 457168   3172 S   0.0   1.4   0:02.99 python
 304626 eunji     20   0   10.2g 457160   3164 S   0.0   1.4   0:02.91 python
 304736 eunji     20   0   10.2g 457216   3172 S   0.0   1.4   0:03.06 python
 305474 eunji     20   0   14064   7976   2448 S   0.0   0.0   0:00.12 python
%Cpu:  0.5 us, 99.1 sy,  0.0 ni,  0.0 id,  0.2 wa,  0.0 hi,  0.3 si,  0.0 st 
 305150 eunji     20   0   12.7g   2.9g    916 R  39.7   9.3   0:07.67 python
 303233 eunji     20   0   19.7g   6.0g  96428 R  18.3  19.4   0:25.79 python
 303853 eunji     20   0   18.6g   6.2g  88244 R  18.3  19.9   0:17.92 python
 304472 eunji     20   0   14064   6204    676 S   0.0   0.0   0:00.11 python
 304493 eunji     20   0   10.2g 454936    940 S   0.0   1.4   0:02.99 python
 304626 eunji     20   0   10.2g 454936    940 S   0.0   1.4   0:02.91 python
 304736 eunji     20   0   10.2g 454984    940 S   0.0   1.4   0:03.06 python
 304890 eunji     20   0   10.2g 454888    940 S   0.0   1.4   0:03.22 python
 305474 eunji     20   0   14064   6204    676 S   0.0   0.0   0:00.12 python
%Cpu:  0.2 us, 99.6 sy,  0.0 ni,  0.0 id,  0.0 wa,  0.0 hi,  0.2 si,  0.0 st 
 305150 eunji     20   0   12.7g   2.9g    356 R  51.0   9.3   0:08.41 python
 303233 eunji     20   0   19.7g   6.0g  96276 R  49.0  19.4   0:26.50 python
 303853 eunji     20   0   18.6g   6.2g  88156 R  44.1  19.9   0:18.56 python
 304736 eunji     20   0   10.2g 454344    300 S   4.1   1.4   0:03.12 python
 304493 eunji     20   0   10.2g 454308    312 R   2.8   1.4   0:03.03 python
 304626 eunji     20   0   10.2g 454476    480 R   2.8   1.4   0:02.95 python
 304890 eunji     20   0   10.2g 454248    300 S   2.1   1.4   0:03.25 python
 304472 eunji     20   0   14064   5544     16 S   0.0   0.0   0:00.11 python
 305474 eunji     20   0   14064   5544     16 S   0.0   0.0   0:00.12 python
%Cpu:  0.8 us, 98.9 sy,  0.0 ni,  0.0 id,  0.1 wa,  0.0 hi,  0.3 si,  0.0 st 
 303233 eunji     20   0   19.7g   6.0g  96984 R   9.9  19.4   0:27.00 python
 305150 eunji     20   0   12.7g   2.9g    416 R   4.6   9.3   0:08.64 python
 303853 eunji     20   0   18.6g   6.2g  88064 R   3.4  19.9   0:18.73 python
 304493 eunji     20   0   10.2g 454656    660 R   1.2   1.4   0:03.09 python
 304626 eunji     20   0   10.2g 454680    684 S   0.2   1.4   0:02.96 python
 304472 eunji     20   0   14064   5536      8 S   0.0   0.0   0:00.11 python
 304736 eunji     20   0   10.2g 454200    156 S   0.0   1.4   0:03.12 python
 304890 eunji     20   0   10.2g 454104    156 S   0.0   1.4   0:03.25 python
 305474 eunji     20   0   14064   5536      8 S   0.0   0.0   0:00.12 python
%Cpu:  0.6 us, 99.0 sy,  0.0 ni,  0.0 id,  0.0 wa,  0.0 hi,  0.3 si,  0.0 st 
 303853 eunji     20   0   18.6g   6.2g  87648 D  10.9  19.9   0:19.63 python
 303233 eunji     20   0   19.7g   6.0g  96236 R   9.6  19.4   0:27.79 python
 305150 eunji     20   0   12.7g   2.9g    672 R   5.5   9.3   0:09.09 python
 304626 eunji     20   0   10.2g 454380    384 R   1.7   1.4   0:03.10 python
 304493 eunji     20   0   10.2g 454200    204 R   1.3   1.4   0:03.20 python
 304890 eunji     20   0   10.2g 454228    280 R   1.0   1.4   0:03.33 python
 304736 eunji     20   0   10.2g 454312    268 R   0.4   1.4   0:03.15 python
 304472 eunji     20   0   14064   5532      4 S   0.0   0.0   0:00.11 python
 305474 eunji     20   0   14064   5532      4 S   0.0   0.0   0:00.12 python
%Cpu:  0.6 us, 99.1 sy,  0.0 ni,  0.0 id,  0.0 wa,  0.0 hi,  0.3 si,  0.0 st 
 305150 eunji     20   0   12.7g   2.9g    716 D   1.8   9.3   0:09.29 python
 303853 eunji     20   0   18.6g   6.2g  88072 R   1.4  19.9   0:19.78 python
 303233 eunji     20   0   19.7g   6.0g  95848 R   1.0  19.4   0:27.90 python
 304493 eunji     20   0   10.2g 454224    228 S   0.5   1.4   0:03.25 python
 304626 eunji     20   0   10.2g 454228    232 S   0.3   1.4   0:03.13 python
 304890 eunji     20   0   10.2g 454176    228 S   0.2   1.4   0:03.35 python
 304472 eunji     20   0   14064   5532      4 S   0.0   0.0   0:00.11 python
 304736 eunji     20   0   10.2g 454272    228 S   0.0   1.4   0:03.15 python
 305474 eunji     20   0   14064   5532      4 S   0.0   0.0   0:00.12 python
%Cpu:  1.0 us, 98.7 sy,  0.0 ni,  0.0 id,  0.0 wa,  0.0 hi,  0.2 si,  0.0 st 
 303853 eunji     20   0   18.8g   6.3g  87544 R  27.6  20.2   0:21.98 python
 303233 eunji     20   0   19.7g   6.0g  96072 R  18.1  19.4   0:29.34 python
 305150 eunji     20   0   12.7g   2.9g    380 R  10.9   9.3   0:10.16 python
 304890 eunji     20   0   10.2g 454096    148 S   1.6   1.4   0:03.48 python
 304626 eunji     20   0   10.2g 454148    152 S   1.5   1.4   0:03.25 python
 304736 eunji     20   0   10.2g 454192    148 S   1.4   1.4   0:03.26 python
 304493 eunji     20   0   10.2g 454144    148 S   0.9   1.4   0:03.32 python
 304472 eunji     20   0   14064   5532      4 S   0.0   0.0   0:00.11 python
 305474 eunji     20   0   14064   5532      4 S   0.0   0.0   0:00.12 python
%Cpu:  0.8 us, 98.8 sy,  0.0 ni,  0.0 id,  0.0 wa,  0.0 hi,  0.4 si,  0.0 st 
 303853 eunji     20   0   18.8g   6.3g  87644 R   4.8  20.2   0:22.43 python
 303233 eunji     20   0   19.7g   6.0g  96840 R   2.9  19.4   0:29.61 python
 304493 eunji     20   0   10.2g 455472   1476 R   2.7   1.4   0:03.57 python
 305150 eunji     20   0   12.7g   2.9g    504 R   2.3   9.3   0:10.37 python
 304626 eunji     20   0   10.2g 455432   1436 R   2.1   1.4   0:03.45 python
 304736 eunji     20   0   10.2g 454364    320 R   0.4   1.4   0:03.30 python
 304890 eunji     20   0   10.2g 454180    232 R   0.1   1.4   0:03.49 python
 304472 eunji     20   0   14064   5532      4 S   0.0   0.0   0:00.11 python
 305474 eunji     20   0   14064   5532      4 S   0.0   0.0   0:00.12 python
%Cpu:  1.0 us, 98.7 sy,  0.0 ni,  0.0 id,  0.0 wa,  0.0 hi,  0.3 si,  0.0 st 
 303853 eunji     20   0   18.8g   6.3g  87616 R   5.1  20.3   0:23.35 python
 303233 eunji     20   0   19.7g   6.0g  96824 R   4.6  19.4   0:30.44 python
 305150 eunji     20   0   12.7g   2.9g    364 R   3.6   9.3   0:11.02 python
 304890 eunji     20   0   10.2g 455176   1228 S   1.5   1.4   0:03.76 python
 304493 eunji     20   0   10.2g 455088   1092 S   0.9   1.4   0:03.74 python
 304626 eunji     20   0   10.2g 455212   1216 S   0.9   1.4   0:03.61 python
 304736 eunji     20   0   10.2g 455196   1152 S   0.9   1.4   0:03.46 python
 304472 eunji     20   0   14064   5532      4 S   0.0   0.0   0:00.11 python
 305474 eunji     20   0   14064   5532      4 S   0.0   0.0   0:00.12 python
%Cpu:  1.3 us, 98.4 sy,  0.0 ni,  0.0 id,  0.0 wa,  0.0 hi,  0.3 si,  0.0 st 
 303853 eunji     20   0   18.8g   6.3g  87684 R  28.1  20.3   0:24.65 python
 303233 eunji     20   0   19.7g   6.0g  96116 R  18.6  19.4   0:31.30 python
 304736 eunji     20   0   10.2g 454228    184 R   8.9   1.4   0:03.87 python
 304890 eunji     20   0   10.2g 454244    296 R   6.1   1.4   0:04.04 python
 305150 eunji     20   0   12.7g   2.9g    256 R   4.8   9.3   0:11.24 python
 304493 eunji     20   0   10.2g 454248    252 S   4.5   1.4   0:03.95 python
 304626 eunji     20   0   10.2g 454176    180 R   3.9   1.4   0:03.79 python
 304472 eunji     20   0   14064   5532      4 S   0.0   0.0   0:00.11 python
 305474 eunji     20   0   14064   5532      4 S   0.0   0.0   0:00.12 python
%Cpu:  2.6 us, 97.0 sy,  0.0 ni,  0.0 id,  0.0 wa,  0.0 hi,  0.4 si,  0.0 st 
 303853 eunji     20   0   18.8g   6.4g  87716 R   5.1  20.5   0:36.12 python
 303233 eunji     20   0   19.7g   6.0g  95924 R   4.4  19.4   0:41.20 python
 305150 eunji     20   0   12.7g   2.9g    584 R   1.6   9.3   0:14.92 python
 304736 eunji     20   0   10.2g 454616    572 R   1.3   1.4   0:06.84 python
 304890 eunji     20   0   10.2g 454048    100 R   1.3   1.4   0:06.89 python
 304493 eunji     20   0   10.2g 454300    304 D   1.1   1.4   0:06.49 python
 304626 eunji     20   0   10.2g 454340    344 S   0.9   1.4   0:05.88 python
 304472 eunji     20   0   14064   5532      4 S   0.0   0.0   0:00.11 python
 305474 eunji     20   0   14064   5532      4 S   0.0   0.0   0:00.12 python
%Cpu:  2.4 us, 97.3 sy,  0.0 ni,  0.0 id,  0.0 wa,  0.0 hi,  0.2 si,  0.0 st 
 303233 eunji     20   0   19.7g   6.0g  96728 R  30.3  19.4   0:49.34 python
 303853 eunji     20   0   18.5g   6.2g  88116 D  19.8  19.9   0:41.45 python
 305150 eunji     20   0   12.7g   2.9g     40 R  14.5   9.3   0:18.81 python
 304890 eunji     20   0   10.2g 453980     32 R   9.9   1.4   0:09.55 python
 304736 eunji     20   0   10.2g 454076     32 R   7.3   1.4   0:08.80 python
 304493 eunji     20   0   10.2g 454028     32 R   6.1   1.4   0:08.12 python
 304626 eunji     20   0   10.2g 454864    868 D   5.3   1.4   0:07.31 python
 304472 eunji     20   0   14064   5532      4 S   0.0   0.0   0:00.11 python
 305474 eunji     20   0   14064   5532      4 S   0.0   0.0   0:00.12 python
%Cpu: 11.2 us, 88.2 sy,  0.0 ni,  0.0 id,  0.2 wa,  0.0 hi,  0.4 si,  0.0 st 
 303233 eunji     20   0   19.7g   6.0g  97048 R   0.1  19.4   0:49.45 python
 303853 eunji     20   0   18.5g   6.2g  89028 R   0.0  19.9   0:41.51 python
 304493 eunji     20   0   10.2g 455960   1964 S   0.0   1.4   0:08.13 python
 304736 eunji     20   0   10.2g 454808    764 S   0.0   1.4   0:08.81 python
 304472 eunji     20   0   14064   5532      4 S   0.0   0.0   0:00.11 python
 304626 eunji     20   0   10.2g 454576    580 S   0.0   1.4   0:07.31 python
 304890 eunji     20   0   10.2g 454528    580 S   0.0   1.4   0:09.55 python
 305150 eunji     20   0   12.7g   2.9g   1252 R   0.0   9.3   0:18.81 python
 305474 eunji     20   0   14064   5532      4 S   0.0   0.0   0:00.12 python
%Cpu:  1.8 us, 97.5 sy,  0.0 ni,  0.0 id,  0.4 wa,  0.0 hi,  0.3 si,  0.0 st 
 303853 eunji     20   0   18.5g   6.2g  87916 R  23.3  19.9   0:41.81 python
 305150 eunji     20   0   12.7g   2.9g   1968 R   7.0   9.3   0:18.90 python
 303233 eunji     20   0   19.7g   6.0g  97124 R   4.7  19.4   0:49.51 python
 304890 eunji     20   0   10.2g 455936   1988 S   1.6   1.4   0:09.57 python
 304472 eunji     20   0   14064   5532      4 S   0.0   0.0   0:00.11 python
 304493 eunji     20   0   10.2g 454568    572 S   0.0   1.4   0:08.13 python
 304626 eunji     20   0   10.2g 454428    432 S   0.0   1.4   0:07.31 python
 304736 eunji     20   0   10.2g 454628    584 S   0.0   1.4   0:08.81 python
 305474 eunji     20   0   14064   5532      4 S   0.0   0.0   0:00.12 python
%Cpu:  2.2 us, 96.3 sy,  0.0 ni,  0.0 id,  1.3 wa,  0.0 hi,  0.2 si,  0.0 st 
 303853 eunji     20   0   18.5g   6.2g  88200 R  24.7  19.9   0:42.21 python
 305150 eunji     20   0   12.8g   2.9g    652 R  19.1   9.4   0:19.21 python
 303233 eunji     20   0   19.7g   6.0g  96372 R  16.0  19.4   0:49.77 python
 304493 eunji     20   0   10.2g 454428    432 S   0.6   1.4   0:08.14 python
 304626 eunji     20   0   10.2g 454440    444 S   0.6   1.4   0:07.32 python
 304472 eunji     20   0   14064   5532      4 S   0.0   0.0   0:00.11 python
 304736 eunji     20   0   10.2g 454364    320 S   0.0   1.4   0:08.81 python
 304890 eunji     20   0   10.2g 454336    388 S   0.0   1.4   0:09.57 python
 305474 eunji     20   0   14064   5532      4 S   0.0   0.0   0:00.12 python
%Cpu:  0.7 us, 98.9 sy,  0.0 ni,  0.0 id,  0.1 wa,  0.0 hi,  0.2 si,  0.0 st 
 305584 eunji     20   0   18.5g   6.2g  42316 D  11.3  19.8   0:00.20 python
 305150 eunji     20   0   12.8g   2.9g   2432 R  10.7   9.4   0:19.40 python
 303233 eunji     20   0   19.7g   6.0g  99568 D  10.2  19.4   0:49.95 python
 303853 eunji     20   0   18.5g   6.2g  88376 R   5.6  19.9   0:42.31 python
 304626 eunji     20   0   10.2g 455464   1468 S   0.6   1.4   0:07.33 python
 304890 eunji     20   0   10.2g 454272    324 S   0.6   1.4   0:09.58 python
 304472 eunji     20   0   14064   5532      4 S   0.0   0.0   0:00.11 python
 304493 eunji     20   0   10.2g 454308    312 S   0.0   1.4   0:08.14 python
 304736 eunji     20   0   10.2g 455872   1828 S   0.0   1.4   0:08.81 python
 305474 eunji     20   0   14064   5532      4 S   0.0   0.0   0:00.12 python
%Cpu:  1.9 us, 97.7 sy,  0.0 ni,  0.0 id,  0.1 wa,  0.0 hi,  0.3 si,  0.0 st 
 305150 eunji     20   0   12.8g   2.9g   1804 R  13.2   9.4   0:19.55 python
 303233 eunji     20   0   19.7g   6.0g  96568 R  12.3  19.4   0:50.09 python
 303853 eunji     20   0   18.5g   6.2g  88392 R   9.6  19.9   0:42.42 python
 304493 eunji     20   0   10.2g 455492   1496 S   3.5   1.4   0:08.18 python
 305584 eunji     20   0   18.5g   6.2g  41340 R   2.6  19.8   0:00.23 python
 304472 eunji     20   0   14064   5532      4 S   0.0   0.0   0:00.11 python
 304626 eunji     20   0   10.2g 454484    488 S   0.0   1.4   0:07.33 python
 304736 eunji     20   0   10.2g 454484    440 S   0.0   1.4   0:08.81 python
 304890 eunji     20   0   10.2g 454312    364 S   0.0   1.4   0:09.58 python
 305474 eunji     20   0   14064   5532      4 S   0.0   0.0   0:00.12 python
%Cpu:  0.9 us, 98.6 sy,  0.0 ni,  0.0 id,  0.3 wa,  0.0 hi,  0.2 si,  0.0 st 
 305584 eunji     20   0   18.5g   6.2g  41404 R  15.0  19.8   0:00.55 python
 305150 eunji     20   0   12.8g   2.9g   1784 R  12.2   9.4   0:19.81 python
 303853 eunji     20   0   18.5g   6.2g  88836 S  10.8  19.9   0:42.65 python
 303233 eunji     20   0   19.7g   6.0g  96676 R   6.6  19.4   0:50.23 python
 304890 eunji     20   0   10.2g 454228    280 S   3.8   1.4   0:09.66 python
 304472 eunji     20   0   14064   5532      4 S   0.0   0.0   0:00.11 python
 304493 eunji     20   0   10.2g 454280    284 S   0.0   1.4   0:08.18 python
 304626 eunji     20   0   10.2g 454280    284 S   0.0   1.4   0:07.33 python
 304736 eunji     20   0   10.2g 454292    248 S   0.0   1.4   0:08.81 python
 305474 eunji     20   0   14064   5532      4 S   0.0   0.0   0:00.12 python
%Cpu:  2.0 us, 97.7 sy,  0.0 ni,  0.0 id,  0.1 wa,  0.0 hi,  0.2 si,  0.0 st 
 303233 eunji     20   0   19.7g   6.0g  95908 R  11.0  19.4   0:50.44 python
 305584 eunji     20   0   18.5g   6.2g  42120 R  10.5  19.8   0:00.75 python
 305150 eunji     20   0   12.8g   2.9g    300 R   9.4   9.4   0:19.99 python
 303853 eunji     20   0   18.5g   6.2g  87860 S   0.5  19.9   0:42.66 python
 304472 eunji     20   0   14064   5532      4 S   0.0   0.0   0:00.11 python
 304493 eunji     20   0   10.2g 455832   1836 S   0.0   1.4   0:08.18 python
 304626 eunji     20   0   10.2g 454244    248 S   0.0   1.4   0:07.33 python
 304736 eunji     20   0   10.2g 454284    240 S   0.0   1.4   0:08.81 python
 304890 eunji     20   0   10.2g 454164    216 S   0.0   1.4   0:09.66 python
 305474 eunji     20   0   14064   5532      4 S   0.0   0.0   0:00.12 python
%Cpu:  1.1 us, 98.7 sy,  0.0 ni,  0.0 id,  0.1 wa,  0.0 hi,  0.2 si,  0.0 st 
 303233 eunji     20   0   19.7g   6.0g  96236 R   6.8  19.4   0:50.65 python
 305150 eunji     20   0   12.8g   2.9g   1172 R   6.5   9.4   0:20.19 python
 305584 eunji     20   0       8      8      0 R   5.5   0.0   0:00.92 python
 304890 eunji     20   0   10.2g 454228    280 S   0.3   1.4   0:09.67 python
 303853 eunji     20   0   18.5g   6.2g  87720 S   0.0  19.9   0:42.66 python
 304472 eunji     20   0   14064   5532      4 S   0.0   0.0   0:00.11 python
 304493 eunji     20   0   10.2g 454232    236 S   0.0   1.4   0:08.18 python
 304626 eunji     20   0   10.2g 454220    224 S   0.0   1.4   0:07.33 python
 304736 eunji     20   0   10.2g 454256    212 S   0.0   1.4   0:08.81 python
 305474 eunji     20   0   14064   5532      4 S   0.0   0.0   0:00.12 python
%Cpu:  2.6 us, 94.8 sy,  0.0 ni,  0.0 id,  2.3 wa,  0.0 hi,  0.2 si,  0.0 st 
 305150 eunji     20   0   12.8g   3.0g    784 R  26.2   9.5   0:20.84 python
 303233 eunji     20   0   19.7g   6.0g  98352 R   9.7  19.4   0:50.89 python
 305584 eunji     20   0    7200   1744   1340 D   4.8   0.0   0:01.04 python
 304626 eunji     20   0   10.2g 454772    776 S   1.2   1.4   0:07.36 python
 304736 eunji     20   0   10.2g 454820    776 S   1.2   1.4   0:08.84 python
 303853 eunji     20   0   18.5g   6.2g  87676 S   0.0  19.9   0:42.66 python
 304472 eunji     20   0   14064   5532      4 S   0.0   0.0   0:00.11 python
 304493 eunji     20   0   10.2g 454224    228 S   0.0   1.4   0:08.18 python
 304890 eunji     20   0   10.2g 454200    252 S   0.0   1.4   0:09.67 python
 305474 eunji     20   0   14064   5532      4 S   0.0   0.0   0:00.12 python
%Cpu:  1.0 us, 98.2 sy,  0.0 ni,  0.0 id,  0.7 wa,  0.0 hi,  0.2 si,  0.0 st 
 305150 eunji     20   0   12.8g   3.0g   1100 R  28.5   9.6   0:21.33 python
 303233 eunji     20   0   19.7g   6.0g  96872 R   7.0  19.4   0:51.01 python
 304493 eunji     20   0   10.2g 454852    856 S   4.1   1.4   0:08.25 python
 304890 eunji     20   0   10.2g 454948   1000 S   1.2   1.4   0:09.69 python
 303853 eunji     20   0   18.5g   6.2g  87652 S   0.0  19.9   0:42.66 python
 304472 eunji     20   0   14064   5532      4 S   0.0   0.0   0:00.11 python
 304626 eunji     20   0   10.2g 454636    640 S   0.0   1.4   0:07.36 python
 304736 eunji     20   0   10.2g 454684    640 S   0.0   1.4   0:08.84 python
 305474 eunji     20   0   14064   5532      4 S   0.0   0.0   0:00.12 python
 305584 eunji     20   0    7788   1556   1132 D   0.0   0.0   0:01.04 python
%Cpu: 15.2 us, 73.9 sy,  0.1 ni,  2.5 id,  8.0 wa,  0.0 hi,  0.3 si,  0.0 st 
 305150 eunji     20   0   11.7g   1.9g   5176 S  48.5   6.1   0:22.16 python
 303233 eunji     20   0   19.7g   6.1g 134220 R  16.4  19.5   0:51.29 python
 305584 eunji     20   0  244484  46616  23280 R   9.9   0.1   0:01.21 python
 304626 eunji     20   0   10.2g 467896  13900 S   0.6   1.4   0:07.37 python
 303853 eunji     20   0   18.5g   6.2g  87820 S   0.0  19.9   0:42.66 python
 304472 eunji     20   0   14064   5532      4 S   0.0   0.0   0:00.11 python
 304493 eunji     20   0   10.2g 467740  13744 S   0.0   1.4   0:08.25 python
 304736 eunji     20   0   10.2g 454604    560 S   0.0   1.4   0:08.84 python
 304890 eunji     20   0   10.2g 454552    604 S   0.0   1.4   0:09.69 python
 305474 eunji     20   0   14064   5532      4 S   0.0   0.0   0:00.12 python
 304626 eunji     20   0   10.2g 455596   1600 S   0.6   1.4   0:07.33 python
 304890 eunji     20   0   10.2g 454272    324 S   0.6   1.4   0:09.58 python
 304472 eunji     20   0   14064   5532      4 S   0.0   0.0   0:00.11 python
 304493 eunji     20   0   10.2g 454308    312 S   0.0   1.4   0:08.14 python
 304736 eunji     20   0   10.2g 455984   1940 S   0.0   1.4   0:08.81 python
 305474 eunji     20   0   14064   5532      4 S   0.0   0.0   0:00.12 python
%Cpu:  1.9 us, 97.6 sy,  0.0 ni,  0.0 id,  0.1 wa,  0.0 hi,  0.3 si,  0.0 st 
 305150 eunji     20   0   12.8g   2.9g   1804 R  10.9   9.4   0:19.55 python
 303233 eunji     20   0   19.7g   6.0g  96568 R   9.5  19.4   0:50.09 python
 303853 eunji     20   0   18.5g   6.2g  88392 R   7.5  19.9   0:42.42 python
 304493 eunji     20   0   10.2g 455492   1496 S   2.7   1.4   0:08.18 python
 305584 eunji     20   0   18.5g   6.2g  41340 R   2.0  19.8   0:00.23 python
 304472 eunji     20   0   14064   5532      4 S   0.0   0.0   0:00.11 python
 304626 eunji     20   0   10.2g 454484    488 S   0.0   1.4   0:07.33 python
 304736 eunji     20   0   10.2g 454484    440 S   0.0   1.4   0:08.81 python
 304890 eunji     20   0   10.2g 454312    364 S   0.0   1.4   0:09.58 python
 305474 eunji     20   0   14064   5532      4 S   0.0   0.0   0:00.12 python
%Cpu:  1.0 us, 98.4 sy,  0.0 ni,  0.0 id,  0.3 wa,  0.0 hi,  0.2 si,  0.0 st 
 305150 eunji     20   0   12.8g   2.9g   2136 R  14.9   9.4   0:19.81 python
 303853 eunji     20   0   18.5g   6.2g  89148 R  12.6  19.9   0:42.64 python
 305584 eunji     20   0   18.5g   6.2g  42008 R  11.4  19.8   0:00.43 python
 303233 eunji     20   0   19.7g   6.0g  96628 R   6.3  19.4   0:50.20 python
 304890 eunji     20   0   10.2g 454268    320 S   4.6   1.4   0:09.66 python
 304472 eunji     20   0   14064   5532      4 S   0.0   0.0   0:00.11 python
 304493 eunji     20   0   10.2g 454336    340 S   0.0   1.4   0:08.18 python
 304626 eunji     20   0   10.2g 454320    324 S   0.0   1.4   0:07.33 python
 304736 eunji     20   0   10.2g 454356    312 S   0.0   1.4   0:08.81 python
 305474 eunji     20   0   14064   5532      4 S   0.0   0.0   0:00.12 python
%Cpu:  1.2 us, 98.6 sy,  0.0 ni,  0.0 id,  0.1 wa,  0.0 hi,  0.1 si,  0.0 st 
 303233 eunji     20   0   19.7g   6.0g  96812 R   9.6  19.4   0:50.35 python
 305584 eunji     20   0   18.5g   6.2g  41276 R   9.6  19.8   0:00.58 python
 305150 eunji     20   0   12.8g   2.9g   1144 R   7.0   9.4   0:19.92 python
 303853 eunji     20   0   18.5g   6.2g  88144 S   0.6  19.9   0:42.65 python
 304472 eunji     20   0   14064   5532      4 S   0.0   0.0   0:00.11 python
 304493 eunji     20   0   10.2g 454268    272 S   0.0   1.4   0:08.18 python
 304626 eunji     20   0   10.2g 454500    504 D   0.0   1.4   0:07.33 python
 304736 eunji     20   0   10.2g 454488    444 D   0.0   1.4   0:08.81 python
 304890 eunji     20   0   10.2g 454216    268 S   0.0   1.4   0:09.66 python
 305474 eunji     20   0   14064   5532      4 S   0.0   0.0   0:00.12 python
%Cpu:  2.0 us, 97.7 sy,  0.0 ni,  0.0 id,  0.1 wa,  0.0 hi,  0.2 si,  0.0 st 
 305584 eunji     20   0   18.5g   6.2g  40920 R   8.1  19.8   0:00.67 python
 303233 eunji     20   0   19.7g   6.0g  96312 R   7.2  19.4   0:50.43 python
 305150 eunji     20   0   12.8g   2.9g    492 R   4.5   9.4   0:19.97 python
 303853 eunji     20   0   18.5g   6.2g  87964 S   0.9  19.9   0:42.66 python
 304472 eunji     20   0   14064   5532      4 S   0.0   0.0   0:00.11 python
 304493 eunji     20   0   10.2g 454232    236 R   0.0   1.4   0:08.18 python
 304626 eunji     20   0   10.2g 454264    268 S   0.0   1.4   0:07.33 python
 304736 eunji     20   0   10.2g 454304    260 S   0.0   1.4   0:08.81 python
 304890 eunji     20   0   10.2g 454184    236 S   0.0   1.4   0:09.66 python
 305474 eunji     20   0   14064   5532      4 S   0.0   0.0   0:00.12 python
%Cpu:  1.4 us, 98.3 sy,  0.0 ni,  0.0 id,  0.1 wa,  0.0 hi,  0.2 si,  0.0 st 
 305150 eunji     20   0   12.8g   2.9g    724 D  11.8   9.4   0:20.27 python
 305584 eunji     20   0       8      8      0 R  10.2   0.0   0:00.93 python
 303233 eunji     20   0   19.7g   6.0g  96052 R   9.1  19.4   0:50.66 python
 304890 eunji     20   0   10.2g 454528    580 S   0.4   1.4   0:09.67 python
 303853 eunji     20   0   18.5g   6.2g  87720 S   0.0  19.9   0:42.66 python
 304472 eunji     20   0   14064   5532      4 S   0.0   0.0   0:00.11 python
 304493 eunji     20   0   10.2g 454232    236 S   0.0   1.4   0:08.18 python
 304626 eunji     20   0   10.2g 454536    540 S   0.0   1.4   0:07.33 python
 304736 eunji     20   0   10.2g 454572    528 S   0.0   1.4   0:08.81 python
 305474 eunji     20   0   14064   5532      4 S   0.0   0.0   0:00.12 python
%Cpu:  3.1 us, 93.6 sy,  0.0 ni,  0.0 id,  3.1 wa,  0.0 hi,  0.2 si,  0.0 st 
 305150 eunji     20   0   12.8g   3.0g    784 R  25.0   9.5   0:20.84 python
 303233 eunji     20   0   19.7g   6.0g  98352 D  10.1  19.4   0:50.89 python
 305584 eunji     20   0    7200   1744   1340 D   4.8   0.0   0:01.04 python
 304626 eunji     20   0   10.2g 454772    776 S   1.3   1.4   0:07.36 python
 304736 eunji     20   0   10.2g 454820    776 S   1.3   1.4   0:08.84 python
 303853 eunji     20   0   18.5g   6.2g  87676 S   0.0  19.9   0:42.66 python
 304472 eunji     20   0   14064   5532      4 S   0.0   0.0   0:00.11 python
 304493 eunji     20   0   10.2g 454224    228 S   0.0   1.4   0:08.18 python
 304890 eunji     20   0   10.2g 454200    252 S   0.0   1.4   0:09.67 python
 305474 eunji     20   0   14064   5532      4 S   0.0   0.0   0:00.12 python
%Cpu:  1.0 us, 98.2 sy,  0.0 ni,  0.0 id,  0.6 wa,  0.0 hi,  0.2 si,  0.0 st 
 305150 eunji     20   0   12.8g   3.0g   1088 R  30.3   9.6   0:21.38 python
 303233 eunji     20   0   19.7g   6.0g  96936 R   7.3  19.4   0:51.02 python
 304493 eunji     20   0   10.2g 454668    672 S   3.9   1.4   0:08.25 python
 304890 eunji     20   0   10.2g 454728    780 S   1.1   1.4   0:09.69 python
 303853 eunji     20   0   18.5g   6.2g  87652 S   0.0  19.9   0:42.66 python
 304472 eunji     20   0   14064   5532      4 S   0.0   0.0   0:00.11 python
 304626 eunji     20   0   10.2g 454616    620 S   0.0   1.4   0:07.36 python
 304736 eunji     20   0   10.2g 454664    620 S   0.0   1.4   0:08.84 python
 305474 eunji     20   0   14064   5532      4 S   0.0   0.0   0:00.12 python
 305584 eunji     20   0    7788   1464   1040 D   0.0   0.0   0:01.04 python
%Cpu: 16.2 us, 72.3 sy,  0.1 ni,  2.6 id,  8.6 wa,  0.0 hi,  0.2 si,  0.0 st 
 305150 eunji     20   0   11.7g   1.9g   5176 S  44.8   6.1   0:22.16 python
 303233 eunji     20   0   19.7g   6.1g 134220 R  15.5  19.5   0:51.29 python
 305584 eunji     20   0  244484  45704  22412 R   9.8   0.1   0:01.21 python
 304626 eunji     20   0   10.2g 467896  13900 S   0.6   1.4   0:07.37 python
 303853 eunji     20   0   18.5g   6.2g  87820 S   0.0  19.9   0:42.66 python
 304472 eunji     20   0   14064   5532      4 S   0.0   0.0   0:00.11 python
 304493 eunji     20   0   10.2g 467740  13744 S   0.0   1.4   0:08.25 python
 304736 eunji     20   0   10.2g 454604    560 S   0.0   1.4   0:08.84 python
 304890 eunji     20   0   10.2g 454552    604 S   0.0   1.4   0:09.69 python
 305474 eunji     20   0   14064   5532      4 S   0.0   0.0   0:00.12 python
%Cpu: 29.2 us, 12.4 sy,  0.1 ni, 52.3 id,  6.1 wa,  0.0 hi,  0.1 si,  0.0 st 
 303233 eunji     20   0   19.7g   6.1g 134064 R 101.0  19.5   0:52.32 python
 305584 eunji     20   0 8320936 321528 183416 R  74.5   1.0   0:01.97 python
 304493 eunji     20   0   10.2g 467904  13900 S   2.9   1.4   0:08.28 python
 304890 eunji     20   0   10.2g 468028  14072 S   2.9   1.4   0:09.72 python
 304626 eunji     20   0   10.2g 467964  13968 S   2.0   1.4   0:07.39 python
 304736 eunji     20   0   10.2g 468076  14028 S   2.0   1.4   0:08.86 python
 303853 eunji     20   0   18.5g   6.2g  87820 S   0.0  19.9   0:42.66 python
 304472 eunji     20   0   14064   5532      4 S   0.0   0.0   0:00.11 python
 305474 eunji     20   0   14064   5532      4 S   0.0   0.0   0:00.12 python
%Cpu: 19.7 us,  9.6 sy,  0.0 ni, 69.9 id,  0.8 wa,  0.0 hi,  0.0 si,  0.0 st 
 305584 eunji     20   0   10.1g 684888 232928 S 194.1   2.1   0:03.93 python
 303233 eunji     20   0   19.7g   6.1g 134312 R 101.0  19.5   0:53.34 python
 303853 eunji     20   0   18.4g   6.0g  92456 R  14.9  19.3   0:42.81 python
 304736 eunji     20   0   10.2g 468080  14028 S   3.0   1.4   0:08.89 python
 304493 eunji     20   0   10.2g 467904  13900 S   2.0   1.4   0:08.30 python
 304626 eunji     20   0   10.2g 467964  13968 S   2.0   1.4   0:07.41 python
 304890 eunji     20   0   10.2g 468028  14072 S   2.0   1.4   0:09.74 python
 304472 eunji     20   0   14064   5532      4 S   0.0   0.0   0:00.11 python
 305474 eunji     20   0   14064   7400   1872 S   0.0   0.0   0:00.12 python
%Cpu: 12.1 us,  4.3 sy,  0.0 ni, 83.3 id,  0.2 wa,  0.0 hi,  0.0 si,  0.0 st 
 303233 eunji     20   0   19.7g   6.1g 134312 R 101.0  19.5   0:54.36 python
 306854 eunji     20   0 8311428 313936 185544 R  60.4   1.0   0:00.61 python
 303853 eunji     20   0   18.5g   6.2g  93944 S  37.6  20.0   0:43.19 python
 304493 eunji     20   0   10.2g 467920  13900 S   3.0   1.4   0:08.33 python
 304626 eunji     20   0   10.2g 468344  14332 S   3.0   1.4   0:07.44 python
 304890 eunji     20   0   10.2g 468044  14072 S   3.0   1.4   0:09.77 python
 304736 eunji     20   0   10.2g 468096  14028 S   2.0   1.4   0:08.91 python
 304472 eunji     20   0   14064   5532      4 S   0.0   0.0   0:00.11 python
 305474 eunji     20   0   14064   7400   1872 S   0.0   0.0   0:00.12 python
 305584 eunji     20   0   10.1g 684888 232928 S   0.0   2.1   0:03.93 python
%Cpu: 12.7 us,  8.8 sy,  0.0 ni, 78.0 id,  0.5 wa,  0.0 hi,  0.0 si,  0.0 st 
 306854 eunji     20   0   10.1g 687092 235132 S 213.9   2.1   0:02.77 python
 303233 eunji     20   0   19.7g   6.1g 134312 R 101.0  19.5   0:55.38 python
 303853 eunji     20   0   18.5g   6.2g  93944 R  25.7  19.8   0:43.45 python
 304736 eunji     20   0   10.2g 468164  14096 S   3.0   1.4   0:08.94 python
 304493 eunji     20   0   10.2g 467920  13900 S   2.0   1.4   0:08.35 python
 304626 eunji     20   0   10.2g 468472  14460 S   2.0   1.4   0:07.46 python
 304890 eunji     20   0   10.2g 468044  14072 S   2.0   1.4   0:09.79 python
 304472 eunji     20   0   14064   5532      4 S   0.0   0.0   0:00.11 python
 305474 eunji     20   0   14064   7400   1872 S   0.0   0.0   0:00.12 python
 305584 eunji     20   0   10.1g 684888 232928 S   0.0   2.1   0:03.93 python
%Cpu:  9.2 us,  3.4 sy,  0.0 ni, 87.0 id,  0.4 wa,  0.0 hi,  0.0 si,  0.0 st 
 303233 eunji     20   0   19.7g   6.1g 134300 R 101.0  19.5   0:56.40 python
 307017 eunji     20   0 8320988 323364 185488 R  69.3   1.0   0:00.70 python
 303853 eunji     20   0   18.5g   6.2g  93944 S  24.8  20.0   0:43.70 python
 304493 eunji     20   0   10.2g 467920  13900 S   3.0   1.4   0:08.38 python
 304626 eunji     20   0   10.2g 468472  14460 S   3.0   1.4   0:07.49 python
 304890 eunji     20   0   10.2g 468044  14072 S   3.0   1.4   0:09.82 python
 304736 eunji     20   0   10.2g 468164  14096 S   2.0   1.4   0:08.96 python
 304472 eunji     20   0   14064   5532      4 S   0.0   0.0   0:00.11 python
 305474 eunji     20   0   14064   7400   1872 S   0.0   0.0   0:00.12 python
 305584 eunji     20   0   10.1g 684880 232920 S   0.0   2.1   0:03.93 python
 306854 eunji     20   0   10.1g 687052 235092 S   0.0   2.1   0:02.77 python
%Cpu: 10.7 us,  8.4 sy,  0.0 ni, 80.3 id,  0.6 wa,  0.0 hi,  0.0 si,  0.0 st 
 307017 eunji     20   0   10.1g 686960 234996 S 209.0   2.1   0:02.79 python
 303233 eunji     20   0   19.7g   6.1g 134300 R 102.0  19.5   0:57.42 python
 303853 eunji     20   0   18.5g   6.2g  93944 R  25.0  19.7   0:43.95 python
 304626 eunji     20   0   10.2g 468472  14460 S   4.0   1.4   0:07.53 python
 304493 eunji     20   0   10.2g 467920  13900 S   3.0   1.4   0:08.41 python
 304736 eunji     20   0   10.2g 468164  14096 S   3.0   1.4   0:08.99 python
 304890 eunji     20   0   10.2g 468044  14072 S   2.0   1.4   0:09.84 python
 304472 eunji     20   0   14064   5532      4 S   0.0   0.0   0:00.11 python
 305474 eunji     20   0   14064   7400   1872 S   0.0   0.0   0:00.12 python
 305584 eunji     20   0   10.1g 684880 232920 S   0.0   2.1   0:03.93 python
 306854 eunji     20   0   10.1g 687052 235092 S   0.0   2.1   0:02.77 python
%Cpu:  9.4 us,  3.5 sy,  0.0 ni, 86.7 id,  0.3 wa,  0.0 hi,  0.0 si,  0.0 st 
 303233 eunji     20   0   19.7g   6.1g 132540 R 100.0  19.5   0:58.43 python
 307163 eunji     20   0 8320932 323604 185492 R  72.3   1.0   0:00.73 python
 303853 eunji     20   0   18.5g   6.2g  93944 S  26.7  20.0   0:44.22 python
 304736 eunji     20   0   10.2g 468164  14096 S   4.0   1.4   0:09.03 python
 304890 eunji     20   0   10.2g 468036  14064 S   4.0   1.4   0:09.88 python
 304493 eunji     20   0   10.2g 467920  13900 S   3.0   1.4   0:08.44 python
 304626 eunji     20   0   10.2g 468472  14460 S   3.0   1.4   0:07.56 python
 304472 eunji     20   0   14064   5532      4 S   0.0   0.0   0:00.11 python
 305474 eunji     20   0   14064   7400   1872 S   0.0   0.0   0:00.12 python
 305584 eunji     20   0   10.1g 684860 232900 S   0.0   2.1   0:03.93 python
 306854 eunji     20   0   10.1g 687044 235084 S   0.0   2.1   0:02.77 python
 307017 eunji     20   0   10.1g 686936 234972 S   0.0   2.1   0:02.79 python
%Cpu: 10.8 us,  8.4 sy,  0.0 ni, 80.3 id,  0.4 wa,  0.0 hi,  0.0 si,  0.0 st 
 307163 eunji     20   0   10.2g 689580 235740 S 205.0   2.1   0:02.80 python
 303233 eunji     20   0   19.7g   6.1g 132540 R 101.0  19.5   0:59.45 python
 303853 eunji     20   0   18.7g   6.1g 178348 D  36.6  19.5   0:44.59 python
 304493 eunji     20   0   10.2g 467920  13900 S   2.0   1.4   0:08.46 python
 304626 eunji     20   0   10.2g 468476  14460 S   2.0   1.4   0:07.58 python
 304736 eunji     20   0   10.2g 468168  14096 S   2.0   1.4   0:09.05 python
 304890 eunji     20   0   10.2g 468036  14064 S   2.0   1.4   0:09.90 python
 305584 eunji     20   0   10.2g 687544 233612 S   1.0   2.1   0:03.94 python
 306854 eunji     20   0   10.2g 689728 235796 S   1.0   2.1   0:02.78 python
 307017 eunji     20   0   10.2g 689672 235744 S   1.0   2.1   0:02.80 python
 304472 eunji     20   0   14064   5532      4 S   0.0   0.0   0:00.11 python
 305474 eunji     20   0   14064   7400   1872 S   0.0   0.0   0:00.12 python
%Cpu: 14.2 us,  1.7 sy,  0.0 ni, 83.0 id,  1.1 wa,  0.0 hi,  0.0 si,  0.0 st 
 303233 eunji     20   0   19.7g   6.1g 132540 R 102.0  19.5   1:00.48 python
 303853 eunji     20   0   19.7g   6.3g 295212 R  92.1  20.1   0:45.52 python
 304626 eunji     20   0   10.2g 468476  14460 S   4.0   1.4   0:07.62 python
 304493 eunji     20   0   10.2g 467920  13900 S   2.0   1.4   0:08.48 python
 304736 eunji     20   0   10.2g 468168  14096 S   2.0   1.4   0:09.07 python
 304890 eunji     20   0   10.2g 468036  14064 S   2.0   1.4   0:09.92 python
 306854 eunji     20   0   10.2g 689872 235860 S   2.0   2.1   0:02.80 python
 307163 eunji     20   0   10.2g 689632 235740 S   2.0   2.1   0:02.82 python
 305584 eunji     20   0   10.2g 687588 233612 S   1.0   2.1   0:03.95 python
 307017 eunji     20   0   10.2g 689700 235744 S   1.0   2.1   0:02.81 python
 304472 eunji     20   0   14064   5532      4 S   0.0   0.0   0:00.11 python
 305474 eunji     20   0   14064   7400   1872 S   0.0   0.0   0:00.12 python
%Cpu: 13.9 us,  2.0 sy,  0.0 ni, 82.4 id,  1.6 wa,  0.0 hi,  0.0 si,  0.0 st 
 303233 eunji     20   0   19.7g   6.1g 132540 R 100.0  19.5   1:01.49 python
 303853 eunji     20   0   19.7g   6.3g 295212 R 100.0  20.1   0:46.53 python
 307163 eunji     20   0   10.2g 689728 235804 S   3.0   2.1   0:02.85 python
 304493 eunji     20   0   10.2g 467920  13900 S   2.0   1.4   0:08.50 python
 304736 eunji     20   0   10.2g 468168  14096 S   2.0   1.4   0:09.09 python
 305584 eunji     20   0   10.2g 687596 233612 S   2.0   2.1   0:03.97 python
 304626 eunji     20   0   10.2g 468476  14460 S   1.0   1.4   0:07.63 python
 304890 eunji     20   0   10.2g 468036  14064 S   1.0   1.4   0:09.93 python
 306854 eunji     20   0   10.2g 689876 235860 S   1.0   2.1   0:02.81 python
 307017 eunji     20   0   10.2g 689712 235744 S   1.0   2.1   0:02.82 python
 304472 eunji     20   0   14064   5532      4 S   0.0   0.0   0:00.11 python
 305474 eunji     20   0   14064   7400   1872 S   0.0   0.0   0:00.12 python
%Cpu: 11.8 us,  0.9 sy,  0.0 ni, 87.2 id,  0.2 wa,  0.0 hi,  0.0 si,  0.0 st 
 303233 eunji     20   0   19.7g   6.1g 132540 R 101.0  19.5   1:02.51 python
 303853 eunji     20   0   19.7g   6.3g 295212 R 101.0  20.1   0:47.55 python
 304626 eunji     20   0   10.2g 468476  14460 S   3.0   1.4   0:07.66 python
 307163 eunji     20   0   10.2g 689752 235804 S   3.0   2.1   0:02.88 python
 304493 eunji     20   0   10.2g 467920  13900 S   2.0   1.4   0:08.52 python
 304736 eunji     20   0   10.2g 468168  14096 S   2.0   1.4   0:09.11 python
 304890 eunji     20   0   10.2g 468400  14428 S   2.0   1.4   0:09.95 python
 305584 eunji     20   0   10.2g 687608 233612 R   2.0   2.1   0:03.99 python
 306854 eunji     20   0   10.2g 689892 235860 S   2.0   2.1   0:02.83 python
 307017 eunji     20   0   10.2g 689724 235744 S   2.0   2.1   0:02.84 python
 304472 eunji     20   0   14064   5532      4 S   0.0   0.0   0:00.11 python
 305474 eunji     20   0   14064   7400   1872 S   0.0   0.0   0:00.12 python
%Cpu: 12.2 us,  0.8 sy,  0.0 ni, 86.7 id,  0.2 wa,  0.0 hi,  0.0 si,  0.0 st 
 303233 eunji     20   0   19.7g   6.1g 132540 R 101.0  19.5   1:03.53 python
 303853 eunji     20   0   19.7g   6.3g 295160 R 101.0  20.1   0:48.57 python
 304626 eunji     20   0   10.2g 468476  14460 S   3.0   1.4   0:07.69 python
 304890 eunji     20   0   10.2g 468400  14428 S   3.0   1.4   0:09.98 python
 304493 eunji     20   0   10.2g 467920  13900 S   2.0   1.4   0:08.54 python
 304736 eunji     20   0   10.2g 468168  14096 S   2.0   1.4   0:09.13 python
 305584 eunji     20   0   10.2g 687612 233612 S   2.0   2.1   0:04.01 python
 306854 eunji     20   0   10.2g 689896 235860 S   2.0   2.1   0:02.85 python
 307017 eunji     20   0   10.2g 689724 235744 R   2.0   2.1   0:02.86 python
 307163 eunji     20   0   10.2g 689752 235804 S   2.0   2.1   0:02.90 python
 304472 eunji     20   0   14064   5532      4 S   0.0   0.0   0:00.11 python
 305474 eunji     20   0   14064   7400   1872 S   0.0   0.0   0:00.12 python
%Cpu: 12.0 us,  0.8 sy,  0.0 ni, 86.9 id,  0.2 wa,  0.0 hi,  0.0 si,  0.0 st 
 303233 eunji     20   0   19.7g   6.1g 132540 R 101.0  19.5   1:04.55 python
 303853 eunji     20   0   19.7g   6.3g 295160 R 101.0  20.1   0:49.59 python
 304493 eunji     20   0   10.2g 467920  13900 S   2.0   1.4   0:08.56 python
 304626 eunji     20   0   10.2g 468476  14460 S   2.0   1.4   0:07.71 python
 304890 eunji     20   0   10.2g 468400  14428 S   2.0   1.4   0:10.00 python
 305584 eunji     20   0   10.2g 687612 233612 S   2.0   2.1   0:04.03 python
 307017 eunji     20   0   10.2g 689724 235744 S   2.0   2.1   0:02.88 python
 307163 eunji     20   0   10.2g 689752 235804 S   2.0   2.1   0:02.92 python
 304736 eunji     20   0   10.2g 468168  14096 S   1.0   1.4   0:09.14 python
 306854 eunji     20   0   10.2g 689896 235860 S   1.0   2.1   0:02.86 python
 304472 eunji     20   0   14064   5532      4 S   0.0   0.0   0:00.11 python
 305474 eunji     20   0   14064   7400   1872 S   0.0   0.0   0:00.12 python
%Cpu: 15.3 us,  0.3 sy,  0.0 ni, 84.1 id,  0.1 wa,  0.0 hi,  0.0 si,  0.0 st 
 303233 eunji     20   0   19.7g   6.1g 132540 R 101.0  19.5   1:05.57 python
 303853 eunji     20   0   19.7g   6.3g 295160 R 101.0  20.1   0:50.61 python
 304736 eunji     20   0   10.2g 468168  14096 S   3.0   1.4   0:09.17 python
 304493 eunji     20   0   10.2g 467920  13900 S   2.0   1.4   0:08.58 python
 304890 eunji     20   0   10.2g 468400  14428 S   2.0   1.4   0:10.02 python
 306854 eunji     20   0   10.2g 689928 235860 S   2.0   2.1   0:02.88 python
 307017 eunji     20   0   10.2g 689852 235808 S   2.0   2.1   0:02.90 python
 307163 eunji     20   0   10.2g 689756 235804 S   2.0   2.1   0:02.94 python
 304626 eunji     20   0   10.2g 468476  14460 S   1.0   1.4   0:07.72 python
 305584 eunji     20   0   10.2g 687612 233612 S   1.0   2.1   0:04.04 python
 304472 eunji     20   0   14064   5532      4 S   0.0   0.0   0:00.11 python
 305474 eunji     20   0   14064   7400   1872 S   0.0   0.0   0:00.12 python
%Cpu: 14.8 us,  0.8 sy,  0.0 ni, 84.2 id,  0.1 wa,  0.0 hi,  0.0 si,  0.0 st 
 303853 eunji     20   0   19.7g   6.3g 295160 R 101.0  20.1   0:51.63 python
 303233 eunji     20   0   19.7g   6.1g 132540 R 100.0  19.5   1:06.58 python
 304626 eunji     20   0   10.2g 468476  14460 S   3.0   1.4   0:07.75 python
 305584 eunji     20   0   10.2g 687612 233612 S   3.0   2.1   0:04.07 python
 306854 eunji     20   0   10.2g 689928 235860 S   3.0   2.1   0:02.91 python
 304493 eunji     20   0   10.2g 468284  14264 S   2.0   1.4   0:08.60 python
 304736 eunji     20   0   10.2g 468168  14096 S   2.0   1.4   0:09.19 python
 304890 eunji     20   0   10.2g 468428  14428 S   2.0   1.4   0:10.04 python
 307017 eunji     20   0   10.2g 689852 235808 S   2.0   2.1   0:02.92 python
 307163 eunji     20   0   10.2g 689756 235804 S   2.0   2.1   0:02.96 python
 304472 eunji     20   0   14064   5532      4 S   0.0   0.0   0:00.11 python
 305474 eunji     20   0   14064   7400   1872 S   0.0   0.0   0:00.12 python
%Cpu: 11.4 us,  0.6 sy,  0.0 ni, 87.8 id,  0.1 wa,  0.0 hi,  0.0 si,  0.0 st 
 303233 eunji     20   0   19.7g   6.1g 132540 R 101.0  19.5   1:07.60 python
 303853 eunji     20   0   19.7g   6.3g 295160 R 100.0  20.1   0:52.64 python
 305584 eunji     20   0   10.2g 687612 233612 S   3.0   2.1   0:04.10 python
 307163 eunji     20   0   10.2g 689756 235804 S   3.0   2.1   0:02.99 python
 304493 eunji     20   0   10.2g 468284  14264 S   2.0   1.4   0:08.62 python
 304890 eunji     20   0   10.2g 468496  14496 S   2.0   1.4   0:10.06 python
 307017 eunji     20   0   10.2g 689852 235808 S   2.0   2.1   0:02.94 python
 304626 eunji     20   0   10.2g 468476  14460 S   1.0   1.4   0:07.76 python
 304736 eunji     20   0   10.2g 468168  14096 S   1.0   1.4   0:09.20 python
 306854 eunji     20   0   10.2g 689932 235860 S   1.0   2.1   0:02.92 python
 304472 eunji     20   0   14064   5532      4 S   0.0   0.0   0:00.11 python
 305474 eunji     20   0   14064   7400   1872 S   0.0   0.0   0:00.12 python
%Cpu: 11.3 us,  0.4 sy,  0.0 ni, 88.2 id,  0.1 wa,  0.0 hi,  0.0 si,  0.0 st 
 303233 eunji     20   0   19.7g   6.1g 132540 R 101.0  19.5   1:08.62 python
 303853 eunji     20   0   19.7g   6.3g 295416 R 101.0  20.1   0:53.66 python
 306854 eunji     20   0   10.2g 689932 235860 S   3.0   2.1   0:02.95 python
 304493 eunji     20   0   10.2g 468284  14264 S   2.0   1.4   0:08.64 python
 304626 eunji     20   0   10.2g 468476  14460 S   2.0   1.4   0:07.78 python
 304736 eunji     20   0   10.2g 468168  14096 S   2.0   1.4   0:09.22 python
 304890 eunji     20   0   10.2g 468496  14496 S   2.0   1.4   0:10.08 python
 307017 eunji     20   0   10.2g 689856 235808 S   2.0   2.1   0:02.96 python
 307163 eunji     20   0   10.2g 689764 235804 S   2.0   2.1   0:03.01 python
 305584 eunji     20   0   10.2g 687616 233612 S   1.0   2.1   0:04.11 python
 304472 eunji     20   0   14064   5532      4 S   0.0   0.0   0:00.11 python
 305474 eunji     20   0   14064   7400   1872 S   0.0   0.0   0:00.12 python
%Cpu: 11.4 us,  0.5 sy,  0.0 ni, 87.9 id,  0.1 wa,  0.0 hi,  0.0 si,  0.0 st 
 303233 eunji     20   0   19.7g   6.1g 132540 R 101.0  19.5   1:09.64 python
 303853 eunji     20   0   19.7g   6.3g 295416 R 101.0  20.1   0:54.68 python
 304493 eunji     20   0   10.2g 468284  14264 S   2.0   1.4   0:08.66 python
 304626 eunji     20   0   10.2g 468476  14460 S   2.0   1.4   0:07.80 python
 304736 eunji     20   0   10.2g 468168  14096 S   2.0   1.4   0:09.24 python
 304890 eunji     20   0   10.2g 468496  14496 S   2.0   1.4   0:10.10 python
 305584 eunji     20   0   10.2g 687620 233612 S   1.0   2.1   0:04.12 python
 306854 eunji     20   0   10.2g 689932 235860 S   1.0   2.1   0:02.96 python
 307017 eunji     20   0   10.2g 689856 235808 S   1.0   2.1   0:02.97 python
 307163 eunji     20   0   10.2g 689764 235804 S   1.0   2.1   0:03.02 python
 304472 eunji     20   0   14064   5532      4 S   0.0   0.0   0:00.11 python
 305474 eunji     20   0   14064   7400   1872 S   0.0   0.0   0:00.12 python
%Cpu: 12.4 us,  0.4 sy,  0.0 ni, 87.2 id,  0.0 wa,  0.0 hi,  0.0 si,  0.0 st 
 303233 eunji     20   0   19.7g   6.1g 132540 R 101.0  19.5   1:10.66 python
 303853 eunji     20   0   19.7g   6.3g 295416 R 101.0  20.1   0:55.70 python
 304493 eunji     20   0   10.2g 468284  14264 S   2.0   1.4   0:08.68 python
 304626 eunji     20   0   10.2g 468476  14460 S   2.0   1.4   0:07.82 python
 304736 eunji     20   0   10.2g 468168  14096 S   2.0   1.4   0:09.26 python
 304890 eunji     20   0   10.2g 468500  14496 S   2.0   1.4   0:10.12 python
 305584 eunji     20   0   10.2g 687620 233612 S   2.0   2.1   0:04.14 python
 306854 eunji     20   0   10.2g 689932 235860 S   1.0   2.1   0:02.97 python
 307017 eunji     20   0   10.2g 689860 235808 S   1.0   2.1   0:02.98 python
 307163 eunji     20   0   10.2g 689764 235804 S   1.0   2.1   0:03.03 python
 304472 eunji     20   0   14064   5532      4 S   0.0   0.0   0:00.11 python
 305474 eunji     20   0   14064   7400   1872 S   0.0   0.0   0:00.12 python
%Cpu: 13.0 us,  1.3 sy,  0.0 ni, 85.4 id,  0.3 wa,  0.0 hi,  0.0 si,  0.0 st 
 303853 eunji     20   0   19.7g   6.3g 295416 R 102.0  20.1   0:56.72 python
 303233 eunji     20   0   19.7g   6.1g 132540 R 101.0  19.5   1:11.67 python
 304626 eunji     20   0   10.2g 468476  14460 S   2.0   1.4   0:07.84 python
 304890 eunji     20   0   10.2g 468500  14496 S   2.0   1.4   0:10.14 python
 306854 eunji     20   0   10.2g 689940 235860 S   2.0   2.1   0:02.99 python
 307163 eunji     20   0   10.2g 689764 235804 S   2.0   2.1   0:03.05 python
 304493 eunji     20   0   10.2g 468284  14264 S   1.0   1.4   0:08.69 python
 304736 eunji     20   0   10.2g 468168  14096 S   1.0   1.4   0:09.27 python
 305584 eunji     20   0   10.2g 687628 233612 S   1.0   2.1   0:04.15 python
 307017 eunji     20   0   10.2g 689860 235808 S   1.0   2.1   0:02.99 python
 304472 eunji     20   0   14064   5532      4 S   0.0   0.0   0:00.11 python
 305474 eunji     20   0   14064   7400   1872 S   0.0   0.0   0:00.12 python
%Cpu: 20.9 us,  2.3 sy,  0.0 ni, 76.0 id,  0.9 wa,  0.0 hi,  0.1 si,  0.0 st 
 303233 eunji     20   0   19.7g   6.1g 132540 R 101.2  19.5   1:12.51 python
 303853 eunji     20   0   19.7g   6.3g 295416 R 100.0  20.1   0:57.55 python
 304493 eunji     20   0   10.2g 468284  14264 S   2.4   1.4   0:08.71 python
 305584 eunji     20   0   10.2g 687636 233612 S   2.4   2.1   0:04.17 python
 307017 eunji     20   0   10.2g 689876 235808 S   2.4   2.1   0:03.01 python
 304626 eunji     20   0   10.2g 468476  14460 S   1.2   1.4   0:07.85 python
 304736 eunji     20   0   10.2g 468168  14096 S   1.2   1.4   0:09.28 python
 306854 eunji     20   0   10.2g 689948 235860 S   1.2   2.1   0:03.00 python
 307163 eunji     20   0   10.2g 689780 235804 S   1.2   2.1   0:03.06 python
 304472 eunji     20   0   14064   5532      4 S   0.0   0.0   0:00.11 python
 304890 eunji     20   0   10.2g 468500  14496 S   0.0   1.4   0:10.14 python
 305474 eunji     20   0   14064   7400   1872 S   0.0   0.0   0:00.12 python
%Cpu: 15.6 us,  0.8 sy,  0.0 ni, 83.5 id,  0.1 wa,  0.0 hi,  0.0 si,  0.0 st 
 303853 eunji     20   0   19.7g   6.3g 295416 R 101.0  20.1   0:58.57 python
 303233 eunji     20   0   19.7g   6.1g 132540 R 100.0  19.5   1:13.52 python
 304493 eunji     20   0   10.2g 468284  14264 S   3.0   1.4   0:08.74 python
 304890 eunji     20   0   10.2g 468500  14496 S   3.0   1.4   0:10.17 python
 307017 eunji     20   0   10.2g 689876 235808 S   3.0   2.1   0:03.04 python
 304736 eunji     20   0   10.2g 468168  14096 S   2.0   1.4   0:09.30 python
 305584 eunji     20   0   10.2g 687636 233612 S   2.0   2.1   0:04.19 python
 306854 eunji     20   0   10.2g 689948 235860 S   2.0   2.1   0:03.02 python
 307163 eunji     20   0   10.2g 689780 235804 S   2.0   2.1   0:03.08 python
 304626 eunji     20   0   10.2g 468476  14460 S   1.0   1.4   0:07.86 python
 304472 eunji     20   0   14064   5532      4 S   0.0   0.0   0:00.11 python
 305474 eunji     20   0   14064   7400   1872 S   0.0   0.0   0:00.12 python
%Cpu: 12.0 us,  0.8 sy,  0.0 ni, 87.0 id,  0.1 wa,  0.0 hi,  0.0 si,  0.0 st 
 303233 eunji     20   0   19.7g   6.1g 132540 R 101.0  19.5   1:14.54 python
 303853 eunji     20   0   19.7g   6.3g 295416 R 101.0  20.1   0:59.59 python
 304493 eunji     20   0   10.2g 468376  14332 S   2.0   1.4   0:08.76 python
 304626 eunji     20   0   10.2g 468476  14460 S   2.0   1.4   0:07.88 python
 304736 eunji     20   0   10.2g 468168  14096 S   2.0   1.4   0:09.32 python
 305584 eunji     20   0   10.2g 687636 233612 S   2.0   2.1   0:04.21 python
 306854 eunji     20   0   10.2g 689948 235860 S   2.0   2.1   0:03.04 python
 307163 eunji     20   0   10.2g 689780 235804 S   2.0   2.1   0:03.10 python
 304890 eunji     20   0   10.2g 468504  14496 S   1.0   1.4   0:10.18 python
 307017 eunji     20   0   10.2g 689876 235808 S   1.0   2.1   0:03.05 python
 304472 eunji     20   0   14064   5532      4 S   0.0   0.0   0:00.11 python
 305474 eunji     20   0   14064   7400   1872 S   0.0   0.0   0:00.12 python
%Cpu: 12.6 us,  0.4 sy,  0.0 ni, 86.8 id,  0.1 wa,  0.0 hi,  0.0 si,  0.0 st 
 303233 eunji     20   0   19.7g   6.1g 132540 R 101.0  19.5   1:15.56 python
 303853 eunji     20   0   19.7g   6.3g 295416 R 101.0  20.1   1:00.61 python
 306854 eunji     20   0   10.2g 689948 235860 S   3.0   2.1   0:03.07 python
 304626 eunji     20   0   10.2g 468476  14460 S   2.0   1.4   0:07.90 python
 304890 eunji     20   0   10.2g 468504  14496 S   2.0   1.4   0:10.20 python
 305584 eunji     20   0   10.2g 687636 233612 S   2.0   2.1   0:04.23 python
 307017 eunji     20   0   10.2g 689876 235808 S   2.0   2.1   0:03.07 python
 304493 eunji     20   0   10.2g 468376  14332 S   1.0   1.4   0:08.77 python
 304736 eunji     20   0   10.2g 468168  14096 S   1.0   1.4   0:09.33 python
 307163 eunji     20   0   10.2g 689780 235804 S   1.0   2.1   0:03.11 python
 304472 eunji     20   0   14064   5532      4 S   0.0   0.0   0:00.11 python
 305474 eunji     20   0   14064   7400   1872 S   0.0   0.0   0:00.12 python
%Cpu: 12.6 us,  0.9 sy,  0.0 ni, 86.3 id,  0.2 wa,  0.0 hi,  0.0 si,  0.0 st 
 303233 eunji     20   0   19.7g   6.1g 132540 R 101.0  19.5   1:16.58 python
 303853 eunji     20   0   19.7g   6.3g 295416 R 101.0  20.1   1:01.63 python
 304493 eunji     20   0   10.2g 468376  14332 S   2.0   1.4   0:08.79 python
 305584 eunji     20   0   10.2g 687636 233612 S   2.0   2.1   0:04.25 python
 307017 eunji     20   0   10.2g 689876 235808 S   2.0   2.1   0:03.09 python
 307163 eunji     20   0   10.2g 689780 235804 S   2.0   2.1   0:03.13 python
 304626 eunji     20   0   10.2g 468476  14460 S   1.0   1.4   0:07.91 python
 304736 eunji     20   0   10.2g 468168  14096 S   1.0   1.4   0:09.34 python
 304890 eunji     20   0   10.2g 468504  14496 S   1.0   1.4   0:10.21 python
 306854 eunji     20   0   10.2g 689948 235860 S   1.0   2.1   0:03.08 python
 304472 eunji     20   0   14064   5532      4 S   0.0   0.0   0:00.11 python
 305474 eunji     20   0   14064   7400   1872 S   0.0   0.0   0:00.12 python
%Cpu: 12.8 us,  0.8 sy,  0.0 ni, 86.2 id,  0.1 wa,  0.0 hi,  0.0 si,  0.0 st 
 303233 eunji     20   0   19.7g   6.1g 132540 R 101.0  19.5   1:17.60 python
 303853 eunji     20   0   19.7g   6.3g 295416 R 101.0  20.1   1:02.65 python
 304493 eunji     20   0   10.2g 468376  14332 S   2.0   1.4   0:08.81 python
 304626 eunji     20   0   10.2g 468476  14460 S   2.0   1.4   0:07.93 python
 304736 eunji     20   0   10.2g 468168  14096 S   2.0   1.4   0:09.36 python
 305584 eunji     20   0   10.2g 687636 233612 S   2.0   2.1   0:04.27 python
 306854 eunji     20   0   10.2g 689948 235860 S   2.0   2.1   0:03.10 python
 307163 eunji     20   0   10.2g 689780 235804 S   2.0   2.1   0:03.15 python
 304890 eunji     20   0   10.2g 468504  14496 S   1.0   1.4   0:10.22 python
 307017 eunji     20   0   10.2g 689876 235808 S   1.0   2.1   0:03.10 python
 304472 eunji     20   0   14064   5532      4 S   0.0   0.0   0:00.11 python
 305474 eunji     20   0   14064   7400   1872 S   0.0   0.0   0:00.12 python
%Cpu: 12.4 us,  0.8 sy,  0.0 ni, 86.5 id,  0.2 wa,  0.0 hi,  0.0 si,  0.0 st 
 303233 eunji     20   0   19.7g   6.1g 132540 R 101.0  19.5   1:18.62 python
 303853 eunji     20   0   19.7g   6.3g 295416 R 101.0  20.1   1:03.67 python
 307017 eunji     20   0   10.2g 689876 235808 S   3.0   2.1   0:03.13 python
 304493 eunji     20   0   10.2g 468376  14332 S   2.0   1.4   0:08.83 python
 304890 eunji     20   0   10.2g 468504  14496 S   2.0   1.4   0:10.24 python
 306854 eunji     20   0   10.2g 689948 235860 S   2.0   2.1   0:03.12 python
 307163 eunji     20   0   10.2g 689780 235804 S   2.0   2.1   0:03.17 python
 304626 eunji     20   0   10.2g 468476  14460 S   1.0   1.4   0:07.94 python
 304736 eunji     20   0   10.2g 468168  14096 S   1.0   1.4   0:09.37 python
 305584 eunji     20   0   10.2g 687636 233612 S   1.0   2.1   0:04.28 python
 304472 eunji     20   0   14064   5532      4 S   0.0   0.0   0:00.11 python
 305474 eunji     20   0   14064   7400   1872 S   0.0   0.0   0:00.12 python
%Cpu: 11.4 us,  0.6 sy,  0.0 ni, 87.7 id,  0.2 wa,  0.0 hi,  0.0 si,  0.0 st 
 303233 eunji     20   0   19.7g   6.1g 132540 R 101.0  19.5   1:19.64 python
 303853 eunji     20   0   19.7g   6.3g 295416 R 101.0  20.1   1:04.69 python
 304493 eunji     20   0   10.2g 468380  14332 S   2.0   1.4   0:08.85 python
 304626 eunji     20   0   10.2g 468476  14460 S   2.0   1.4   0:07.96 python
 304736 eunji     20   0   10.2g 468168  14096 S   2.0   1.4   0:09.39 python
 304890 eunji     20   0   10.2g 468504  14496 S   2.0   1.4   0:10.26 python
 305584 eunji     20   0   10.2g 687636 233612 S   2.0   2.1   0:04.30 python
 307163 eunji     20   0   10.2g 689780 235804 S   2.0   2.1   0:03.19 python
 306854 eunji     20   0   10.2g 689952 235860 S   1.0   2.1   0:03.13 python
 307017 eunji     20   0   10.2g 689880 235808 S   1.0   2.1   0:03.14 python
 304472 eunji     20   0   14064   5532      4 S   0.0   0.0   0:00.11 python
 305474 eunji     20   0   14064   7400   1872 S   0.0   0.0   0:00.12 python
%Cpu: 18.4 us,  0.4 sy,  0.0 ni, 81.0 id,  0.1 wa,  0.0 hi,  0.0 si,  0.0 st 
 303853 eunji     20   0   19.7g   6.3g 295416 R 101.0  20.1   1:05.71 python
 303233 eunji     20   0   19.7g   6.1g 132540 R 100.0  19.5   1:20.65 python
 304493 eunji     20   0   10.2g 468380  14332 S   2.0   1.4   0:08.87 python
 304626 eunji     20   0   10.2g 468476  14460 S   2.0   1.4   0:07.98 python
 306854 eunji     20   0   10.2g 689952 235860 S   2.0   2.1   0:03.15 python
 307163 eunji     20   0   10.2g 689780 235804 S   2.0   2.1   0:03.21 python
 304736 eunji     20   0   10.2g 468168  14096 S   1.0   1.4   0:09.40 python
 304890 eunji     20   0   10.2g 468504  14496 S   1.0   1.4   0:10.27 python
 305584 eunji     20   0   10.2g 687636 233612 S   1.0   2.1   0:04.31 python
 307017 eunji     20   0   10.2g 689880 235808 S   1.0   2.1   0:03.15 python
 304472 eunji     20   0   14064   5532      4 S   0.0   0.0   0:00.11 python
 305474 eunji     20   0   14064   7400   1872 S   0.0   0.0   0:00.12 python
%Cpu: 11.8 us,  1.3 sy,  0.0 ni, 86.3 id,  0.5 wa,  0.0 hi,  0.0 si,  0.0 st 
 303233 eunji     20   0   19.7g   6.1g 132540 R 102.0  19.5   1:21.67 python
 303853 eunji     20   0   19.7g   6.3g 295416 R 102.0  20.1   1:06.73 python
 304736 eunji     20   0   10.2g 468168  14096 S   2.0   1.4   0:09.42 python
 304890 eunji     20   0   10.2g 468504  14496 S   2.0   1.4   0:10.29 python
 305584 eunji     20   0   10.2g 687636 233612 S   2.0   2.1   0:04.33 python
 306854 eunji     20   0   10.2g 689952 235860 S   2.0   2.1   0:03.17 python
 307017 eunji     20   0   10.2g 689880 235808 S   2.0   2.1   0:03.17 python
 304493 eunji     20   0   10.2g 468380  14332 S   1.0   1.4   0:08.88 python
 304626 eunji     20   0   10.2g 468476  14460 S   1.0   1.4   0:07.99 python
 307163 eunji     20   0   10.2g 689780 235804 S   1.0   2.1   0:03.22 python
 304472 eunji     20   0   14064   5532      4 S   0.0   0.0   0:00.11 python
 305474 eunji     20   0   14064   7400   1872 S   0.0   0.0   0:00.12 python
%Cpu: 11.9 us,  0.8 sy,  0.0 ni, 86.9 id,  0.3 wa,  0.0 hi,  0.0 si,  0.0 st 
 303233 eunji     20   0   19.7g   6.1g 132540 R 101.0  19.5   1:22.69 python
 303853 eunji     20   0   19.7g   6.3g 295416 R 100.0  20.1   1:07.74 python
 304493 eunji     20   0   10.2g 468380  14332 S   2.0   1.4   0:08.90 python
 304626 eunji     20   0   10.2g 468476  14460 S   2.0   1.4   0:08.01 python
 304736 eunji     20   0   10.2g 468168  14096 S   2.0   1.4   0:09.44 python
 305584 eunji     20   0   10.2g 687636 233612 S   2.0   2.1   0:04.35 python
 307017 eunji     20   0   10.2g 689880 235808 S   2.0   2.1   0:03.19 python
 307163 eunji     20   0   10.2g 689780 235804 S   2.0   2.1   0:03.24 python
 304890 eunji     20   0   10.2g 468504  14496 S   1.0   1.4   0:10.30 python
 306854 eunji     20   0   10.2g 689952 235860 R   1.0   2.1   0:03.18 python
 304472 eunji     20   0   14064   5532      4 S   0.0   0.0   0:00.11 python
 305474 eunji     20   0   14064   7400   1872 S   0.0   0.0   0:00.12 python
%Cpu: 12.8 us,  0.5 sy,  0.0 ni, 86.5 id,  0.2 wa,  0.0 hi,  0.0 si,  0.0 st 
 303233 eunji     20   0   19.7g   6.1g 132540 R 101.0  19.5   1:23.71 python
 303853 eunji     20   0   19.7g   6.3g 295416 R 101.0  20.1   1:08.76 python
 306854 eunji     20   0   10.2g 689952 235860 S   3.0   2.1   0:03.21 python
 304890 eunji     20   0   10.2g 468504  14496 S   2.0   1.4   0:10.32 python
 305584 eunji     20   0   10.2g 687636 233612 S   2.0   2.1   0:04.37 python
 307017 eunji     20   0   10.2g 689880 235808 S   2.0   2.1   0:03.21 python
 307163 eunji     20   0   10.2g 689780 235804 R   2.0   2.1   0:03.26 python
 304493 eunji     20   0   10.2g 468380  14332 S   1.0   1.4   0:08.91 python
 304626 eunji     20   0   10.2g 468476  14460 S   1.0   1.4   0:08.02 python
 304736 eunji     20   0   10.2g 468168  14096 S   1.0   1.4   0:09.45 python
 304472 eunji     20   0   14064   5532      4 S   0.0   0.0   0:00.11 python
 305474 eunji     20   0   14064   7400   1872 S   0.0   0.0   0:00.12 python
%Cpu: 15.6 us,  0.9 sy,  0.0 ni, 83.3 id,  0.1 wa,  0.0 hi,  0.0 si,  0.0 st 
 303853 eunji     20   0   19.7g   6.3g 295416 S 102.0  20.1   1:09.79 python
 303233 eunji     20   0   19.7g   6.1g 132540 R 101.0  19.5   1:24.73 python
 304493 eunji     20   0   10.2g 468380  14332 S   2.0   1.4   0:08.93 python
 304626 eunji     20   0   10.2g 468476  14460 S   2.0   1.4   0:08.04 python
 305584 eunji     20   0   10.2g 687636 233612 S   2.0   2.1   0:04.39 python
 306854 eunji     20   0   10.2g 689952 235860 S   2.0   2.1   0:03.23 python
 307017 eunji     20   0   10.2g 689880 235808 S   2.0   2.1   0:03.23 python
 307163 eunji     20   0   10.2g 689780 235804 S   2.0   2.1   0:03.28 python
 304736 eunji     20   0   10.2g 468168  14096 S   1.0   1.4   0:09.46 python
 304890 eunji     20   0   10.2g 468504  14496 S   1.0   1.4   0:10.33 python
 304472 eunji     20   0   14064   5532      4 S   0.0   0.0   0:00.11 python
 305474 eunji     20   0   14064   7400   1872 S   0.0   0.0   0:00.12 python
%Cpu: 14.9 us,  0.6 sy,  0.0 ni, 84.4 id,  0.0 wa,  0.0 hi,  0.0 si,  0.0 st 
 303233 eunji     20   0   19.7g   6.1g 132540 R 101.0  19.5   1:25.75 python
 303853 eunji     20   0   19.7g   6.3g 295416 R 101.0  20.1   1:10.81 python
 307163 eunji     20   0   10.2g 689780 235804 S   3.0   2.1   0:03.31 python
 304736 eunji     20   0   10.2g 468168  14096 S   2.0   1.4   0:09.48 python
 304890 eunji     20   0   10.2g 468504  14496 R   2.0   1.4   0:10.35 python
 305584 eunji     20   0   10.2g 687636 233612 S   2.0   2.1   0:04.41 python
 306854 eunji     20   0   10.2g 689952 235860 S   2.0   2.1   0:03.25 python
 307017 eunji     20   0   10.2g 689880 235808 S   2.0   2.1   0:03.25 python
 304493 eunji     20   0   10.2g 468380  14332 S   1.0   1.4   0:08.94 python
 304626 eunji     20   0   10.2g 468476  14460 S   1.0   1.4   0:08.05 python
 304472 eunji     20   0   14064   5532      4 S   0.0   0.0   0:00.11 python
 305474 eunji     20   0   14064   7400   1872 S   0.0   0.0   0:00.12 python
%Cpu: 16.8 us,  0.9 sy,  0.0 ni, 82.1 id,  0.1 wa,  0.0 hi,  0.0 si,  0.0 st 
 303233 eunji     20   0   19.7g   6.1g 132540 R 100.0  19.5   1:26.77 python
 303853 eunji     20   0   19.7g   6.3g 295416 R 100.0  20.1   1:11.83 python
 305584 eunji     20   0   10.2g 687668 233612 S   2.9   2.1   0:04.44 python
 304493 eunji     20   0   10.2g 468380  14332 S   2.0   1.4   0:08.96 python
 304626 eunji     20   0   10.2g 468476  14460 S   2.0   1.4   0:08.07 python
 304736 eunji     20   0   10.2g 468168  14096 S   2.0   1.4   0:09.50 python
 304890 eunji     20   0   10.2g 468504  14496 S   2.0   1.4   0:10.37 python
 306854 eunji     20   0   10.2g 689952 235860 S   2.0   2.1   0:03.27 python
 307017 eunji     20   0   10.2g 689880 235808 S   2.0   2.1   0:03.27 python
 307163 eunji     20   0   10.2g 689784 235804 S   2.0   2.1   0:03.33 python
 304472 eunji     20   0   14064   5532      4 S   0.0   0.0   0:00.11 python
 305474 eunji     20   0   14064   7400   1872 S   0.0   0.0   0:00.12 python
%Cpu: 13.7 us,  0.8 sy,  0.0 ni, 85.3 id,  0.1 wa,  0.0 hi,  0.0 si,  0.0 st 
 303233 eunji     20   0   19.7g   6.1g 132540 R 101.0  19.5   1:27.79 python
 303853 eunji     20   0   19.7g   6.3g 295416 R 101.0  20.1   1:12.85 python
 304493 eunji     20   0   10.2g 468380  14332 S   2.0   1.4   0:08.98 python
 304626 eunji     20   0   10.2g 468476  14460 S   2.0   1.4   0:08.09 python
 304736 eunji     20   0   10.2g 468168  14096 S   2.0   1.4   0:09.52 python
 305584 eunji     20   0   10.2g 687668 233612 S   2.0   2.1   0:04.46 python
 307163 eunji     20   0   10.2g 689804 235804 S   2.0   2.1   0:03.35 python
 304890 eunji     20   0   10.2g 468504  14496 S   1.0   1.4   0:10.38 python
 306854 eunji     20   0   10.2g 689952 235860 S   1.0   2.1   0:03.28 python
 307017 eunji     20   0   10.2g 689880 235808 S   1.0   2.1   0:03.28 python
 304472 eunji     20   0   14064   5532      4 S   0.0   0.0   0:00.11 python
 305474 eunji     20   0   14064   7400   1872 S   0.0   0.0   0:00.12 python
%Cpu: 13.6 us,  0.6 sy,  0.0 ni, 85.6 id,  0.2 wa,  0.0 hi,  0.0 si,  0.0 st 
 303233 eunji     20   0   19.7g   6.1g 132540 R 101.0  19.5   1:28.81 python
 303853 eunji     20   0   19.7g   6.3g 295416 R 101.0  20.1   1:13.87 python
 304493 eunji     20   0   10.2g 468380  14332 S   2.0   1.4   0:09.00 python
 304890 eunji     20   0   10.2g 468504  14496 S   2.0   1.4   0:10.40 python
 305584 eunji     20   0   10.2g 687668 233612 S   2.0   2.1   0:04.48 python
 306854 eunji     20   0   10.2g 689952 235860 S   2.0   2.1   0:03.30 python
 307017 eunji     20   0   10.2g 689880 235808 S   2.0   2.1   0:03.30 python
 304626 eunji     20   0   10.2g 468476  14460 S   1.0   1.4   0:08.10 python
 304736 eunji     20   0   10.2g 468168  14096 S   1.0   1.4   0:09.53 python
 307163 eunji     20   0   10.2g 689804 235804 S   1.0   2.1   0:03.36 python
 304472 eunji     20   0   14064   5532      4 S   0.0   0.0   0:00.11 python
 305474 eunji     20   0   14064   7400   1872 S   0.0   0.0   0:00.12 python
%Cpu: 13.3 us,  0.6 sy,  0.0 ni, 85.5 id,  0.6 wa,  0.0 hi,  0.0 si,  0.0 st 
 303233 eunji     20   0   19.7g   6.1g 132540 R 101.0  19.5   1:29.83 python
 303853 eunji     20   0   19.7g   6.3g 295416 R 101.0  20.1   1:14.89 python
 305584 eunji     20   0   10.2g 687668 233612 S   3.0   2.1   0:04.51 python
 306854 eunji     20   0   10.2g 689952 235860 S   3.0   2.1   0:03.33 python
 304626 eunji     20   0   10.2g 468476  14460 S   2.0   1.4   0:08.12 python
 304736 eunji     20   0   10.2g 468168  14096 S   2.0   1.4   0:09.55 python
 307017 eunji     20   0   10.2g 689880 235808 S   2.0   2.1   0:03.32 python
 307163 eunji     20   0   10.2g 689804 235804 S   2.0   2.1   0:03.38 python
 304493 eunji     20   0   10.2g 468380  14332 S   1.0   1.4   0:09.01 python
 304890 eunji     20   0   10.2g 468504  14496 S   1.0   1.4   0:10.41 python
 304472 eunji     20   0   14064   5532      4 S   0.0   0.0   0:00.11 python
 305474 eunji     20   0   14064   7400   1872 S   0.0   0.0   0:00.12 python
%Cpu: 11.8 us,  0.4 sy,  0.0 ni, 87.8 id,  0.0 wa,  0.0 hi,  0.0 si,  0.0 st 
 303233 eunji     20   0   19.7g   6.1g 132540 R 101.0  19.5   1:30.85 python
 303853 eunji     20   0   19.7g   6.3g 295416 R 101.0  20.1   1:15.91 python
 304626 eunji     20   0   10.2g 468476  14460 R   3.0   1.4   0:08.15 python
 307163 eunji     20   0   10.2g 689812 235804 S   3.0   2.1   0:03.41 python
 304493 eunji     20   0   10.2g 468380  14332 S   2.0   1.4   0:09.03 python
 304890 eunji     20   0   10.2g 468504  14496 S   2.0   1.4   0:10.43 python
 305584 eunji     20   0   10.2g 687668 233612 S   2.0   2.1   0:04.53 python
 307017 eunji     20   0   10.2g 689880 235808 S   2.0   2.1   0:03.34 python
 304736 eunji     20   0   10.2g 468168  14096 S   1.0   1.4   0:09.56 python
 306854 eunji     20   0   10.2g 689952 235860 S   1.0   2.1   0:03.34 python
 304472 eunji     20   0   14064   5532      4 S   0.0   0.0   0:00.11 python
 305474 eunji     20   0   14064   7400   1872 S   0.0   0.0   0:00.12 python
%Cpu: 12.0 us,  1.1 sy,  0.0 ni, 86.4 id,  0.4 wa,  0.0 hi,  0.0 si,  0.0 st 
 303233 eunji     20   0   19.7g   6.1g 132540 R 101.0  19.5   1:31.87 python
 303853 eunji     20   0   19.7g   6.3g 295416 R 101.0  20.1   1:16.93 python
 307017 eunji     20   0   10.2g 689880 235808 S   3.0   2.1   0:03.37 python
 304626 eunji     20   0   10.2g 468476  14460 S   2.0   1.4   0:08.17 python
 304736 eunji     20   0   10.2g 468168  14096 S   2.0   1.4   0:09.58 python
 304890 eunji     20   0   10.2g 468504  14496 S   2.0   1.4   0:10.45 python
 305584 eunji     20   0   10.2g 687668 233612 S   2.0   2.1   0:04.55 python
 306854 eunji     20   0   10.2g 689952 235860 S   2.0   2.1   0:03.36 python
 304493 eunji     20   0   10.2g 468380  14332 S   1.0   1.4   0:09.04 python
 307163 eunji     20   0   10.2g 689812 235804 S   1.0   2.1   0:03.42 python
 304472 eunji     20   0   14064   5532      4 S   0.0   0.0   0:00.11 python
 305474 eunji     20   0   14064   7400   1872 S   0.0   0.0   0:00.12 python
%Cpu: 11.4 us,  0.6 sy,  0.0 ni, 87.8 id,  0.1 wa,  0.0 hi,  0.0 si,  0.0 st 
 303233 eunji     20   0   19.7g   6.1g 132540 R 101.0  19.5   1:32.89 python
 303853 eunji     20   0   19.7g   6.3g 295416 R 101.0  20.1   1:17.95 python
 304736 eunji     20   0   10.2g 468168  14096 S   3.0   1.4   0:09.61 python
 304493 eunji     20   0   10.2g 468392  14332 S   2.0   1.4   0:09.06 python
 304626 eunji     20   0   10.2g 468476  14460 S   2.0   1.4   0:08.19 python
 307163 eunji     20   0   10.2g 689812 235804 S   2.0   2.1   0:03.44 python
 304890 eunji     20   0   10.2g 468504  14496 S   1.0   1.4   0:10.46 python
 305584 eunji     20   0   10.2g 687668 233612 S   1.0   2.1   0:04.56 python
 306854 eunji     20   0   10.2g 689952 235860 S   1.0   2.1   0:03.37 python
 307017 eunji     20   0   10.2g 689880 235808 S   1.0   2.1   0:03.38 python
 304472 eunji     20   0   14064   5532      4 S   0.0   0.0   0:00.11 python
 305474 eunji     20   0   14064   7400   1872 S   0.0   0.0   0:00.12 python
%Cpu: 11.1 us,  0.4 sy,  0.0 ni, 88.4 id,  0.0 wa,  0.0 hi,  0.0 si,  0.0 st 
 303233 eunji     20   0   19.7g   6.1g 132540 R 101.0  19.5   1:33.91 python
 303853 eunji     20   0   19.7g   6.3g 295416 R 100.0  20.1   1:18.96 python
 304493 eunji     20   0   10.2g 468392  14332 S   2.0   1.4   0:09.08 python
 304626 eunji     20   0   10.2g 468476  14460 R   2.0   1.4   0:08.21 python
 304890 eunji     20   0   10.2g 468504  14496 S   2.0   1.4   0:10.48 python
 305584 eunji     20   0   10.2g 687668 233612 S   2.0   2.1   0:04.58 python
 306854 eunji     20   0   10.2g 689952 235860 S   2.0   2.1   0:03.39 python
 304736 eunji     20   0   10.2g 468168  14096 S   1.0   1.4   0:09.62 python
 307017 eunji     20   0   10.2g 689880 235808 S   1.0   2.1   0:03.39 python
 307163 eunji     20   0   10.2g 689812 235804 S   1.0   2.1   0:03.45 python
 304472 eunji     20   0   14064   5532      4 S   0.0   0.0   0:00.11 python
 305474 eunji     20   0   14064   7400   1872 S   0.0   0.0   0:00.12 python
%Cpu: 15.2 us,  0.9 sy,  0.0 ni, 83.8 id,  0.2 wa,  0.0 hi,  0.0 si,  0.0 st 
 303853 eunji     20   0   19.7g   6.3g 295416 R 101.0  20.1   1:19.98 python
 303233 eunji     20   0   19.7g   6.1g 132540 R 100.0  19.5   1:34.92 python
 304626 eunji     20   0   10.2g 468476  14460 S   3.0   1.4   0:08.24 python
 304493 eunji     20   0   10.2g 468392  14332 S   2.0   1.4   0:09.10 python
 304736 eunji     20   0   10.2g 468168  14096 S   2.0   1.4   0:09.64 python
 304890 eunji     20   0   10.2g 468504  14496 S   2.0   1.4   0:10.50 python
 305584 eunji     20   0   10.2g 687752 233676 S   2.0   2.1   0:04.60 python
 307017 eunji     20   0   10.2g 689880 235808 S   2.0   2.1   0:03.41 python
 307163 eunji     20   0   10.2g 689816 235804 S   2.0   2.1   0:03.47 python
 306854 eunji     20   0   10.2g 689952 235860 S   1.0   2.1   0:03.40 python
 304472 eunji     20   0   14064   5532      4 S   0.0   0.0   0:00.11 python
 305474 eunji     20   0   14064   7400   1872 S   0.0   0.0   0:00.12 python
%Cpu: 11.2 us,  0.2 sy,  0.0 ni, 88.5 id,  0.0 wa,  0.0 hi,  0.0 si,  0.0 st 
 303233 eunji     20   0   19.7g   6.1g 132540 R 101.0  19.5   1:35.94 python
 303853 eunji     20   0   19.7g   6.3g 295416 R 101.0  20.1   1:21.00 python
 304493 eunji     20   0   10.2g 468392  14332 S   2.0   1.4   0:09.12 python
 304626 eunji     20   0   10.2g 468476  14460 S   2.0   1.4   0:08.26 python
 304736 eunji     20   0   10.2g 468168  14096 S   2.0   1.4   0:09.66 python
 304890 eunji     20   0   10.2g 468504  14496 S   2.0   1.4   0:10.52 python
 305584 eunji     20   0   10.2g 687752 233676 S   2.0   2.1   0:04.62 python
 307163 eunji     20   0   10.2g 689816 235804 S   2.0   2.1   0:03.49 python
 306854 eunji     20   0   10.2g 689952 235860 S   1.0   2.1   0:03.41 python
 307017 eunji     20   0   10.2g 689880 235808 S   1.0   2.1   0:03.42 python
 304472 eunji     20   0   14064   5532      4 S   0.0   0.0   0:00.11 python
 305474 eunji     20   0   14064   7400   1872 S   0.0   0.0   0:00.12 python
%Cpu: 11.3 us,  0.8 sy,  0.0 ni, 88.0 id,  0.0 wa,  0.0 hi,  0.0 si,  0.0 st 
 303233 eunji     20   0   19.7g   6.1g 132540 R 102.0  19.5   1:36.97 python
 303853 eunji     20   0   19.7g   6.3g 295416 R 101.0  20.1   1:22.02 python
 304626 eunji     20   0   10.2g 468484  14460 S   3.0   1.4   0:08.29 python
 304493 eunji     20   0   10.2g 468392  14332 S   2.0   1.4   0:09.14 python
 304736 eunji     20   0   10.2g 468168  14096 S   2.0   1.4   0:09.68 python
 304890 eunji     20   0   10.2g 468504  14496 S   2.0   1.4   0:10.54 python
 306854 eunji     20   0   10.2g 689952 235860 S   2.0   2.1   0:03.43 python
 307017 eunji     20   0   10.2g 689880 235808 S   2.0   2.1   0:03.44 python
 305584 eunji     20   0   10.2g 687752 233676 S   1.0   2.1   0:04.63 python
 307163 eunji     20   0   10.2g 689816 235804 S   1.0   2.1   0:03.50 python
 304472 eunji     20   0   14064   5532      4 S   0.0   0.0   0:00.11 python
 305474 eunji     20   0   14064   7400   1872 S   0.0   0.0   0:00.12 python
%Cpu: 12.4 us,  0.9 sy,  0.0 ni, 86.5 id,  0.1 wa,  0.0 hi,  0.0 si,  0.0 st 
 303853 eunji     20   0   19.7g   6.3g 295148 R 101.0  20.1   1:23.04 python
 303233 eunji     20   0   19.7g   6.1g 132540 R 100.0  19.5   1:37.98 python
 306854 eunji     20   0   10.2g 689952 235860 S   3.0   2.1   0:03.46 python
 304890 eunji     20   0   10.2g 468504  14496 S   2.0   1.4   0:10.56 python
 305584 eunji     20   0   10.2g 687752 233676 S   2.0   2.1   0:04.65 python
 307163 eunji     20   0   10.2g 689816 235804 S   2.0   2.1   0:03.52 python
 304493 eunji     20   0   10.2g 468392  14332 S   1.0   1.4   0:09.15 python
 304626 eunji     20   0   10.2g 468484  14460 S   1.0   1.4   0:08.30 python
 304736 eunji     20   0   10.2g 468168  14096 S   1.0   1.4   0:09.69 python
 307017 eunji     20   0   10.2g 689880 235808 S   1.0   2.1   0:03.45 python
 304472 eunji     20   0   14064   5532      4 S   0.0   0.0   0:00.11 python
 305474 eunji     20   0   14064   7400   1872 S   0.0   0.0   0:00.12 python
%Cpu: 17.3 us,  1.0 sy,  0.0 ni, 81.2 id,  0.4 wa,  0.0 hi,  0.0 si,  0.0 st 
 303233 eunji     20   0   19.7g   6.1g 132540 R 101.0  19.5   1:39.00 python
 303853 eunji     20   0   19.7g   6.3g 295148 R 101.0  20.1   1:24.06 python
 304493 eunji     20   0   10.2g 468392  14332 S   2.0   1.4   0:09.17 python
 304736 eunji     20   0   10.2g 468168  14096 S   2.0   1.4   0:09.71 python
 305584 eunji     20   0   10.2g 687752 233676 S   2.0   2.1   0:04.67 python
 307017 eunji     20   0   10.2g 689880 235808 S   2.0   2.1   0:03.47 python
 304626 eunji     20   0   10.2g 468484  14460 S   1.0   1.4   0:08.31 python
 304890 eunji     20   0   10.2g 468504  14496 S   1.0   1.4   0:10.57 python
 306854 eunji     20   0   10.2g 689952 235860 S   1.0   2.1   0:03.47 python
 307163 eunji     20   0   10.2g 689816 235804 S   1.0   2.1   0:03.53 python
 304472 eunji     20   0   14064   5532      4 S   0.0   0.0   0:00.11 python
 305474 eunji     20   0   14064   7400   1872 S   0.0   0.0   0:00.12 python
%Cpu: 14.9 us,  1.0 sy,  0.0 ni, 84.0 id,  0.0 wa,  0.0 hi,  0.0 si,  0.0 st 
 303233 eunji     20   0   19.7g   6.1g 132540 R 101.0  19.5   1:40.02 python
 303853 eunji     20   0   19.7g   6.3g 295148 R 101.0  20.1   1:25.08 python
 304493 eunji     20   0   10.2g 468392  14332 S   2.0   1.4   0:09.19 python
 304626 eunji     20   0   10.2g 468484  14460 S   2.0   1.4   0:08.33 python
 304736 eunji     20   0   10.2g 468168  14096 S   2.0   1.4   0:09.73 python
 304890 eunji     20   0   10.2g 468504  14496 S   2.0   1.4   0:10.59 python
 305584 eunji     20   0   10.2g 687760 233676 S   2.0   2.1   0:04.69 python
 307163 eunji     20   0   10.2g 689816 235804 S   2.0   2.1   0:03.55 python
 306854 eunji     20   0   10.2g 689952 235860 S   1.0   2.1   0:03.48 python
 307017 eunji     20   0   10.2g 689880 235808 S   1.0   2.1   0:03.48 python
 304472 eunji     20   0   14064   5532      4 S   0.0   0.0   0:00.11 python
 305474 eunji     20   0   14064   7400   1872 S   0.0   0.0   0:00.12 python
%Cpu: 26.5 us,  1.0 sy,  0.0 ni, 72.3 id,  0.1 wa,  0.0 hi,  0.0 si,  0.0 st 
 303233 eunji     20   0   19.7g   6.1g 132540 R 100.0  19.5   1:40.41 python
 303853 eunji     20   0   19.7g   6.3g 295148 R 100.0  20.1   1:25.47 python
 304626 eunji     20   0   10.2g 468484  14460 S   2.6   1.4   0:08.34 python
 304736 eunji     20   0   10.2g 468168  14096 S   2.6   1.4   0:09.74 python
 306854 eunji     20   0   10.2g 689952 235860 S   2.6   2.1   0:03.49 python
 304472 eunji     20   0   14064   5532      4 S   0.0   0.0   0:00.11 python
 304493 eunji     20   0   10.2g 468392  14332 S   0.0   1.4   0:09.19 python
 304890 eunji     20   0   10.2g 468504  14496 S   0.0   1.4   0:10.59 python
 305474 eunji     20   0   14064   7400   1872 S   0.0   0.0   0:00.12 python
 305584 eunji     20   0   10.2g 687760 233676 S   0.0   2.1   0:04.69 python
 307017 eunji     20   0   10.2g 689880 235808 S   0.0   2.1   0:03.48 python
 307163 eunji     20   0   10.2g 689816 235804 S   0.0   2.1   0:03.55 python
%Cpu: 12.7 us,  0.9 sy,  0.0 ni, 86.2 id,  0.2 wa,  0.0 hi,  0.0 si,  0.0 st 
 303233 eunji     20   0   19.7g   6.1g 132540 R 101.0  19.5   1:41.43 python
 303853 eunji     20   0   19.7g   6.3g 295148 R 101.0  20.1   1:26.49 python
 304493 eunji     20   0   10.2g 468392  14332 S   2.0   1.4   0:09.21 python
 304890 eunji     20   0   10.2g 468504  14496 S   2.0   1.4   0:10.61 python
 307017 eunji     20   0   10.2g 689880 235808 S   2.0   2.1   0:03.50 python
 307163 eunji     20   0   10.2g 689816 235804 S   2.0   2.1   0:03.57 python
 304626 eunji     20   0   10.2g 468484  14460 S   1.0   1.4   0:08.35 python
 304736 eunji     20   0   10.2g 468168  14096 S   1.0   1.4   0:09.75 python
 305584 eunji     20   0   10.2g 687760 233676 S   1.0   2.1   0:04.70 python
 306854 eunji     20   0   10.2g 689952 235860 S   1.0   2.1   0:03.50 python
 304472 eunji     20   0   14064   5532      4 S   0.0   0.0   0:00.11 python
 305474 eunji     20   0   14064   7400   1872 S   0.0   0.0   0:00.12 python
%Cpu: 12.8 us,  1.1 sy,  0.0 ni, 85.9 id,  0.1 wa,  0.0 hi,  0.0 si,  0.0 st 
 303233 eunji     20   0   19.7g   6.1g 132540 R 101.0  19.5   1:42.45 python
 303853 eunji     20   0   19.7g   6.3g 295148 R 101.0  20.1   1:27.51 python
 305584 eunji     20   0   10.2g 687760 233676 S   2.0   2.1   0:04.72 python
 307017 eunji     20   0   10.2g 689880 235808 S   2.0   2.1   0:03.52 python
 307163 eunji     20   0   10.2g 689816 235804 S   2.0   2.1   0:03.59 python
 304493 eunji     20   0   10.2g 468392  14332 S   1.0   1.4   0:09.22 python
 304626 eunji     20   0   10.2g 468484  14460 S   1.0   1.4   0:08.36 python
 304736 eunji     20   0   10.2g 468168  14096 S   1.0   1.4   0:09.76 python
 304890 eunji     20   0   10.2g 468504  14496 S   1.0   1.4   0:10.62 python
 306854 eunji     20   0   10.2g 689952 235860 S   1.0   2.1   0:03.51 python
 304472 eunji     20   0   14064   5532      4 S   0.0   0.0   0:00.11 python
 305474 eunji     20   0   14064   7400   1872 S   0.0   0.0   0:00.12 python
%Cpu: 12.5 us,  1.0 sy,  0.0 ni, 86.4 id,  0.0 wa,  0.0 hi,  0.0 si,  0.0 st 
 303233 eunji     20   0   19.7g   6.1g 132540 R 102.0  19.5   1:43.48 python
 303853 eunji     20   0   19.7g   6.3g 295120 R 101.0  20.1   1:28.53 python
 304493 eunji     20   0   10.2g 468392  14332 S   2.0   1.4   0:09.24 python
 304626 eunji     20   0   10.2g 468484  14460 S   2.0   1.4   0:08.38 python
 304736 eunji     20   0   10.2g 468168  14096 S   2.0   1.4   0:09.78 python
 304890 eunji     20   0   10.2g 468504  14496 S   2.0   1.4   0:10.64 python
 306854 eunji     20   0   10.2g 689952 235860 S   2.0   2.1   0:03.53 python
 307017 eunji     20   0   10.2g 689876 235804 S   2.0   2.1   0:03.54 python
 305584 eunji     20   0   10.2g 687760 233676 S   1.0   2.1   0:04.73 python
 307163 eunji     20   0   10.2g 689812 235800 S   1.0   2.1   0:03.60 python
 304472 eunji     20   0   14064   5532      4 S   0.0   0.0   0:00.11 python
 305474 eunji     20   0   14064   7400   1872 S   0.0   0.0   0:00.12 python
%Cpu: 12.0 us,  0.8 sy,  0.0 ni, 87.1 id,  0.1 wa,  0.0 hi,  0.0 si,  0.0 st 
 303853 eunji     20   0   19.7g   6.3g 295120 R 101.0  20.1   1:29.55 python
 303233 eunji     20   0   19.7g   6.1g 132540 R 100.0  19.5   1:44.49 python
 304493 eunji     20   0   10.2g 468392  14332 S   2.0   1.4   0:09.26 python
 304626 eunji     20   0   10.2g 468484  14460 S   2.0   1.4   0:08.40 python
 304736 eunji     20   0   10.2g 468168  14096 S   2.0   1.4   0:09.80 python
 305584 eunji     20   0   10.2g 687760 233676 S   2.0   2.1   0:04.75 python
 306854 eunji     20   0   10.2g 689952 235860 S   2.0   2.1   0:03.55 python
 307017 eunji     20   0   10.2g 689876 235804 S   2.0   2.1   0:03.56 python
 307163 eunji     20   0   10.2g 689812 235800 S   2.0   2.1   0:03.62 python
 304890 eunji     20   0   10.2g 468504  14496 S   1.0   1.4   0:10.65 python
 304472 eunji     20   0   14064   5532      4 S   0.0   0.0   0:00.11 python
 305474 eunji     20   0   14064   7400   1872 S   0.0   0.0   0:00.12 python
%Cpu: 11.6 us,  0.3 sy,  0.0 ni, 87.9 id,  0.1 wa,  0.0 hi,  0.0 si,  0.0 st 
 303233 eunji     20   0   19.7g   6.1g 132540 R 101.0  19.5   1:45.51 python
 303853 eunji     20   0   19.7g   6.3g 295120 R 101.0  20.1   1:30.57 python
 304890 eunji     20   0   10.2g 468504  14496 S   2.0   1.4   0:10.67 python
 304493 eunji     20   0   10.2g 468392  14332 S   1.0   1.4   0:09.27 python
 304626 eunji     20   0   10.2g 468484  14460 S   1.0   1.4   0:08.41 python
 304736 eunji     20   0   10.2g 468168  14096 S   1.0   1.4   0:09.81 python
 305584 eunji     20   0   10.2g 687760 233676 S   1.0   2.1   0:04.76 python
 306854 eunji     20   0   10.2g 689952 235860 S   1.0   2.1   0:03.56 python
 307017 eunji     20   0   10.2g 689876 235804 S   1.0   2.1   0:03.57 python
 307163 eunji     20   0   10.2g 689812 235800 S   1.0   2.1   0:03.63 python
 304472 eunji     20   0   14064   5532      4 S   0.0   0.0   0:00.11 python
 305474 eunji     20   0   14064   7400   1872 S   0.0   0.0   0:00.12 python
%Cpu: 15.1 us,  0.8 sy,  0.0 ni, 84.0 id,  0.0 wa,  0.0 hi,  0.0 si,  0.0 st 
 303233 eunji     20   0   19.7g   6.1g 132540 R 102.0  19.5   1:46.54 python
 303853 eunji     20   0   19.7g   6.3g 295120 R 101.0  20.1   1:31.59 python
 304736 eunji     20   0   10.2g 468168  14096 S   2.0   1.4   0:09.83 python
 305584 eunji     20   0   10.2g 687760 233676 S   2.0   2.1   0:04.78 python
 306854 eunji     20   0   10.2g 689952 235860 S   2.0   2.1   0:03.58 python
 307163 eunji     20   0   10.2g 689812 235800 S   2.0   2.1   0:03.65 python
 304493 eunji     20   0   10.2g 468392  14332 S   1.0   1.4   0:09.28 python
 304626 eunji     20   0   10.2g 468484  14460 S   1.0   1.4   0:08.42 python
 304890 eunji     20   0   10.2g 468504  14496 S   1.0   1.4   0:10.68 python
 307017 eunji     20   0   10.2g 689876 235804 S   1.0   2.1   0:03.58 python
 304472 eunji     20   0   14064   5532      4 S   0.0   0.0   0:00.11 python
 305474 eunji     20   0   14064   7400   1872 S   0.0   0.0   0:00.12 python
%Cpu: 23.6 us,  1.6 sy,  0.0 ni, 74.7 id,  0.0 wa,  0.0 hi,  0.1 si,  0.0 st 
 303853 eunji     20   0   19.7g   6.3g 295120 R 101.7  20.1   1:32.20 python
 303233 eunji     20   0   19.7g   6.1g 132540 R 100.0  19.5   1:47.14 python
 307017 eunji     20   0   10.2g 689876 235804 S   5.0   2.1   0:03.61 python
 304493 eunji     20   0   10.2g 468392  14332 S   1.7   1.4   0:09.29 python
 304626 eunji     20   0   10.2g 468484  14460 S   1.7   1.4   0:08.43 python
 304736 eunji     20   0   10.2g 468168  14096 S   1.7   1.4   0:09.84 python
 304890 eunji     20   0   10.2g 468504  14496 S   1.7   1.4   0:10.69 python
 305584 eunji     20   0   10.2g 687760 233676 S   1.7   2.1   0:04.79 python
 307163 eunji     20   0   10.2g 689772 235760 S   1.7   2.1   0:03.66 python
 304472 eunji     20   0   14064   5532      4 S   0.0   0.0   0:00.11 python
 305474 eunji     20   0   14064   7400   1872 S   0.0   0.0   0:00.12 python
 306854 eunji     20   0   10.2g 689952 235860 R   0.0   2.1   0:03.58 python
%Cpu: 16.5 us,  1.0 sy,  0.0 ni, 82.3 id,  0.1 wa,  0.0 hi,  0.0 si,  0.0 st 
 303233 eunji     20   0   19.7g   6.1g 132540 R 101.0  19.5   1:48.16 python
 303853 eunji     20   0   19.7g   6.3g 295120 R 101.0  20.1   1:33.22 python
 306854 eunji     20   0   10.2g 689952 235860 S   3.0   2.1   0:03.61 python
 304626 eunji     20   0   10.2g 468484  14460 S   2.0   1.4   0:08.45 python
 304736 eunji     20   0   10.2g 468168  14096 S   2.0   1.4   0:09.86 python
 304890 eunji     20   0   10.2g 468504  14496 S   2.0   1.4   0:10.71 python
 307017 eunji     20   0   10.2g 689876 235804 S   2.0   2.1   0:03.63 python
 304493 eunji     20   0   10.2g 468392  14332 S   1.0   1.4   0:09.30 python
 305584 eunji     20   0   10.2g 687760 233676 S   1.0   2.1   0:04.80 python
 307163 eunji     20   0   10.2g 689772 235760 S   1.0   2.1   0:03.67 python
 304472 eunji     20   0   14064   5532      4 S   0.0   0.0   0:00.11 python
 305474 eunji     20   0   14064   7400   1872 S   0.0   0.0   0:00.12 python
%Cpu: 13.3 us,  1.0 sy,  0.0 ni, 84.9 id,  0.8 wa,  0.0 hi,  0.0 si,  0.0 st 
 303233 eunji     20   0   19.7g   6.1g 132540 R 101.0  19.5   1:49.18 python
 303853 eunji     20   0   19.7g   6.3g 295120 R 101.0  20.1   1:34.24 python
 304493 eunji     20   0   10.2g 468392  14332 S   2.0   1.4   0:09.32 python
 304626 eunji     20   0   10.2g 468484  14460 S   2.0   1.4   0:08.47 python
 305584 eunji     20   0   10.2g 687760 233676 S   2.0   2.1   0:04.82 python
 304736 eunji     20   0   10.2g 468168  14096 S   1.0   1.4   0:09.87 python
 304890 eunji     20   0   10.2g 468504  14496 S   1.0   1.4   0:10.72 python
 306854 eunji     20   0   10.2g 689952 235860 S   1.0   2.1   0:03.62 python
 307017 eunji     20   0   10.2g 689876 235804 S   1.0   2.1   0:03.64 python
 307163 eunji     20   0   10.2g 689772 235760 S   1.0   2.1   0:03.68 python
 304472 eunji     20   0   14064   5532      4 S   0.0   0.0   0:00.11 python
 305474 eunji     20   0   14064   7400   1872 S   0.0   0.0   0:00.12 python
%Cpu: 14.3 us,  1.2 sy,  0.0 ni, 84.3 id,  0.1 wa,  0.0 hi,  0.0 si,  0.0 st 
 303233 eunji     20   0   19.7g   6.1g 132540 R 100.0  19.5   1:49.52 python
 303853 eunji     20   0   19.7g   6.3g 295120 R 100.0  20.1   1:34.58 python
 304493 eunji     20   0   10.2g 468392  14332 S   2.9   1.4   0:09.33 python
 304736 eunji     20   0   10.2g 468168  14096 S   2.9   1.4   0:09.88 python
 304890 eunji     20   0   10.2g 468504  14496 S   2.9   1.4   0:10.73 python
 305584 eunji     20   0   10.2g 687760 233676 S   2.9   2.1   0:04.83 python
 307163 eunji     20   0   10.2g 689772 235760 S   2.9   2.1   0:03.69 python
 304472 eunji     20   0   14064   5532      4 S   0.0   0.0   0:00.11 python
 304626 eunji     20   0   10.2g 468484  14460 S   0.0   1.4   0:08.47 python
 305474 eunji     20   0   14064   7400   1872 S   0.0   0.0   0:00.12 python
 306854 eunji     20   0   10.2g 689952 235860 S   0.0   2.1   0:03.62 python
 307017 eunji     20   0   10.2g 689876 235804 S   0.0   2.1   0:03.64 python
%Cpu: 16.1 us,  0.6 sy,  0.0 ni, 83.0 id,  0.3 wa,  0.0 hi,  0.0 si,  0.0 st 
 303233 eunji     20   0   19.7g   6.1g 132904 R 101.0  19.5   1:50.54 python
 303853 eunji     20   0   19.7g   6.3g 295120 R 101.0  20.1   1:35.60 python
 304736 eunji     20   0   10.2g 468168  14096 S   3.0   1.4   0:09.91 python
 306854 eunji     20   0   10.2g 689952 235860 S   3.0   2.1   0:03.65 python
 304493 eunji     20   0   10.2g 468392  14332 S   1.0   1.4   0:09.34 python
 304626 eunji     20   0   10.2g 468484  14460 S   1.0   1.4   0:08.48 python
 304890 eunji     20   0   10.2g 468504  14496 S   1.0   1.4   0:10.74 python
 305584 eunji     20   0   10.2g 687760 233676 S   1.0   2.1   0:04.84 python
 307017 eunji     20   0   10.2g 689876 235804 S   1.0   2.1   0:03.65 python
 307163 eunji     20   0   10.2g 689772 235760 S   1.0   2.1   0:03.70 python
 304472 eunji     20   0   14064   5532      4 S   0.0   0.0   0:00.11 python
 305474 eunji     20   0   14064   7400   1872 S   0.0   0.0   0:00.12 python
%Cpu: 11.9 us,  0.9 sy 0   19.7g   6.3g 295120 R 101.0  20.1   1:35.26 python
 304736 eunji     20   0   10.2g 468168  14096 S   3.0   1.4   0:09.90 python
 305584 eunji     20   0   10.2g 687760 233676 S   2.0   2.1   0:04.84 python
 307163 eunji     20   0   10.2g 689772 235760 S   2.0   2.1   0:03.70 python
 304493 eunji     20   0   10.2g 468392  14332 S   1.0   1.4   0:09.33 python
 304626 eunji     20   0   10.2g 468484  14460 S   1.0   1.4   0:08.48 python
 304890 eunji     20   0   10.2g 468504  14496 S   1.0   1.4   0:10.73 python
 306854 eunji     20   0   10.2g 689952 235860 S   1.0   2.1   0:03.63 python
 307017 eunji     20   0   10.2g 689876 235804 S   1.0   2.1   0:03.65 python
 304472 eunji     20   0   14064   5532      4 S   0.0   0.0   0:00.11 python
 305474 eunji     20   0   14064   7400   1872 S   0.0   0.0   0:00.12 python
%Cpu: 12.6 us,  0.7 sy,  0.0 ni, 86.2 id,  0.4 wa,  0.0 hi,  0.0 si,  0.0 st 
 303233 eunji     20   0   19.7g   6.1g 132904 R 101.0  19.5   1:51.22 python
 303853 eunji     20   0   19.7g   6.3g 295120 R 101.0  20.1   1:36.28 python
 306854 eunji     20   0   10.2g 689952 235860 S   3.0   2.1   0:03.66 python
 307017 eunji     20   0   10.2g 689876 235804 S   3.0   2.1   0:03.68 python
 304493 eunji     20   0   10.2g 468392  14332 S   2.0   1.4   0:09.35 python
 304736 eunji     20   0   10.2g 468168  14096 S   2.0   1.4   0:09.92 python
 304890 eunji     20   0   10.2g 468504  14496 S   2.0   1.4   0:10.75 python
 307163 eunji     20   0   10.2g 689772 235760 S   2.0   2.1   0:03.72 python
 304626 eunji     20   0   10.2g 468484  14460 S   1.0   1.4   0:08.49 python
 305584 eunji     20   0   10.2g 687760 233676 S   1.0   2.1   0:04.85 python
 304472 eunji     20   0   14064   5532      4 S   0.0   0.0   0:00.11 python
 305474 eunji     20   0   14064   7400   1872 S   0.0   0.0   0:00.12 python
%Cpu: 14.1 us,  2.6 sy,  0.0 ni, 82.9 id,  0.3 wa,  0.0 hi,  0.0 si,  0.0 st 
 303233 eunji     20   0   19.7g   6.1g 132904 R 101.0  19.5   1:52.24 python
 303853 eunji     20   0   19.7g   6.3g 295084 R 101.0  20.1   1:37.30 python
 304626 eunji     20   0   10.2g 468484  14460 S   2.0   1.4   0:08.51 python
 304736 eunji     20   0   10.2g 468168  14096 S   2.0   1.4   0:09.94 python
 305584 eunji     20   0   10.2g 687756 233672 S   2.0   2.1   0:04.87 python
 304493 eunji     20   0   10.2g 468392  14332 S   1.0   1.4   0:09.36 python
 304890 eunji     20   0   10.2g 468504  14496 S   1.0   1.4   0:10.76 python
 306854 eunji     20   0   10.2g 689952 235860 S   1.0   2.1   0:03.67 python
 307017 eunji     20   0   10.2g 689868 235796 S   1.0   2.1   0:03.69 python
 307163 eunji     20   0   10.2g 689772 235760 S   1.0   2.1   0:03.73 python
 304472 eunji     20   0   14064   5532      4 S   0.0   0.0   0:00.11 python
 305474 eunji     20   0   14064   7400   1872 S   0.0   0.0   0:00.12 python
%Cpu: 13.0 us,  0.8 sy,  0.0 ni, 86.0 id,  0.2 wa,  0.0 hi,  0.0 si,  0.0 st 
 303233 eunji     20   0   19.7g   6.1g 132904 R 101.0  19.5   1:53.26 python
 303853 eunji     20   0   19.7g   6.3g 295084 R 101.0  20.1   1:38.32 python
 304493 eunji     20   0   10.2g 468392  14332 S   2.0   1.4   0:09.38 python
 304626 eunji     20   0   10.2g 468484  14460 S   2.0   1.4   0:08.53 python
 304736 eunji     20   0   10.2g 468168  14096 S   2.0   1.4   0:09.96 python
 304890 eunji     20   0   10.2g 468504  14496 S   2.0   1.4   0:10.78 python
 305584 eunji     20   0   10.2g 687764 233672 S   2.0   2.1   0:04.89 python
 306854 eunji     20   0   10.2g 689952 235860 S   2.0   2.1   0:03.69 python
 307017 eunji     20   0   10.2g 689868 235796 S   2.0   2.1   0:03.71 python
 307163 eunji     20   0   10.2g 689772 235760 S   2.0   2.1   0:03.75 python
 304472 eunji     20   0   14064   5532      4 S   0.0   0.0   0:00.11 python
 305474 eunji     20   0   14064   7400   1872 S   0.0   0.0   0:00.12 python
%Cpu: 13.2 us,  0.7 sy,  0.0 ni, 85.9 id,  0.1 wa,  0.0 hi,  0.0 si,  0.0 st 
 303233 eunji     20   0   19.7g   6.1g 132884 R 101.0  19.5   1:54.28 python
 303853 eunji     20   0   19.7g   6.3g 293256 R 101.0  20.1  