2025-11-05 06:41:03,420 - protogcn - INFO - Environment info:
------------------------------------------------------------
sys.platform: linux
Python: 3.9.25 (main, Nov  3 2025, 22:33:05) [GCC 11.2.0]
CUDA available: True
GPU 0: NVIDIA GeForce RTX 3080
CUDA_HOME: None
GCC: 
PyTorch: 1.8.1+cu111
PyTorch compiling details: PyTorch built with:
  - GCC 7.3
  - C++ Version: 201402
  - Intel(R) Math Kernel Library Version 2020.0.0 Product Build 20191122 for Intel(R) 64 architecture applications
  - Intel(R) MKL-DNN v1.7.0 (Git Hash 7aed236906b1f7a05c0917e5257a1af05e9ff683)
  - OpenMP 201511 (a.k.a. OpenMP 4.5)
  - NNPACK is enabled
  - CPU capability usage: AVX2
  - CUDA Runtime 11.1
  - NVCC architecture flags: -gencode;arch=compute_37,code=sm_37;-gencode;arch=compute_50,code=sm_50;-gencode;arch=compute_60,code=sm_60;-gencode;arch=compute_70,code=sm_70;-gencode;arch=compute_75,code=sm_75;-gencode;arch=compute_80,code=sm_80;-gencode;arch=compute_86,code=sm_86
  - CuDNN 8.0.5
  - Magma 2.5.2
  - Build settings: BLAS_INFO=mkl, BUILD_TYPE=Release, CUDA_VERSION=11.1, CUDNN_VERSION=8.0.5, CXX_COMPILER=/opt/rh/devtoolset-7/root/usr/bin/c++, CXX_FLAGS= -Wno-deprecated -fvisibility-inlines-hidden -DUSE_PTHREADPOOL -fopenmp -DNDEBUG -DUSE_KINETO -DUSE_FBGEMM -DUSE_QNNPACK -DUSE_PYTORCH_QNNPACK -DUSE_XNNPACK -O2 -fPIC -Wno-narrowing -Wall -Wextra -Werror=return-type -Wno-missing-field-initializers -Wno-type-limits -Wno-array-bounds -Wno-unknown-pragmas -Wno-sign-compare -Wno-unused-parameter -Wno-unused-variable -Wno-unused-function -Wno-unused-result -Wno-unused-local-typedefs -Wno-strict-overflow -Wno-strict-aliasing -Wno-error=deprecated-declarations -Wno-stringop-overflow -Wno-psabi -Wno-error=pedantic -Wno-error=redundant-decls -Wno-error=old-style-cast -fdiagnostics-color=always -faligned-new -Wno-unused-but-set-variable -Wno-maybe-uninitialized -fno-math-errno -fno-trapping-math -Werror=format -Wno-stringop-overflow, LAPACK_INFO=mkl, PERF_WITH_AVX=1, PERF_WITH_AVX2=1, PERF_WITH_AVX512=1, TORCH_VERSION=1.8.1, USE_CUDA=ON, USE_CUDNN=ON, USE_EXCEPTION_PTR=1, USE_GFLAGS=OFF, USE_GLOG=OFF, USE_MKL=ON, USE_MKLDNN=ON, USE_MPI=OFF, USE_NCCL=ON, USE_NNPACK=ON, USE_OPENMP=ON, 

TorchVision: 0.9.1+cu111
OpenCV: 4.12.0
MMCV: 1.3.17
MMCV Compiler: n/a
MMCV CUDA Compiler: n/a
protogcn: 0.1.0+ddf7f27
------------------------------------------------------------

2025-11-05 06:41:03,631 - protogcn - INFO - Config: modality = 'j'
graph = 'nturgb+d'
work_dir = 'work_dirs/synthetic/gym_hrnet_e150_cl10_vl_es'
model = dict(
    type='RecognizerGCN',
    backbone=dict(
        type='ProtoGCN',
        num_prototype=400,
        tcn_ms_cfg=[(3, 1), (3, 2), (3, 3), (3, 4), ('max', 3), '1x1'],
        graph_cfg=dict(
            layout='nturgb+d',
            mode='random',
            num_filter=8,
            init_off=0.04,
            init_std=0.02)),
    cls_head=dict(
        type='SimpleHead',
        joint_cfg='nturgb+d',
        num_classes=60,
        in_channels=384,
        weight=0.2))
dataset_type = 'PoseDataset'
ann_file = 'data/per_camera/out/gym_hrnet.pkl'
train_pipeline = [
    dict(type='PreNormalize3D', align_spine=False),
    dict(type='RandomRot', theta=0.2),
    dict(type='GenSkeFeat', feats=['j']),
    dict(type='UniformSampleDecode', clip_len=10),
    dict(type='FormatGCNInput'),
    dict(type='Collect', keys=['keypoint', 'label'], meta_keys=[]),
    dict(type='ToTensor', keys=['keypoint'])
]
val_pipeline = [
    dict(type='PreNormalize3D', align_spine=False),
    dict(type='GenSkeFeat', feats=['j']),
    dict(type='UniformSampleDecode', clip_len=10, num_clips=1),
    dict(type='FormatGCNInput'),
    dict(type='Collect', keys=['keypoint', 'label'], meta_keys=[]),
    dict(type='ToTensor', keys=['keypoint'])
]
test_pipeline = [
    dict(type='PreNormalize3D', align_spine=False),
    dict(type='GenSkeFeat', feats=['j']),
    dict(type='UniformSampleDecode', clip_len=10, num_clips=10),
    dict(type='FormatGCNInput'),
    dict(type='Collect', keys=['keypoint', 'label'], meta_keys=[]),
    dict(type='ToTensor', keys=['keypoint'])
]
data = dict(
    videos_per_gpu=16,
    workers_per_gpu=4,
    test_dataloader=dict(videos_per_gpu=1),
    train=dict(
        type='PoseDataset',
        ann_file='data/per_camera/out/gym_hrnet.pkl',
        pipeline=[
            dict(type='PreNormalize3D', align_spine=False),
            dict(type='RandomRot', theta=0.2),
            dict(type='GenSkeFeat', feats=['j']),
            dict(type='UniformSampleDecode', clip_len=10),
            dict(type='FormatGCNInput'),
            dict(type='Collect', keys=['keypoint', 'label'], meta_keys=[]),
            dict(type='ToTensor', keys=['keypoint'])
        ],
        split='xsub_train'),
    val=dict(
        type='PoseDataset',
        ann_file='data/per_camera/out/gym_hrnet.pkl',
        pipeline=[
            dict(type='PreNormalize3D', align_spine=False),
            dict(type='GenSkeFeat', feats=['j']),
            dict(type='UniformSampleDecode', clip_len=10, num_clips=1),
            dict(type='FormatGCNInput'),
            dict(type='Collect', keys=['keypoint', 'label'], meta_keys=[]),
            dict(type='ToTensor', keys=['keypoint'])
        ],
        split='xsub_val'),
    test=dict(
        type='PoseDataset',
        ann_file='data/per_camera/out/gym_hrnet.pkl',
        pipeline=[
            dict(type='PreNormalize3D', align_spine=False),
            dict(type='GenSkeFeat', feats=['j']),
            dict(type='UniformSampleDecode', clip_len=10, num_clips=10),
            dict(type='FormatGCNInput'),
            dict(type='Collect', keys=['keypoint', 'label'], meta_keys=[]),
            dict(type='ToTensor', keys=['keypoint'])
        ],
        split='xsub_val'))
optimizer = dict(
    type='SGD', lr=0.025, momentum=0.9, weight_decay=0.0005, nesterov=True)
optimizer_config = dict(grad_clip=None)
lr_config = dict(policy='CosineAnnealing', min_lr=0, by_epoch=False)
total_epochs = 150
checkpoint_config = dict(interval=1)
evaluation = dict(interval=1, metrics=['top_k_accuracy'])
log_config = dict(interval=100, hooks=[dict(type='TextLoggerHook')])
dist_params = dict(backend='nccl')
gpu_ids = range(0, 1)

2025-11-05 06:41:03,632 - protogcn - INFO - Set random seed to 1261189093, deterministic: False
